
---
events:
  -
    kind: "message-v1"
    backtrace:
      - "C:/Program Files/CMake/share/cmake-4.0/Modules/CMakeDetermineSystem.cmake:205 (message)"
      - "CMakeLists.txt:3 (project)"
    message: |
      The system is: Windows - 10.0.19045 - AMD64
  -
    kind: "message-v1"
    backtrace:
      - "C:/Program Files/CMake/share/cmake-4.0/Modules/CMakeDetermineCompilerId.cmake:17 (message)"
      - "C:/Program Files/CMake/share/cmake-4.0/Modules/CMakeDetermineCompilerId.cmake:64 (__determine_compiler_id_test)"
      - "C:/Program Files/CMake/share/cmake-4.0/Modules/CMakeDetermineCCompiler.cmake:123 (CMAKE_DETERMINE_COMPILER_ID)"
      - "CMakeLists.txt:3 (project)"
    message: |
      Compiling the C compiler identification source file "CMakeCCompilerId.c" succeeded.
      Compiler: C:/Program Files/Microsoft Visual Studio/2022/Community/VC/Tools/MSVC/14.42.34433/bin/Hostx64/x64/cl.exe 
      Build flags: /nologo;/DWIN32;/D_WINDOWS;/utf-8;/MP
      Id flags:  
      
      The output was:
      0
      CMakeCCompilerId.c
      
      
      Compilation of the C compiler identification source "CMakeCCompilerId.c" produced "CMakeCCompilerId.exe"
      
      Compilation of the C compiler identification source "CMakeCCompilerId.c" produced "CMakeCCompilerId.obj"
      
      The C compiler identification is MSVC, found in:
        C:/Dev/nauka praktyczna/Wyciąganie info z .ssc/vcpkg_installed/x64-windows/vcpkg/blds/taglib/x64-windows-rel/CMakeFiles/4.0.0-rc5/CompilerIdC/CMakeCCompilerId.exe
      
  -
    kind: "message-v1"
    backtrace:
      - "C:/Program Files/CMake/share/cmake-4.0/Modules/CMakeDetermineCompilerId.cmake:1281 (message)"
      - "C:/Program Files/CMake/share/cmake-4.0/Modules/CMakeDetermineCompilerId.cmake:250 (CMAKE_DETERMINE_MSVC_SHOWINCLUDES_PREFIX)"
      - "C:/Program Files/CMake/share/cmake-4.0/Modules/CMakeDetermineCCompiler.cmake:123 (CMAKE_DETERMINE_COMPILER_ID)"
      - "CMakeLists.txt:3 (project)"
    message: |
      Detecting C compiler /showIncludes prefix:
        main.c
        Note: including file: C:\\Dev\\nauka praktyczna\\Wyciąganie info z .ssc\\vcpkg_installed\\x64-windows\\vcpkg\\blds\\taglib\\x64-windows-rel\\CMakeFiles\\ShowIncludes\\foo.h
        
      Found prefix "Note: including file: "
  -
    kind: "message-v1"
    backtrace:
      - "C:/Program Files/CMake/share/cmake-4.0/Modules/CMakeDetermineCompilerId.cmake:17 (message)"
      - "C:/Program Files/CMake/share/cmake-4.0/Modules/CMakeDetermineCompilerId.cmake:64 (__determine_compiler_id_test)"
      - "C:/Program Files/CMake/share/cmake-4.0/Modules/CMakeDetermineCXXCompiler.cmake:126 (CMAKE_DETERMINE_COMPILER_ID)"
      - "CMakeLists.txt:3 (project)"
    message: |
      Compiling the CXX compiler identification source file "CMakeCXXCompilerId.cpp" succeeded.
      Compiler: C:/Program Files/Microsoft Visual Studio/2022/Community/VC/Tools/MSVC/14.42.34433/bin/Hostx64/x64/cl.exe 
      Build flags: /nologo;/DWIN32;/D_WINDOWS;/utf-8;/GR;/EHsc;/MP
      Id flags:  
      
      The output was:
      0
      CMakeCXXCompilerId.cpp
      
      
      Compilation of the CXX compiler identification source "CMakeCXXCompilerId.cpp" produced "CMakeCXXCompilerId.exe"
      
      Compilation of the CXX compiler identification source "CMakeCXXCompilerId.cpp" produced "CMakeCXXCompilerId.obj"
      
      The CXX compiler identification is MSVC, found in:
        C:/Dev/nauka praktyczna/Wyciąganie info z .ssc/vcpkg_installed/x64-windows/vcpkg/blds/taglib/x64-windows-rel/CMakeFiles/4.0.0-rc5/CompilerIdCXX/CMakeCXXCompilerId.exe
      
  -
    kind: "message-v1"
    backtrace:
      - "C:/Program Files/CMake/share/cmake-4.0/Modules/CMakeDetermineCompilerId.cmake:1281 (message)"
      - "C:/Program Files/CMake/share/cmake-4.0/Modules/CMakeDetermineCompilerId.cmake:250 (CMAKE_DETERMINE_MSVC_SHOWINCLUDES_PREFIX)"
      - "C:/Program Files/CMake/share/cmake-4.0/Modules/CMakeDetermineCXXCompiler.cmake:126 (CMAKE_DETERMINE_COMPILER_ID)"
      - "CMakeLists.txt:3 (project)"
    message: |
      Detecting CXX compiler /showIncludes prefix:
        main.c
        Note: including file: C:\\Dev\\nauka praktyczna\\Wyciąganie info z .ssc\\vcpkg_installed\\x64-windows\\vcpkg\\blds\\taglib\\x64-windows-rel\\CMakeFiles\\ShowIncludes\\foo.h
        
      Found prefix "Note: including file: "
  -
    kind: "try_compile-v1"
    backtrace:
      - "C:/Program Files/CMake/share/cmake-4.0/Modules/CMakeDetermineCompilerABI.cmake:83 (try_compile)"
      - "C:/Program Files/CMake/share/cmake-4.0/Modules/CMakeTestCCompiler.cmake:26 (CMAKE_DETERMINE_COMPILER_ABI)"
      - "CMakeLists.txt:3 (project)"
    checks:
      - "Detecting C compiler ABI info"
    directories:
      source: "C:/Dev/nauka praktyczna/Wyci\u0105ganie info z .ssc/vcpkg_installed/x64-windows/vcpkg/blds/taglib/x64-windows-rel/CMakeFiles/CMakeScratch/TryCompile-uc4cfa"
      binary: "C:/Dev/nauka praktyczna/Wyci\u0105ganie info z .ssc/vcpkg_installed/x64-windows/vcpkg/blds/taglib/x64-windows-rel/CMakeFiles/CMakeScratch/TryCompile-uc4cfa"
    cmakeVariables:
      CMAKE_C_FLAGS: " /nologo /DWIN32 /D_WINDOWS /utf-8 /MP "
      CMAKE_EXE_LINKER_FLAGS: "/machine:x64"
      CMAKE_MSVC_DEBUG_INFORMATION_FORMAT: ""
      CMAKE_MSVC_RUNTIME_LIBRARY: "MultiThreaded$<$<CONFIG:Debug>:Debug>$<$<STREQUAL:dynamic,dynamic>:DLL>"
      VCPKG_CHAINLOAD_TOOLCHAIN_FILE: "C:/Program Files/Microsoft Visual Studio/2022/Community/VC/vcpkg/scripts/toolchains/windows.cmake"
      VCPKG_CRT_LINKAGE: "dynamic"
      VCPKG_CXX_FLAGS: ""
      VCPKG_CXX_FLAGS_DEBUG: ""
      VCPKG_CXX_FLAGS_RELEASE: ""
      VCPKG_C_FLAGS: ""
      VCPKG_C_FLAGS_DEBUG: ""
      VCPKG_C_FLAGS_RELEASE: ""
      VCPKG_INSTALLED_DIR: "C:/Dev/nauka praktyczna/Wyci\u0105ganie info z .ssc/vcpkg_installed/x64-windows"
      VCPKG_LINKER_FLAGS: ""
      VCPKG_LINKER_FLAGS_DEBUG: ""
      VCPKG_LINKER_FLAGS_RELEASE: ""
      VCPKG_PLATFORM_TOOLSET: "v143"
      VCPKG_PREFER_SYSTEM_LIBS: "OFF"
      VCPKG_SET_CHARSET_FLAG: "ON"
      VCPKG_TARGET_ARCHITECTURE: "x64"
      VCPKG_TARGET_TRIPLET: "x64-windows"
      Z_VCPKG_ROOT_DIR: "C:/Program Files/Microsoft Visual Studio/2022/Community/VC/vcpkg"
    buildResult:
      variable: "CMAKE_C_ABI_COMPILED"
      cached: true
      stdout: |
        Change Dir: 'C:/Dev/nauka praktyczna/Wyciąganie info z .ssc/vcpkg_installed/x64-windows/vcpkg/blds/taglib/x64-windows-rel/CMakeFiles/CMakeScratch/TryCompile-uc4cfa'
        
        Run Build Command(s): "C:/Program Files/Microsoft Visual Studio/2022/Community/Common7/IDE/CommonExtensions/Microsoft/CMake/Ninja/ninja.exe" -v cmTC_8efc9
        [1/2] C:\\PROGRA~1\\MIB055~1\\2022\\COMMUN~1\\VC\\Tools\\MSVC\\1442~1.344\\bin\\Hostx64\\x64\\cl.exe  /nologo   /nologo /DWIN32 /D_WINDOWS /utf-8 /MP   /D_DEBUG /MDd /Z7 /Ob0 /Od /RTC1 /showIncludes /FoCMakeFiles\\cmTC_8efc9.dir\\CMakeCCompilerABI.c.obj /FdCMakeFiles\\cmTC_8efc9.dir\\ /FS -c "C:\\Program Files\\CMake\\share\\cmake-4.0\\Modules\\CMakeCCompilerABI.c"
        [2/2] C:\\WINDOWS\\system32\\cmd.exe /C "cd . && "C:\\Program Files\\CMake\\bin\\cmake.exe" -E vs_link_exe --msvc-ver=1942 --intdir=CMakeFiles\\cmTC_8efc9.dir --rc=C:\\PROGRA~2\\WI3CF2~1\\10\\bin\\100226~1.0\\x64\\rc.exe --mt=C:\\PROGRA~2\\WI3CF2~1\\10\\bin\\100226~1.0\\x64\\mt.exe --manifests  -- C:\\PROGRA~1\\MIB055~1\\2022\\COMMUN~1\\VC\\Tools\\MSVC\\1442~1.344\\bin\\Hostx64\\x64\\link.exe /nologo CMakeFiles\\cmTC_8efc9.dir\\CMakeCCompilerABI.c.obj  /out:cmTC_8efc9.exe /implib:cmTC_8efc9.lib /pdb:cmTC_8efc9.pdb /version:0.0 /machine:x64 /nologo /debug /INCREMENTAL /subsystem:console  kernel32.lib user32.lib gdi32.lib winspool.lib shell32.lib ole32.lib oleaut32.lib uuid.lib comdlg32.lib advapi32.lib && cd ."
        
      exitCode: 0
  -
    kind: "message-v1"
    backtrace:
      - "C:/Program Files/CMake/share/cmake-4.0/Modules/CMakeDetermineCompilerABI.cmake:227 (message)"
      - "C:/Program Files/CMake/share/cmake-4.0/Modules/CMakeTestCCompiler.cmake:26 (CMAKE_DETERMINE_COMPILER_ABI)"
      - "CMakeLists.txt:3 (project)"
    message: |
      Parsed C implicit link information:
        link line regex: [^( *|.*[/\\])(ld[0-9]*(|\\.[a-rt-z][a-z]*|\\.s[a-np-z][a-z]*|\\.so[a-z]+)|link\\.exe|lld-link(\\.exe)?|CMAKE_LINK_STARTFILE-NOTFOUND|([^/\\]+-)?ld|collect2)[^/\\]*( |$)]
        linker tool regex: [^[ 	]*(->|")?[ 	]*(([^"]*[/\\])?(ld[0-9]*(|\\.[a-rt-z][a-z]*|\\.s[a-np-z][a-z]*|\\.so[a-z]+)|link\\.exe|lld-link(\\.exe)?))("|,| |$)]
        linker tool for 'C': C:/PROGRA~1/MIB055~1/2022/COMMUN~1/VC/Tools/MSVC/1442~1.344/bin/Hostx64/x64/link.exe
        implicit libs: []
        implicit objs: []
        implicit dirs: []
        implicit fwks: []
      
      
  -
    kind: "message-v1"
    backtrace:
      - "C:/Program Files/CMake/share/cmake-4.0/Modules/Internal/CMakeDetermineLinkerId.cmake:36 (message)"
      - "C:/Program Files/CMake/share/cmake-4.0/Modules/CMakeDetermineCompilerABI.cmake:264 (cmake_determine_linker_id)"
      - "C:/Program Files/CMake/share/cmake-4.0/Modules/CMakeTestCCompiler.cmake:26 (CMAKE_DETERMINE_COMPILER_ABI)"
      - "CMakeLists.txt:3 (project)"
    message: |
      Running the C compiler's linker: "C:/PROGRA~1/MIB055~1/2022/COMMUN~1/VC/Tools/MSVC/1442~1.344/bin/Hostx64/x64/link.exe" "-v"
      Microsoft (R) Incremental Linker Version 14.42.34435.0
      Copyright (C) Microsoft Corporation.  All rights reserved.
  -
    kind: "try_compile-v1"
    backtrace:
      - "C:/Program Files/CMake/share/cmake-4.0/Modules/CMakeDetermineCompilerABI.cmake:83 (try_compile)"
      - "C:/Program Files/CMake/share/cmake-4.0/Modules/CMakeTestCXXCompiler.cmake:26 (CMAKE_DETERMINE_COMPILER_ABI)"
      - "CMakeLists.txt:3 (project)"
    checks:
      - "Detecting CXX compiler ABI info"
    directories:
      source: "C:/Dev/nauka praktyczna/Wyci\u0105ganie info z .ssc/vcpkg_installed/x64-windows/vcpkg/blds/taglib/x64-windows-rel/CMakeFiles/CMakeScratch/TryCompile-h6sgzw"
      binary: "C:/Dev/nauka praktyczna/Wyci\u0105ganie info z .ssc/vcpkg_installed/x64-windows/vcpkg/blds/taglib/x64-windows-rel/CMakeFiles/CMakeScratch/TryCompile-h6sgzw"
    cmakeVariables:
      CMAKE_CXX_FLAGS: " /nologo /DWIN32 /D_WINDOWS /utf-8 /GR /EHsc /MP "
      CMAKE_CXX_SCAN_FOR_MODULES: "OFF"
      CMAKE_EXE_LINKER_FLAGS: "/machine:x64"
      CMAKE_MSVC_DEBUG_INFORMATION_FORMAT: ""
      CMAKE_MSVC_RUNTIME_LIBRARY: "MultiThreaded$<$<CONFIG:Debug>:Debug>$<$<STREQUAL:dynamic,dynamic>:DLL>"
      VCPKG_CHAINLOAD_TOOLCHAIN_FILE: "C:/Program Files/Microsoft Visual Studio/2022/Community/VC/vcpkg/scripts/toolchains/windows.cmake"
      VCPKG_CRT_LINKAGE: "dynamic"
      VCPKG_CXX_FLAGS: ""
      VCPKG_CXX_FLAGS_DEBUG: ""
      VCPKG_CXX_FLAGS_RELEASE: ""
      VCPKG_C_FLAGS: ""
      VCPKG_C_FLAGS_DEBUG: ""
      VCPKG_C_FLAGS_RELEASE: ""
      VCPKG_INSTALLED_DIR: "C:/Dev/nauka praktyczna/Wyci\u0105ganie info z .ssc/vcpkg_installed/x64-windows"
      VCPKG_LINKER_FLAGS: ""
      VCPKG_LINKER_FLAGS_DEBUG: ""
      VCPKG_LINKER_FLAGS_RELEASE: ""
      VCPKG_PLATFORM_TOOLSET: "v143"
      VCPKG_PREFER_SYSTEM_LIBS: "OFF"
      VCPKG_SET_CHARSET_FLAG: "ON"
      VCPKG_TARGET_ARCHITECTURE: "x64"
      VCPKG_TARGET_TRIPLET: "x64-windows"
      Z_VCPKG_ROOT_DIR: "C:/Program Files/Microsoft Visual Studio/2022/Community/VC/vcpkg"
    buildResult:
      variable: "CMAKE_CXX_ABI_COMPILED"
      cached: true
      stdout: |
        Change Dir: 'C:/Dev/nauka praktyczna/Wyciąganie info z .ssc/vcpkg_installed/x64-windows/vcpkg/blds/taglib/x64-windows-rel/CMakeFiles/CMakeScratch/TryCompile-h6sgzw'
        
        Run Build Command(s): "C:/Program Files/Microsoft Visual Studio/2022/Community/Common7/IDE/CommonExtensions/Microsoft/CMake/Ninja/ninja.exe" -v cmTC_90789
        [1/2] C:\\PROGRA~1\\MIB055~1\\2022\\COMMUN~1\\VC\\Tools\\MSVC\\1442~1.344\\bin\\Hostx64\\x64\\cl.exe  /nologo /TP   /nologo /DWIN32 /D_WINDOWS /utf-8 /GR /EHsc /MP   /D_DEBUG /MDd /Z7 /Ob0 /Od /RTC1 /showIncludes /FoCMakeFiles\\cmTC_90789.dir\\CMakeCXXCompilerABI.cpp.obj /FdCMakeFiles\\cmTC_90789.dir\\ /FS -c "C:\\Program Files\\CMake\\share\\cmake-4.0\\Modules\\CMakeCXXCompilerABI.cpp"
        [2/2] C:\\WINDOWS\\system32\\cmd.exe /C "cd . && "C:\\Program Files\\CMake\\bin\\cmake.exe" -E vs_link_exe --msvc-ver=1942 --intdir=CMakeFiles\\cmTC_90789.dir --rc=C:\\PROGRA~2\\WI3CF2~1\\10\\bin\\100226~1.0\\x64\\rc.exe --mt=C:\\PROGRA~2\\WI3CF2~1\\10\\bin\\100226~1.0\\x64\\mt.exe --manifests  -- C:\\PROGRA~1\\MIB055~1\\2022\\COMMUN~1\\VC\\Tools\\MSVC\\1442~1.344\\bin\\Hostx64\\x64\\link.exe /nologo CMakeFiles\\cmTC_90789.dir\\CMakeCXXCompilerABI.cpp.obj  /out:cmTC_90789.exe /implib:cmTC_90789.lib /pdb:cmTC_90789.pdb /version:0.0 /machine:x64 /nologo /debug /INCREMENTAL /subsystem:console  kernel32.lib user32.lib gdi32.lib winspool.lib shell32.lib ole32.lib oleaut32.lib uuid.lib comdlg32.lib advapi32.lib && cd ."
        
      exitCode: 0
  -
    kind: "message-v1"
    backtrace:
      - "C:/Program Files/CMake/share/cmake-4.0/Modules/CMakeDetermineCompilerABI.cmake:227 (message)"
      - "C:/Program Files/CMake/share/cmake-4.0/Modules/CMakeTestCXXCompiler.cmake:26 (CMAKE_DETERMINE_COMPILER_ABI)"
      - "CMakeLists.txt:3 (project)"
    message: |
      Parsed CXX implicit link information:
        link line regex: [^( *|.*[/\\])(ld[0-9]*(|\\.[a-rt-z][a-z]*|\\.s[a-np-z][a-z]*|\\.so[a-z]+)|link\\.exe|lld-link(\\.exe)?|CMAKE_LINK_STARTFILE-NOTFOUND|([^/\\]+-)?ld|collect2)[^/\\]*( |$)]
        linker tool regex: [^[ 	]*(->|")?[ 	]*(([^"]*[/\\])?(ld[0-9]*(|\\.[a-rt-z][a-z]*|\\.s[a-np-z][a-z]*|\\.so[a-z]+)|link\\.exe|lld-link(\\.exe)?))("|,| |$)]
        linker tool for 'CXX': C:/PROGRA~1/MIB055~1/2022/COMMUN~1/VC/Tools/MSVC/1442~1.344/bin/Hostx64/x64/link.exe
        implicit libs: []
        implicit objs: []
        implicit dirs: []
        implicit fwks: []
      
      
  -
    kind: "message-v1"
    backtrace:
      - "C:/Program Files/CMake/share/cmake-4.0/Modules/Internal/CMakeDetermineLinkerId.cmake:36 (message)"
      - "C:/Program Files/CMake/share/cmake-4.0/Modules/CMakeDetermineCompilerABI.cmake:264 (cmake_determine_linker_id)"
      - "C:/Program Files/CMake/share/cmake-4.0/Modules/CMakeTestCXXCompiler.cmake:26 (CMAKE_DETERMINE_COMPILER_ABI)"
      - "CMakeLists.txt:3 (project)"
    message: |
      Running the CXX compiler's linker: "C:/PROGRA~1/MIB055~1/2022/COMMUN~1/VC/Tools/MSVC/1442~1.344/bin/Hostx64/x64/link.exe" "-v"
      Microsoft (R) Incremental Linker Version 14.42.34435.0
      Copyright (C) Microsoft Corporation.  All rights reserved.
  -
    kind: "try_compile-v1"
    backtrace:
      - "C:/Program Files/CMake/share/cmake-4.0/Modules/CheckIncludeFile.cmake:99 (try_compile)"
      - "C:/Program Files/CMake/share/cmake-4.0/Modules/CheckTypeSize.cmake:318 (check_include_file)"
      - "ConfigureChecks.cmake:7 (check_type_size)"
      - "CMakeLists.txt:98 (include)"
    checks:
      - "Looking for sys/types.h"
    directories:
      source: "C:/Dev/nauka praktyczna/Wyci\u0105ganie info z .ssc/vcpkg_installed/x64-windows/vcpkg/blds/taglib/x64-windows-rel/CMakeFiles/CMakeScratch/TryCompile-zxke5p"
      binary: "C:/Dev/nauka praktyczna/Wyci\u0105ganie info z .ssc/vcpkg_installed/x64-windows/vcpkg/blds/taglib/x64-windows-rel/CMakeFiles/CMakeScratch/TryCompile-zxke5p"
    cmakeVariables:
      CMAKE_C_FLAGS: " /nologo /DWIN32 /D_WINDOWS /utf-8 /MP "
      CMAKE_EXE_LINKER_FLAGS: "/machine:x64"
      CMAKE_MODULE_PATH: "C:/Dev/nauka praktyczna/Wyci\u0105ganie info z .ssc/vcpkg_installed/x64-windows/vcpkg/blds/taglib/src/v2.0-2fb6cacda4.clean/cmake/modules"
      CMAKE_MSVC_DEBUG_INFORMATION_FORMAT: ""
      CMAKE_MSVC_RUNTIME_LIBRARY: "MultiThreaded$<$<CONFIG:Debug>:Debug>$<$<STREQUAL:dynamic,dynamic>:DLL>"
      VCPKG_CHAINLOAD_TOOLCHAIN_FILE: "C:/Program Files/Microsoft Visual Studio/2022/Community/VC/vcpkg/scripts/toolchains/windows.cmake"
      VCPKG_CRT_LINKAGE: "dynamic"
      VCPKG_CXX_FLAGS: ""
      VCPKG_CXX_FLAGS_DEBUG: ""
      VCPKG_CXX_FLAGS_RELEASE: ""
      VCPKG_C_FLAGS: ""
      VCPKG_C_FLAGS_DEBUG: ""
      VCPKG_C_FLAGS_RELEASE: ""
      VCPKG_INSTALLED_DIR: "C:/Dev/nauka praktyczna/Wyci\u0105ganie info z .ssc/vcpkg_installed/x64-windows"
      VCPKG_LINKER_FLAGS: ""
      VCPKG_LINKER_FLAGS_DEBUG: ""
      VCPKG_LINKER_FLAGS_RELEASE: ""
      VCPKG_PLATFORM_TOOLSET: "v143"
      VCPKG_PREFER_SYSTEM_LIBS: "OFF"
      VCPKG_SET_CHARSET_FLAG: "ON"
      VCPKG_TARGET_ARCHITECTURE: "x64"
      VCPKG_TARGET_TRIPLET: "x64-windows"
      Z_VCPKG_ROOT_DIR: "C:/Program Files/Microsoft Visual Studio/2022/Community/VC/vcpkg"
    buildResult:
      variable: "HAVE_SYS_TYPES_H"
      cached: true
      stdout: |
        Change Dir: 'C:/Dev/nauka praktyczna/Wyciąganie info z .ssc/vcpkg_installed/x64-windows/vcpkg/blds/taglib/x64-windows-rel/CMakeFiles/CMakeScratch/TryCompile-zxke5p'
        
        Run Build Command(s): "C:/Program Files/Microsoft Visual Studio/2022/Community/Common7/IDE/CommonExtensions/Microsoft/CMake/Ninja/ninja.exe" -v cmTC_868f1
        [1/2] C:\\PROGRA~1\\MIB055~1\\2022\\COMMUN~1\\VC\\Tools\\MSVC\\1442~1.344\\bin\\Hostx64\\x64\\cl.exe  /nologo   /nologo /DWIN32 /D_WINDOWS /utf-8 /MP   /D_DEBUG /MDd /Z7 /Ob0 /Od /RTC1 /showIncludes /FoCMakeFiles\\cmTC_868f1.dir\\CheckIncludeFile.c.obj /FdCMakeFiles\\cmTC_868f1.dir\\ /FS -c "C:\\Dev\\nauka praktyczna\\Wyciąganie info z .ssc\\vcpkg_installed\\x64-windows\\vcpkg\\blds\\taglib\\x64-windows-rel\\CMakeFiles\\CMakeScratch\\TryCompile-zxke5p\\CheckIncludeFile.c"
        [2/2] C:\\WINDOWS\\system32\\cmd.exe /C "cd . && "C:\\Program Files\\CMake\\bin\\cmake.exe" -E vs_link_exe --msvc-ver=1942 --intdir=CMakeFiles\\cmTC_868f1.dir --rc=C:\\PROGRA~2\\WI3CF2~1\\10\\bin\\100226~1.0\\x64\\rc.exe --mt=C:\\PROGRA~2\\WI3CF2~1\\10\\bin\\100226~1.0\\x64\\mt.exe --manifests  -- C:\\PROGRA~1\\MIB055~1\\2022\\COMMUN~1\\VC\\Tools\\MSVC\\1442~1.344\\bin\\Hostx64\\x64\\link.exe /nologo CMakeFiles\\cmTC_868f1.dir\\CheckIncludeFile.c.obj  /out:cmTC_868f1.exe /implib:cmTC_868f1.lib /pdb:cmTC_868f1.pdb /version:0.0 /machine:x64 /nologo /debug /INCREMENTAL /subsystem:console  kernel32.lib user32.lib gdi32.lib winspool.lib shell32.lib ole32.lib oleaut32.lib uuid.lib comdlg32.lib advapi32.lib && cd ."
        
      exitCode: 0
  -
    kind: "try_compile-v1"
    backtrace:
      - "C:/Program Files/CMake/share/cmake-4.0/Modules/CheckIncludeFile.cmake:99 (try_compile)"
      - "C:/Program Files/CMake/share/cmake-4.0/Modules/CheckTypeSize.cmake:319 (check_include_file)"
      - "ConfigureChecks.cmake:7 (check_type_size)"
      - "CMakeLists.txt:98 (include)"
    checks:
      - "Looking for stdint.h"
    directories:
      source: "C:/Dev/nauka praktyczna/Wyci\u0105ganie info z .ssc/vcpkg_installed/x64-windows/vcpkg/blds/taglib/x64-windows-rel/CMakeFiles/CMakeScratch/TryCompile-i25xss"
      binary: "C:/Dev/nauka praktyczna/Wyci\u0105ganie info z .ssc/vcpkg_installed/x64-windows/vcpkg/blds/taglib/x64-windows-rel/CMakeFiles/CMakeScratch/TryCompile-i25xss"
    cmakeVariables:
      CMAKE_C_FLAGS: " /nologo /DWIN32 /D_WINDOWS /utf-8 /MP "
      CMAKE_EXE_LINKER_FLAGS: "/machine:x64"
      CMAKE_MODULE_PATH: "C:/Dev/nauka praktyczna/Wyci\u0105ganie info z .ssc/vcpkg_installed/x64-windows/vcpkg/blds/taglib/src/v2.0-2fb6cacda4.clean/cmake/modules"
      CMAKE_MSVC_DEBUG_INFORMATION_FORMAT: ""
      CMAKE_MSVC_RUNTIME_LIBRARY: "MultiThreaded$<$<CONFIG:Debug>:Debug>$<$<STREQUAL:dynamic,dynamic>:DLL>"
      VCPKG_CHAINLOAD_TOOLCHAIN_FILE: "C:/Program Files/Microsoft Visual Studio/2022/Community/VC/vcpkg/scripts/toolchains/windows.cmake"
      VCPKG_CRT_LINKAGE: "dynamic"
      VCPKG_CXX_FLAGS: ""
      VCPKG_CXX_FLAGS_DEBUG: ""
      VCPKG_CXX_FLAGS_RELEASE: ""
      VCPKG_C_FLAGS: ""
      VCPKG_C_FLAGS_DEBUG: ""
      VCPKG_C_FLAGS_RELEASE: ""
      VCPKG_INSTALLED_DIR: "C:/Dev/nauka praktyczna/Wyci\u0105ganie info z .ssc/vcpkg_installed/x64-windows"
      VCPKG_LINKER_FLAGS: ""
      VCPKG_LINKER_FLAGS_DEBUG: ""
      VCPKG_LINKER_FLAGS_RELEASE: ""
      VCPKG_PLATFORM_TOOLSET: "v143"
      VCPKG_PREFER_SYSTEM_LIBS: "OFF"
      VCPKG_SET_CHARSET_FLAG: "ON"
      VCPKG_TARGET_ARCHITECTURE: "x64"
      VCPKG_TARGET_TRIPLET: "x64-windows"
      Z_VCPKG_ROOT_DIR: "C:/Program Files/Microsoft Visual Studio/2022/Community/VC/vcpkg"
    buildResult:
      variable: "HAVE_STDINT_H"
      cached: true
      stdout: |
        Change Dir: 'C:/Dev/nauka praktyczna/Wyciąganie info z .ssc/vcpkg_installed/x64-windows/vcpkg/blds/taglib/x64-windows-rel/CMakeFiles/CMakeScratch/TryCompile-i25xss'
        
        Run Build Command(s): "C:/Program Files/Microsoft Visual Studio/2022/Community/Common7/IDE/CommonExtensions/Microsoft/CMake/Ninja/ninja.exe" -v cmTC_b8c82
        [1/2] C:\\PROGRA~1\\MIB055~1\\2022\\COMMUN~1\\VC\\Tools\\MSVC\\1442~1.344\\bin\\Hostx64\\x64\\cl.exe  /nologo   /nologo /DWIN32 /D_WINDOWS /utf-8 /MP   /D_DEBUG /MDd /Z7 /Ob0 /Od /RTC1 /showIncludes /FoCMakeFiles\\cmTC_b8c82.dir\\CheckIncludeFile.c.obj /FdCMakeFiles\\cmTC_b8c82.dir\\ /FS -c "C:\\Dev\\nauka praktyczna\\Wyciąganie info z .ssc\\vcpkg_installed\\x64-windows\\vcpkg\\blds\\taglib\\x64-windows-rel\\CMakeFiles\\CMakeScratch\\TryCompile-i25xss\\CheckIncludeFile.c"
        [2/2] C:\\WINDOWS\\system32\\cmd.exe /C "cd . && "C:\\Program Files\\CMake\\bin\\cmake.exe" -E vs_link_exe --msvc-ver=1942 --intdir=CMakeFiles\\cmTC_b8c82.dir --rc=C:\\PROGRA~2\\WI3CF2~1\\10\\bin\\100226~1.0\\x64\\rc.exe --mt=C:\\PROGRA~2\\WI3CF2~1\\10\\bin\\100226~1.0\\x64\\mt.exe --manifests  -- C:\\PROGRA~1\\MIB055~1\\2022\\COMMUN~1\\VC\\Tools\\MSVC\\1442~1.344\\bin\\Hostx64\\x64\\link.exe /nologo CMakeFiles\\cmTC_b8c82.dir\\CheckIncludeFile.c.obj  /out:cmTC_b8c82.exe /implib:cmTC_b8c82.lib /pdb:cmTC_b8c82.pdb /version:0.0 /machine:x64 /nologo /debug /INCREMENTAL /subsystem:console  kernel32.lib user32.lib gdi32.lib winspool.lib shell32.lib ole32.lib oleaut32.lib uuid.lib comdlg32.lib advapi32.lib && cd ."
        
      exitCode: 0
  -
    kind: "try_compile-v1"
    backtrace:
      - "C:/Program Files/CMake/share/cmake-4.0/Modules/CheckIncludeFile.cmake:99 (try_compile)"
      - "C:/Program Files/CMake/share/cmake-4.0/Modules/CheckTypeSize.cmake:320 (check_include_file)"
      - "ConfigureChecks.cmake:7 (check_type_size)"
      - "CMakeLists.txt:98 (include)"
    checks:
      - "Looking for stddef.h"
    directories:
      source: "C:/Dev/nauka praktyczna/Wyci\u0105ganie info z .ssc/vcpkg_installed/x64-windows/vcpkg/blds/taglib/x64-windows-rel/CMakeFiles/CMakeScratch/TryCompile-fcpn61"
      binary: "C:/Dev/nauka praktyczna/Wyci\u0105ganie info z .ssc/vcpkg_installed/x64-windows/vcpkg/blds/taglib/x64-windows-rel/CMakeFiles/CMakeScratch/TryCompile-fcpn61"
    cmakeVariables:
      CMAKE_C_FLAGS: " /nologo /DWIN32 /D_WINDOWS /utf-8 /MP "
      CMAKE_EXE_LINKER_FLAGS: "/machine:x64"
      CMAKE_MODULE_PATH: "C:/Dev/nauka praktyczna/Wyci\u0105ganie info z .ssc/vcpkg_installed/x64-windows/vcpkg/blds/taglib/src/v2.0-2fb6cacda4.clean/cmake/modules"
      CMAKE_MSVC_DEBUG_INFORMATION_FORMAT: ""
      CMAKE_MSVC_RUNTIME_LIBRARY: "MultiThreaded$<$<CONFIG:Debug>:Debug>$<$<STREQUAL:dynamic,dynamic>:DLL>"
      VCPKG_CHAINLOAD_TOOLCHAIN_FILE: "C:/Program Files/Microsoft Visual Studio/2022/Community/VC/vcpkg/scripts/toolchains/windows.cmake"
      VCPKG_CRT_LINKAGE: "dynamic"
      VCPKG_CXX_FLAGS: ""
      VCPKG_CXX_FLAGS_DEBUG: ""
      VCPKG_CXX_FLAGS_RELEASE: ""
      VCPKG_C_FLAGS: ""
      VCPKG_C_FLAGS_DEBUG: ""
      VCPKG_C_FLAGS_RELEASE: ""
      VCPKG_INSTALLED_DIR: "C:/Dev/nauka praktyczna/Wyci\u0105ganie info z .ssc/vcpkg_installed/x64-windows"
      VCPKG_LINKER_FLAGS: ""
      VCPKG_LINKER_FLAGS_DEBUG: ""
      VCPKG_LINKER_FLAGS_RELEASE: ""
      VCPKG_PLATFORM_TOOLSET: "v143"
      VCPKG_PREFER_SYSTEM_LIBS: "OFF"
      VCPKG_SET_CHARSET_FLAG: "ON"
      VCPKG_TARGET_ARCHITECTURE: "x64"
      VCPKG_TARGET_TRIPLET: "x64-windows"
      Z_VCPKG_ROOT_DIR: "C:/Program Files/Microsoft Visual Studio/2022/Community/VC/vcpkg"
    buildResult:
      variable: "HAVE_STDDEF_H"
      cached: true
      stdout: |
        Change Dir: 'C:/Dev/nauka praktyczna/Wyciąganie info z .ssc/vcpkg_installed/x64-windows/vcpkg/blds/taglib/x64-windows-rel/CMakeFiles/CMakeScratch/TryCompile-fcpn61'
        
        Run Build Command(s): "C:/Program Files/Microsoft Visual Studio/2022/Community/Common7/IDE/CommonExtensions/Microsoft/CMake/Ninja/ninja.exe" -v cmTC_faf1e
        [1/2] C:\\PROGRA~1\\MIB055~1\\2022\\COMMUN~1\\VC\\Tools\\MSVC\\1442~1.344\\bin\\Hostx64\\x64\\cl.exe  /nologo   /nologo /DWIN32 /D_WINDOWS /utf-8 /MP   /D_DEBUG /MDd /Z7 /Ob0 /Od /RTC1 /showIncludes /FoCMakeFiles\\cmTC_faf1e.dir\\CheckIncludeFile.c.obj /FdCMakeFiles\\cmTC_faf1e.dir\\ /FS -c "C:\\Dev\\nauka praktyczna\\Wyciąganie info z .ssc\\vcpkg_installed\\x64-windows\\vcpkg\\blds\\taglib\\x64-windows-rel\\CMakeFiles\\CMakeScratch\\TryCompile-fcpn61\\CheckIncludeFile.c"
        [2/2] C:\\WINDOWS\\system32\\cmd.exe /C "cd . && "C:\\Program Files\\CMake\\bin\\cmake.exe" -E vs_link_exe --msvc-ver=1942 --intdir=CMakeFiles\\cmTC_faf1e.dir --rc=C:\\PROGRA~2\\WI3CF2~1\\10\\bin\\100226~1.0\\x64\\rc.exe --mt=C:\\PROGRA~2\\WI3CF2~1\\10\\bin\\100226~1.0\\x64\\mt.exe --manifests  -- C:\\PROGRA~1\\MIB055~1\\2022\\COMMUN~1\\VC\\Tools\\MSVC\\1442~1.344\\bin\\Hostx64\\x64\\link.exe /nologo CMakeFiles\\cmTC_faf1e.dir\\CheckIncludeFile.c.obj  /out:cmTC_faf1e.exe /implib:cmTC_faf1e.lib /pdb:cmTC_faf1e.pdb /version:0.0 /machine:x64 /nologo /debug /INCREMENTAL /subsystem:console  kernel32.lib user32.lib gdi32.lib winspool.lib shell32.lib ole32.lib oleaut32.lib uuid.lib comdlg32.lib advapi32.lib && cd ."
        
      exitCode: 0
  -
    kind: "try_compile-v1"
    backtrace:
      - "C:/Program Files/CMake/share/cmake-4.0/Modules/CheckTypeSize.cmake:212 (try_compile)"
      - "C:/Program Files/CMake/share/cmake-4.0/Modules/CheckTypeSize.cmake:339 (__check_type_size_impl)"
      - "ConfigureChecks.cmake:7 (check_type_size)"
      - "CMakeLists.txt:98 (include)"
    checks:
      - "Check size of short"
    directories:
      source: "C:/Dev/nauka praktyczna/Wyci\u0105ganie info z .ssc/vcpkg_installed/x64-windows/vcpkg/blds/taglib/x64-windows-rel/CMakeFiles/CMakeScratch/TryCompile-ze22is"
      binary: "C:/Dev/nauka praktyczna/Wyci\u0105ganie info z .ssc/vcpkg_installed/x64-windows/vcpkg/blds/taglib/x64-windows-rel/CMakeFiles/CMakeScratch/TryCompile-ze22is"
    cmakeVariables:
      CMAKE_C_FLAGS: " /nologo /DWIN32 /D_WINDOWS /utf-8 /MP "
      CMAKE_EXE_LINKER_FLAGS: "/machine:x64"
      CMAKE_MODULE_PATH: "C:/Dev/nauka praktyczna/Wyci\u0105ganie info z .ssc/vcpkg_installed/x64-windows/vcpkg/blds/taglib/src/v2.0-2fb6cacda4.clean/cmake/modules"
      CMAKE_MSVC_DEBUG_INFORMATION_FORMAT: ""
      CMAKE_MSVC_RUNTIME_LIBRARY: "MultiThreaded$<$<CONFIG:Debug>:Debug>$<$<STREQUAL:dynamic,dynamic>:DLL>"
      VCPKG_CHAINLOAD_TOOLCHAIN_FILE: "C:/Program Files/Microsoft Visual Studio/2022/Community/VC/vcpkg/scripts/toolchains/windows.cmake"
      VCPKG_CRT_LINKAGE: "dynamic"
      VCPKG_CXX_FLAGS: ""
      VCPKG_CXX_FLAGS_DEBUG: ""
      VCPKG_CXX_FLAGS_RELEASE: ""
      VCPKG_C_FLAGS: ""
      VCPKG_C_FLAGS_DEBUG: ""
      VCPKG_C_FLAGS_RELEASE: ""
      VCPKG_INSTALLED_DIR: "C:/Dev/nauka praktyczna/Wyci\u0105ganie info z .ssc/vcpkg_installed/x64-windows"
      VCPKG_LINKER_FLAGS: ""
      VCPKG_LINKER_FLAGS_DEBUG: ""
      VCPKG_LINKER_FLAGS_RELEASE: ""
      VCPKG_PLATFORM_TOOLSET: "v143"
      VCPKG_PREFER_SYSTEM_LIBS: "OFF"
      VCPKG_SET_CHARSET_FLAG: "ON"
      VCPKG_TARGET_ARCHITECTURE: "x64"
      VCPKG_TARGET_TRIPLET: "x64-windows"
      Z_VCPKG_ROOT_DIR: "C:/Program Files/Microsoft Visual Studio/2022/Community/VC/vcpkg"
    buildResult:
      variable: "HAVE_SIZEOF_SHORT"
      cached: true
      stdout: |
        Change Dir: 'C:/Dev/nauka praktyczna/Wyciąganie info z .ssc/vcpkg_installed/x64-windows/vcpkg/blds/taglib/x64-windows-rel/CMakeFiles/CMakeScratch/TryCompile-ze22is'
        
        Run Build Command(s): "C:/Program Files/Microsoft Visual Studio/2022/Community/Common7/IDE/CommonExtensions/Microsoft/CMake/Ninja/ninja.exe" -v cmTC_5119d
        [1/2] C:\\PROGRA~1\\MIB055~1\\2022\\COMMUN~1\\VC\\Tools\\MSVC\\1442~1.344\\bin\\Hostx64\\x64\\cl.exe  /nologo   /nologo /DWIN32 /D_WINDOWS /utf-8 /MP   /D_DEBUG /MDd /Z7 /Ob0 /Od /RTC1 /showIncludes /FoCMakeFiles\\cmTC_5119d.dir\\SIZEOF_SHORT.c.obj /FdCMakeFiles\\cmTC_5119d.dir\\ /FS -c "C:\\Dev\\nauka praktyczna\\Wyciąganie info z .ssc\\vcpkg_installed\\x64-windows\\vcpkg\\blds\\taglib\\x64-windows-rel\\CMakeFiles\\CMakeScratch\\TryCompile-ze22is\\SIZEOF_SHORT.c"
        [2/2] C:\\WINDOWS\\system32\\cmd.exe /C "cd . && "C:\\Program Files\\CMake\\bin\\cmake.exe" -E vs_link_exe --msvc-ver=1942 --intdir=CMakeFiles\\cmTC_5119d.dir --rc=C:\\PROGRA~2\\WI3CF2~1\\10\\bin\\100226~1.0\\x64\\rc.exe --mt=C:\\PROGRA~2\\WI3CF2~1\\10\\bin\\100226~1.0\\x64\\mt.exe --manifests  -- C:\\PROGRA~1\\MIB055~1\\2022\\COMMUN~1\\VC\\Tools\\MSVC\\1442~1.344\\bin\\Hostx64\\x64\\link.exe /nologo CMakeFiles\\cmTC_5119d.dir\\SIZEOF_SHORT.c.obj  /out:cmTC_5119d.exe /implib:cmTC_5119d.lib /pdb:cmTC_5119d.pdb /version:0.0 /machine:x64 /nologo /debug /INCREMENTAL /subsystem:console  kernel32.lib user32.lib gdi32.lib winspool.lib shell32.lib ole32.lib oleaut32.lib uuid.lib comdlg32.lib advapi32.lib && cd ."
        
      exitCode: 0
  -
    kind: "try_compile-v1"
    backtrace:
      - "C:/Program Files/CMake/share/cmake-4.0/Modules/CheckTypeSize.cmake:212 (try_compile)"
      - "C:/Program Files/CMake/share/cmake-4.0/Modules/CheckTypeSize.cmake:339 (__check_type_size_impl)"
      - "ConfigureChecks.cmake:12 (check_type_size)"
      - "CMakeLists.txt:98 (include)"
    checks:
      - "Check size of int"
    directories:
      source: "C:/Dev/nauka praktyczna/Wyci\u0105ganie info z .ssc/vcpkg_installed/x64-windows/vcpkg/blds/taglib/x64-windows-rel/CMakeFiles/CMakeScratch/TryCompile-bf4h2o"
      binary: "C:/Dev/nauka praktyczna/Wyci\u0105ganie info z .ssc/vcpkg_installed/x64-windows/vcpkg/blds/taglib/x64-windows-rel/CMakeFiles/CMakeScratch/TryCompile-bf4h2o"
    cmakeVariables:
      CMAKE_C_FLAGS: " /nologo /DWIN32 /D_WINDOWS /utf-8 /MP "
      CMAKE_EXE_LINKER_FLAGS: "/machine:x64"
      CMAKE_MODULE_PATH: "C:/Dev/nauka praktyczna/Wyci\u0105ganie info z .ssc/vcpkg_installed/x64-windows/vcpkg/blds/taglib/src/v2.0-2fb6cacda4.clean/cmake/modules"
      CMAKE_MSVC_DEBUG_INFORMATION_FORMAT: ""
      CMAKE_MSVC_RUNTIME_LIBRARY: "MultiThreaded$<$<CONFIG:Debug>:Debug>$<$<STREQUAL:dynamic,dynamic>:DLL>"
      VCPKG_CHAINLOAD_TOOLCHAIN_FILE: "C:/Program Files/Microsoft Visual Studio/2022/Community/VC/vcpkg/scripts/toolchains/windows.cmake"
      VCPKG_CRT_LINKAGE: "dynamic"
      VCPKG_CXX_FLAGS: ""
      VCPKG_CXX_FLAGS_DEBUG: ""
      VCPKG_CXX_FLAGS_RELEASE: ""
      VCPKG_C_FLAGS: ""
      VCPKG_C_FLAGS_DEBUG: ""
      VCPKG_C_FLAGS_RELEASE: ""
      VCPKG_INSTALLED_DIR: "C:/Dev/nauka praktyczna/Wyci\u0105ganie info z .ssc/vcpkg_installed/x64-windows"
      VCPKG_LINKER_FLAGS: ""
      VCPKG_LINKER_FLAGS_DEBUG: ""
      VCPKG_LINKER_FLAGS_RELEASE: ""
      VCPKG_PLATFORM_TOOLSET: "v143"
      VCPKG_PREFER_SYSTEM_LIBS: "OFF"
      VCPKG_SET_CHARSET_FLAG: "ON"
      VCPKG_TARGET_ARCHITECTURE: "x64"
      VCPKG_TARGET_TRIPLET: "x64-windows"
      Z_VCPKG_ROOT_DIR: "C:/Program Files/Microsoft Visual Studio/2022/Community/VC/vcpkg"
    buildResult:
      variable: "HAVE_SIZEOF_INT"
      cached: true
      stdout: |
        Change Dir: 'C:/Dev/nauka praktyczna/Wyciąganie info z .ssc/vcpkg_installed/x64-windows/vcpkg/blds/taglib/x64-windows-rel/CMakeFiles/CMakeScratch/TryCompile-bf4h2o'
        
        Run Build Command(s): "C:/Program Files/Microsoft Visual Studio/2022/Community/Common7/IDE/CommonExtensions/Microsoft/CMake/Ninja/ninja.exe" -v cmTC_60cbf
        [1/2] C:\\PROGRA~1\\MIB055~1\\2022\\COMMUN~1\\VC\\Tools\\MSVC\\1442~1.344\\bin\\Hostx64\\x64\\cl.exe  /nologo   /nologo /DWIN32 /D_WINDOWS /utf-8 /MP   /D_DEBUG /MDd /Z7 /Ob0 /Od /RTC1 /showIncludes /FoCMakeFiles\\cmTC_60cbf.dir\\SIZEOF_INT.c.obj /FdCMakeFiles\\cmTC_60cbf.dir\\ /FS -c "C:\\Dev\\nauka praktyczna\\Wyciąganie info z .ssc\\vcpkg_installed\\x64-windows\\vcpkg\\blds\\taglib\\x64-windows-rel\\CMakeFiles\\CMakeScratch\\TryCompile-bf4h2o\\SIZEOF_INT.c"
        [2/2] C:\\WINDOWS\\system32\\cmd.exe /C "cd . && "C:\\Program Files\\CMake\\bin\\cmake.exe" -E vs_link_exe --msvc-ver=1942 --intdir=CMakeFiles\\cmTC_60cbf.dir --rc=C:\\PROGRA~2\\WI3CF2~1\\10\\bin\\100226~1.0\\x64\\rc.exe --mt=C:\\PROGRA~2\\WI3CF2~1\\10\\bin\\100226~1.0\\x64\\mt.exe --manifests  -- C:\\PROGRA~1\\MIB055~1\\2022\\COMMUN~1\\VC\\Tools\\MSVC\\1442~1.344\\bin\\Hostx64\\x64\\link.exe /nologo CMakeFiles\\cmTC_60cbf.dir\\SIZEOF_INT.c.obj  /out:cmTC_60cbf.exe /implib:cmTC_60cbf.lib /pdb:cmTC_60cbf.pdb /version:0.0 /machine:x64 /nologo /debug /INCREMENTAL /subsystem:console  kernel32.lib user32.lib gdi32.lib winspool.lib shell32.lib ole32.lib oleaut32.lib uuid.lib comdlg32.lib advapi32.lib && cd ."
        
      exitCode: 0
  -
    kind: "try_compile-v1"
    backtrace:
      - "C:/Program Files/CMake/share/cmake-4.0/Modules/CheckTypeSize.cmake:212 (try_compile)"
      - "C:/Program Files/CMake/share/cmake-4.0/Modules/CheckTypeSize.cmake:339 (__check_type_size_impl)"
      - "ConfigureChecks.cmake:17 (check_type_size)"
      - "CMakeLists.txt:98 (include)"
    checks:
      - "Check size of long long"
    directories:
      source: "C:/Dev/nauka praktyczna/Wyci\u0105ganie info z .ssc/vcpkg_installed/x64-windows/vcpkg/blds/taglib/x64-windows-rel/CMakeFiles/CMakeScratch/TryCompile-gynnij"
      binary: "C:/Dev/nauka praktyczna/Wyci\u0105ganie info z .ssc/vcpkg_installed/x64-windows/vcpkg/blds/taglib/x64-windows-rel/CMakeFiles/CMakeScratch/TryCompile-gynnij"
    cmakeVariables:
      CMAKE_C_FLAGS: " /nologo /DWIN32 /D_WINDOWS /utf-8 /MP "
      CMAKE_EXE_LINKER_FLAGS: "/machine:x64"
      CMAKE_MODULE_PATH: "C:/Dev/nauka praktyczna/Wyci\u0105ganie info z .ssc/vcpkg_installed/x64-windows/vcpkg/blds/taglib/src/v2.0-2fb6cacda4.clean/cmake/modules"
      CMAKE_MSVC_DEBUG_INFORMATION_FORMAT: ""
      CMAKE_MSVC_RUNTIME_LIBRARY: "MultiThreaded$<$<CONFIG:Debug>:Debug>$<$<STREQUAL:dynamic,dynamic>:DLL>"
      VCPKG_CHAINLOAD_TOOLCHAIN_FILE: "C:/Program Files/Microsoft Visual Studio/2022/Community/VC/vcpkg/scripts/toolchains/windows.cmake"
      VCPKG_CRT_LINKAGE: "dynamic"
      VCPKG_CXX_FLAGS: ""
      VCPKG_CXX_FLAGS_DEBUG: ""
      VCPKG_CXX_FLAGS_RELEASE: ""
      VCPKG_C_FLAGS: ""
      VCPKG_C_FLAGS_DEBUG: ""
      VCPKG_C_FLAGS_RELEASE: ""
      VCPKG_INSTALLED_DIR: "C:/Dev/nauka praktyczna/Wyci\u0105ganie info z .ssc/vcpkg_installed/x64-windows"
      VCPKG_LINKER_FLAGS: ""
      VCPKG_LINKER_FLAGS_DEBUG: ""
      VCPKG_LINKER_FLAGS_RELEASE: ""
      VCPKG_PLATFORM_TOOLSET: "v143"
      VCPKG_PREFER_SYSTEM_LIBS: "OFF"
      VCPKG_SET_CHARSET_FLAG: "ON"
      VCPKG_TARGET_ARCHITECTURE: "x64"
      VCPKG_TARGET_TRIPLET: "x64-windows"
      Z_VCPKG_ROOT_DIR: "C:/Program Files/Microsoft Visual Studio/2022/Community/VC/vcpkg"
    buildResult:
      variable: "HAVE_SIZEOF_LONGLONG"
      cached: true
      stdout: |
        Change Dir: 'C:/Dev/nauka praktyczna/Wyciąganie info z .ssc/vcpkg_installed/x64-windows/vcpkg/blds/taglib/x64-windows-rel/CMakeFiles/CMakeScratch/TryCompile-gynnij'
        
        Run Build Command(s): "C:/Program Files/Microsoft Visual Studio/2022/Community/Common7/IDE/CommonExtensions/Microsoft/CMake/Ninja/ninja.exe" -v cmTC_3bf8b
        [1/2] C:\\PROGRA~1\\MIB055~1\\2022\\COMMUN~1\\VC\\Tools\\MSVC\\1442~1.344\\bin\\Hostx64\\x64\\cl.exe  /nologo   /nologo /DWIN32 /D_WINDOWS /utf-8 /MP   /D_DEBUG /MDd /Z7 /Ob0 /Od /RTC1 /showIncludes /FoCMakeFiles\\cmTC_3bf8b.dir\\SIZEOF_LONGLONG.c.obj /FdCMakeFiles\\cmTC_3bf8b.dir\\ /FS -c "C:\\Dev\\nauka praktyczna\\Wyciąganie info z .ssc\\vcpkg_installed\\x64-windows\\vcpkg\\blds\\taglib\\x64-windows-rel\\CMakeFiles\\CMakeScratch\\TryCompile-gynnij\\SIZEOF_LONGLONG.c"
        [2/2] C:\\WINDOWS\\system32\\cmd.exe /C "cd . && "C:\\Program Files\\CMake\\bin\\cmake.exe" -E vs_link_exe --msvc-ver=1942 --intdir=CMakeFiles\\cmTC_3bf8b.dir --rc=C:\\PROGRA~2\\WI3CF2~1\\10\\bin\\100226~1.0\\x64\\rc.exe --mt=C:\\PROGRA~2\\WI3CF2~1\\10\\bin\\100226~1.0\\x64\\mt.exe --manifests  -- C:\\PROGRA~1\\MIB055~1\\2022\\COMMUN~1\\VC\\Tools\\MSVC\\1442~1.344\\bin\\Hostx64\\x64\\link.exe /nologo CMakeFiles\\cmTC_3bf8b.dir\\SIZEOF_LONGLONG.c.obj  /out:cmTC_3bf8b.exe /implib:cmTC_3bf8b.lib /pdb:cmTC_3bf8b.pdb /version:0.0 /machine:x64 /nologo /debug /INCREMENTAL /subsystem:console  kernel32.lib user32.lib gdi32.lib winspool.lib shell32.lib ole32.lib oleaut32.lib uuid.lib comdlg32.lib advapi32.lib && cd ."
        
      exitCode: 0
  -
    kind: "try_compile-v1"
    backtrace:
      - "C:/Program Files/CMake/share/cmake-4.0/Modules/CheckTypeSize.cmake:212 (try_compile)"
      - "C:/Program Files/CMake/share/cmake-4.0/Modules/CheckTypeSize.cmake:339 (__check_type_size_impl)"
      - "ConfigureChecks.cmake:23 (check_type_size)"
      - "CMakeLists.txt:98 (include)"
    checks:
      - "Check size of wchar_t"
    directories:
      source: "C:/Dev/nauka praktyczna/Wyci\u0105ganie info z .ssc/vcpkg_installed/x64-windows/vcpkg/blds/taglib/x64-windows-rel/CMakeFiles/CMakeScratch/TryCompile-snzic1"
      binary: "C:/Dev/nauka praktyczna/Wyci\u0105ganie info z .ssc/vcpkg_installed/x64-windows/vcpkg/blds/taglib/x64-windows-rel/CMakeFiles/CMakeScratch/TryCompile-snzic1"
    cmakeVariables:
      CMAKE_C_FLAGS: " /nologo /DWIN32 /D_WINDOWS /utf-8 /MP "
      CMAKE_EXE_LINKER_FLAGS: "/machine:x64"
      CMAKE_MODULE_PATH: "C:/Dev/nauka praktyczna/Wyci\u0105ganie info z .ssc/vcpkg_installed/x64-windows/vcpkg/blds/taglib/src/v2.0-2fb6cacda4.clean/cmake/modules"
      CMAKE_MSVC_DEBUG_INFORMATION_FORMAT: ""
      CMAKE_MSVC_RUNTIME_LIBRARY: "MultiThreaded$<$<CONFIG:Debug>:Debug>$<$<STREQUAL:dynamic,dynamic>:DLL>"
      VCPKG_CHAINLOAD_TOOLCHAIN_FILE: "C:/Program Files/Microsoft Visual Studio/2022/Community/VC/vcpkg/scripts/toolchains/windows.cmake"
      VCPKG_CRT_LINKAGE: "dynamic"
      VCPKG_CXX_FLAGS: ""
      VCPKG_CXX_FLAGS_DEBUG: ""
      VCPKG_CXX_FLAGS_RELEASE: ""
      VCPKG_C_FLAGS: ""
      VCPKG_C_FLAGS_DEBUG: ""
      VCPKG_C_FLAGS_RELEASE: ""
      VCPKG_INSTALLED_DIR: "C:/Dev/nauka praktyczna/Wyci\u0105ganie info z .ssc/vcpkg_installed/x64-windows"
      VCPKG_LINKER_FLAGS: ""
      VCPKG_LINKER_FLAGS_DEBUG: ""
      VCPKG_LINKER_FLAGS_RELEASE: ""
      VCPKG_PLATFORM_TOOLSET: "v143"
      VCPKG_PREFER_SYSTEM_LIBS: "OFF"
      VCPKG_SET_CHARSET_FLAG: "ON"
      VCPKG_TARGET_ARCHITECTURE: "x64"
      VCPKG_TARGET_TRIPLET: "x64-windows"
      Z_VCPKG_ROOT_DIR: "C:/Program Files/Microsoft Visual Studio/2022/Community/VC/vcpkg"
    buildResult:
      variable: "HAVE_SIZEOF_WCHAR_T"
      cached: true
      stdout: |
        Change Dir: 'C:/Dev/nauka praktyczna/Wyciąganie info z .ssc/vcpkg_installed/x64-windows/vcpkg/blds/taglib/x64-windows-rel/CMakeFiles/CMakeScratch/TryCompile-snzic1'
        
        Run Build Command(s): "C:/Program Files/Microsoft Visual Studio/2022/Community/Common7/IDE/CommonExtensions/Microsoft/CMake/Ninja/ninja.exe" -v cmTC_aa6e4
        [1/2] C:\\PROGRA~1\\MIB055~1\\2022\\COMMUN~1\\VC\\Tools\\MSVC\\1442~1.344\\bin\\Hostx64\\x64\\cl.exe  /nologo   /nologo /DWIN32 /D_WINDOWS /utf-8 /MP   /D_DEBUG /MDd /Z7 /Ob0 /Od /RTC1 /showIncludes /FoCMakeFiles\\cmTC_aa6e4.dir\\SIZEOF_WCHAR_T.c.obj /FdCMakeFiles\\cmTC_aa6e4.dir\\ /FS -c "C:\\Dev\\nauka praktyczna\\Wyciąganie info z .ssc\\vcpkg_installed\\x64-windows\\vcpkg\\blds\\taglib\\x64-windows-rel\\CMakeFiles\\CMakeScratch\\TryCompile-snzic1\\SIZEOF_WCHAR_T.c"
        [2/2] C:\\WINDOWS\\system32\\cmd.exe /C "cd . && "C:\\Program Files\\CMake\\bin\\cmake.exe" -E vs_link_exe --msvc-ver=1942 --intdir=CMakeFiles\\cmTC_aa6e4.dir --rc=C:\\PROGRA~2\\WI3CF2~1\\10\\bin\\100226~1.0\\x64\\rc.exe --mt=C:\\PROGRA~2\\WI3CF2~1\\10\\bin\\100226~1.0\\x64\\mt.exe --manifests  -- C:\\PROGRA~1\\MIB055~1\\2022\\COMMUN~1\\VC\\Tools\\MSVC\\1442~1.344\\bin\\Hostx64\\x64\\link.exe /nologo CMakeFiles\\cmTC_aa6e4.dir\\SIZEOF_WCHAR_T.c.obj  /out:cmTC_aa6e4.exe /implib:cmTC_aa6e4.lib /pdb:cmTC_aa6e4.pdb /version:0.0 /machine:x64 /nologo /debug /INCREMENTAL /subsystem:console  kernel32.lib user32.lib gdi32.lib winspool.lib shell32.lib ole32.lib oleaut32.lib uuid.lib comdlg32.lib advapi32.lib && cd ."
        
      exitCode: 0
  -
    kind: "try_compile-v1"
    backtrace:
      - "C:/Program Files/CMake/share/cmake-4.0/Modules/CheckTypeSize.cmake:212 (try_compile)"
      - "C:/Program Files/CMake/share/cmake-4.0/Modules/CheckTypeSize.cmake:339 (__check_type_size_impl)"
      - "ConfigureChecks.cmake:29 (check_type_size)"
      - "CMakeLists.txt:98 (include)"
    checks:
      - "Check size of float"
    directories:
      source: "C:/Dev/nauka praktyczna/Wyci\u0105ganie info z .ssc/vcpkg_installed/x64-windows/vcpkg/blds/taglib/x64-windows-rel/CMakeFiles/CMakeScratch/TryCompile-qefz19"
      binary: "C:/Dev/nauka praktyczna/Wyci\u0105ganie info z .ssc/vcpkg_installed/x64-windows/vcpkg/blds/taglib/x64-windows-rel/CMakeFiles/CMakeScratch/TryCompile-qefz19"
    cmakeVariables:
      CMAKE_C_FLAGS: " /nologo /DWIN32 /D_WINDOWS /utf-8 /MP "
      CMAKE_EXE_LINKER_FLAGS: "/machine:x64"
      CMAKE_MODULE_PATH: "C:/Dev/nauka praktyczna/Wyci\u0105ganie info z .ssc/vcpkg_installed/x64-windows/vcpkg/blds/taglib/src/v2.0-2fb6cacda4.clean/cmake/modules"
      CMAKE_MSVC_DEBUG_INFORMATION_FORMAT: ""
      CMAKE_MSVC_RUNTIME_LIBRARY: "MultiThreaded$<$<CONFIG:Debug>:Debug>$<$<STREQUAL:dynamic,dynamic>:DLL>"
      VCPKG_CHAINLOAD_TOOLCHAIN_FILE: "C:/Program Files/Microsoft Visual Studio/2022/Community/VC/vcpkg/scripts/toolchains/windows.cmake"
      VCPKG_CRT_LINKAGE: "dynamic"
      VCPKG_CXX_FLAGS: ""
      VCPKG_CXX_FLAGS_DEBUG: ""
      VCPKG_CXX_FLAGS_RELEASE: ""
      VCPKG_C_FLAGS: ""
      VCPKG_C_FLAGS_DEBUG: ""
      VCPKG_C_FLAGS_RELEASE: ""
      VCPKG_INSTALLED_DIR: "C:/Dev/nauka praktyczna/Wyci\u0105ganie info z .ssc/vcpkg_installed/x64-windows"
      VCPKG_LINKER_FLAGS: ""
      VCPKG_LINKER_FLAGS_DEBUG: ""
      VCPKG_LINKER_FLAGS_RELEASE: ""
      VCPKG_PLATFORM_TOOLSET: "v143"
      VCPKG_PREFER_SYSTEM_LIBS: "OFF"
      VCPKG_SET_CHARSET_FLAG: "ON"
      VCPKG_TARGET_ARCHITECTURE: "x64"
      VCPKG_TARGET_TRIPLET: "x64-windows"
      Z_VCPKG_ROOT_DIR: "C:/Program Files/Microsoft Visual Studio/2022/Community/VC/vcpkg"
    buildResult:
      variable: "HAVE_SIZEOF_FLOAT"
      cached: true
      stdout: |
        Change Dir: 'C:/Dev/nauka praktyczna/Wyciąganie info z .ssc/vcpkg_installed/x64-windows/vcpkg/blds/taglib/x64-windows-rel/CMakeFiles/CMakeScratch/TryCompile-qefz19'
        
        Run Build Command(s): "C:/Program Files/Microsoft Visual Studio/2022/Community/Common7/IDE/CommonExtensions/Microsoft/CMake/Ninja/ninja.exe" -v cmTC_66362
        [1/2] C:\\PROGRA~1\\MIB055~1\\2022\\COMMUN~1\\VC\\Tools\\MSVC\\1442~1.344\\bin\\Hostx64\\x64\\cl.exe  /nologo   /nologo /DWIN32 /D_WINDOWS /utf-8 /MP   /D_DEBUG /MDd /Z7 /Ob0 /Od /RTC1 /showIncludes /FoCMakeFiles\\cmTC_66362.dir\\SIZEOF_FLOAT.c.obj /FdCMakeFiles\\cmTC_66362.dir\\ /FS -c "C:\\Dev\\nauka praktyczna\\Wyciąganie info z .ssc\\vcpkg_installed\\x64-windows\\vcpkg\\blds\\taglib\\x64-windows-rel\\CMakeFiles\\CMakeScratch\\TryCompile-qefz19\\SIZEOF_FLOAT.c"
        [2/2] C:\\WINDOWS\\system32\\cmd.exe /C "cd . && "C:\\Program Files\\CMake\\bin\\cmake.exe" -E vs_link_exe --msvc-ver=1942 --intdir=CMakeFiles\\cmTC_66362.dir --rc=C:\\PROGRA~2\\WI3CF2~1\\10\\bin\\100226~1.0\\x64\\rc.exe --mt=C:\\PROGRA~2\\WI3CF2~1\\10\\bin\\100226~1.0\\x64\\mt.exe --manifests  -- C:\\PROGRA~1\\MIB055~1\\2022\\COMMUN~1\\VC\\Tools\\MSVC\\1442~1.344\\bin\\Hostx64\\x64\\link.exe /nologo CMakeFiles\\cmTC_66362.dir\\SIZEOF_FLOAT.c.obj  /out:cmTC_66362.exe /implib:cmTC_66362.lib /pdb:cmTC_66362.pdb /version:0.0 /machine:x64 /nologo /debug /INCREMENTAL /subsystem:console  kernel32.lib user32.lib gdi32.lib winspool.lib shell32.lib ole32.lib oleaut32.lib uuid.lib comdlg32.lib advapi32.lib && cd ."
        
      exitCode: 0
  -
    kind: "try_compile-v1"
    backtrace:
      - "C:/Program Files/CMake/share/cmake-4.0/Modules/CheckTypeSize.cmake:212 (try_compile)"
      - "C:/Program Files/CMake/share/cmake-4.0/Modules/CheckTypeSize.cmake:339 (__check_type_size_impl)"
      - "ConfigureChecks.cmake:34 (check_type_size)"
      - "CMakeLists.txt:98 (include)"
    checks:
      - "Check size of double"
    directories:
      source: "C:/Dev/nauka praktyczna/Wyci\u0105ganie info z .ssc/vcpkg_installed/x64-windows/vcpkg/blds/taglib/x64-windows-rel/CMakeFiles/CMakeScratch/TryCompile-5yim5n"
      binary: "C:/Dev/nauka praktyczna/Wyci\u0105ganie info z .ssc/vcpkg_installed/x64-windows/vcpkg/blds/taglib/x64-windows-rel/CMakeFiles/CMakeScratch/TryCompile-5yim5n"
    cmakeVariables:
      CMAKE_C_FLAGS: " /nologo /DWIN32 /D_WINDOWS /utf-8 /MP "
      CMAKE_EXE_LINKER_FLAGS: "/machine:x64"
      CMAKE_MODULE_PATH: "C:/Dev/nauka praktyczna/Wyci\u0105ganie info z .ssc/vcpkg_installed/x64-windows/vcpkg/blds/taglib/src/v2.0-2fb6cacda4.clean/cmake/modules"
      CMAKE_MSVC_DEBUG_INFORMATION_FORMAT: ""
      CMAKE_MSVC_RUNTIME_LIBRARY: "MultiThreaded$<$<CONFIG:Debug>:Debug>$<$<STREQUAL:dynamic,dynamic>:DLL>"
      VCPKG_CHAINLOAD_TOOLCHAIN_FILE: "C:/Program Files/Microsoft Visual Studio/2022/Community/VC/vcpkg/scripts/toolchains/windows.cmake"
      VCPKG_CRT_LINKAGE: "dynamic"
      VCPKG_CXX_FLAGS: ""
      VCPKG_CXX_FLAGS_DEBUG: ""
      VCPKG_CXX_FLAGS_RELEASE: ""
      VCPKG_C_FLAGS: ""
      VCPKG_C_FLAGS_DEBUG: ""
      VCPKG_C_FLAGS_RELEASE: ""
      VCPKG_INSTALLED_DIR: "C:/Dev/nauka praktyczna/Wyci\u0105ganie info z .ssc/vcpkg_installed/x64-windows"
      VCPKG_LINKER_FLAGS: ""
      VCPKG_LINKER_FLAGS_DEBUG: ""
      VCPKG_LINKER_FLAGS_RELEASE: ""
      VCPKG_PLATFORM_TOOLSET: "v143"
      VCPKG_PREFER_SYSTEM_LIBS: "OFF"
      VCPKG_SET_CHARSET_FLAG: "ON"
      VCPKG_TARGET_ARCHITECTURE: "x64"
      VCPKG_TARGET_TRIPLET: "x64-windows"
      Z_VCPKG_ROOT_DIR: "C:/Program Files/Microsoft Visual Studio/2022/Community/VC/vcpkg"
    buildResult:
      variable: "HAVE_SIZEOF_DOUBLE"
      cached: true
      stdout: |
        Change Dir: 'C:/Dev/nauka praktyczna/Wyciąganie info z .ssc/vcpkg_installed/x64-windows/vcpkg/blds/taglib/x64-windows-rel/CMakeFiles/CMakeScratch/TryCompile-5yim5n'
        
        Run Build Command(s): "C:/Program Files/Microsoft Visual Studio/2022/Community/Common7/IDE/CommonExtensions/Microsoft/CMake/Ninja/ninja.exe" -v cmTC_adb5d
        [1/2] C:\\PROGRA~1\\MIB055~1\\2022\\COMMUN~1\\VC\\Tools\\MSVC\\1442~1.344\\bin\\Hostx64\\x64\\cl.exe  /nologo   /nologo /DWIN32 /D_WINDOWS /utf-8 /MP   /D_DEBUG /MDd /Z7 /Ob0 /Od /RTC1 /showIncludes /FoCMakeFiles\\cmTC_adb5d.dir\\SIZEOF_DOUBLE.c.obj /FdCMakeFiles\\cmTC_adb5d.dir\\ /FS -c "C:\\Dev\\nauka praktyczna\\Wyciąganie info z .ssc\\vcpkg_installed\\x64-windows\\vcpkg\\blds\\taglib\\x64-windows-rel\\CMakeFiles\\CMakeScratch\\TryCompile-5yim5n\\SIZEOF_DOUBLE.c"
        [2/2] C:\\WINDOWS\\system32\\cmd.exe /C "cd . && "C:\\Program Files\\CMake\\bin\\cmake.exe" -E vs_link_exe --msvc-ver=1942 --intdir=CMakeFiles\\cmTC_adb5d.dir --rc=C:\\PROGRA~2\\WI3CF2~1\\10\\bin\\100226~1.0\\x64\\rc.exe --mt=C:\\PROGRA~2\\WI3CF2~1\\10\\bin\\100226~1.0\\x64\\mt.exe --manifests  -- C:\\PROGRA~1\\MIB055~1\\2022\\COMMUN~1\\VC\\Tools\\MSVC\\1442~1.344\\bin\\Hostx64\\x64\\link.exe /nologo CMakeFiles\\cmTC_adb5d.dir\\SIZEOF_DOUBLE.c.obj  /out:cmTC_adb5d.exe /implib:cmTC_adb5d.lib /pdb:cmTC_adb5d.pdb /version:0.0 /machine:x64 /nologo /debug /INCREMENTAL /subsystem:console  kernel32.lib user32.lib gdi32.lib winspool.lib shell32.lib ole32.lib oleaut32.lib uuid.lib comdlg32.lib advapi32.lib && cd ."
        
      exitCode: 0
  -
    kind: "try_compile-v1"
    backtrace:
      - "C:/Program Files/CMake/share/cmake-4.0/Modules/Internal/CheckSourceCompiles.cmake:104 (try_compile)"
      - "C:/Program Files/CMake/share/cmake-4.0/Modules/CheckCXXSourceCompiles.cmake:58 (cmake_check_source_compiles)"
      - "ConfigureChecks.cmake:41 (check_cxx_source_compiles)"
      - "CMakeLists.txt:98 (include)"
    checks:
      - "Performing Test HAVE_GCC_BYTESWAP"
    directories:
      source: "C:/Dev/nauka praktyczna/Wyci\u0105ganie info z .ssc/vcpkg_installed/x64-windows/vcpkg/blds/taglib/x64-windows-rel/CMakeFiles/CMakeScratch/TryCompile-w6dw8s"
      binary: "C:/Dev/nauka praktyczna/Wyci\u0105ganie info z .ssc/vcpkg_installed/x64-windows/vcpkg/blds/taglib/x64-windows-rel/CMakeFiles/CMakeScratch/TryCompile-w6dw8s"
    cmakeVariables:
      CMAKE_CXX_FLAGS: " /nologo /DWIN32 /D_WINDOWS /utf-8 /GR /EHsc /MP "
      CMAKE_EXE_LINKER_FLAGS: "/machine:x64"
      CMAKE_MODULE_PATH: "C:/Dev/nauka praktyczna/Wyci\u0105ganie info z .ssc/vcpkg_installed/x64-windows/vcpkg/blds/taglib/src/v2.0-2fb6cacda4.clean/cmake/modules"
      CMAKE_MSVC_DEBUG_INFORMATION_FORMAT: ""
      CMAKE_MSVC_RUNTIME_LIBRARY: "MultiThreaded$<$<CONFIG:Debug>:Debug>$<$<STREQUAL:dynamic,dynamic>:DLL>"
      VCPKG_CHAINLOAD_TOOLCHAIN_FILE: "C:/Program Files/Microsoft Visual Studio/2022/Community/VC/vcpkg/scripts/toolchains/windows.cmake"
      VCPKG_CRT_LINKAGE: "dynamic"
      VCPKG_CXX_FLAGS: ""
      VCPKG_CXX_FLAGS_DEBUG: ""
      VCPKG_CXX_FLAGS_RELEASE: ""
      VCPKG_C_FLAGS: ""
      VCPKG_C_FLAGS_DEBUG: ""
      VCPKG_C_FLAGS_RELEASE: ""
      VCPKG_INSTALLED_DIR: "C:/Dev/nauka praktyczna/Wyci\u0105ganie info z .ssc/vcpkg_installed/x64-windows"
      VCPKG_LINKER_FLAGS: ""
      VCPKG_LINKER_FLAGS_DEBUG: ""
      VCPKG_LINKER_FLAGS_RELEASE: ""
      VCPKG_PLATFORM_TOOLSET: "v143"
      VCPKG_PREFER_SYSTEM_LIBS: "OFF"
      VCPKG_SET_CHARSET_FLAG: "ON"
      VCPKG_TARGET_ARCHITECTURE: "x64"
      VCPKG_TARGET_TRIPLET: "x64-windows"
      Z_VCPKG_ROOT_DIR: "C:/Program Files/Microsoft Visual Studio/2022/Community/VC/vcpkg"
    buildResult:
      variable: "HAVE_GCC_BYTESWAP"
      cached: true
      stdout: |
        Change Dir: 'C:/Dev/nauka praktyczna/Wyciąganie info z .ssc/vcpkg_installed/x64-windows/vcpkg/blds/taglib/x64-windows-rel/CMakeFiles/CMakeScratch/TryCompile-w6dw8s'
        
        Run Build Command(s): "C:/Program Files/Microsoft Visual Studio/2022/Community/Common7/IDE/CommonExtensions/Microsoft/CMake/Ninja/ninja.exe" -v cmTC_1a701
        [1/2] C:\\PROGRA~1\\MIB055~1\\2022\\COMMUN~1\\VC\\Tools\\MSVC\\1442~1.344\\bin\\Hostx64\\x64\\cl.exe  /nologo /TP -DHAVE_GCC_BYTESWAP  /nologo /DWIN32 /D_WINDOWS /utf-8 /GR /EHsc /MP   /D_DEBUG /MDd /Z7 /Ob0 /Od /RTC1 /showIncludes /FoCMakeFiles\\cmTC_1a701.dir\\src.cxx.obj /FdCMakeFiles\\cmTC_1a701.dir\\ /FS -c "C:\\Dev\\nauka praktyczna\\Wyciąganie info z .ssc\\vcpkg_installed\\x64-windows\\vcpkg\\blds\\taglib\\x64-windows-rel\\CMakeFiles\\CMakeScratch\\TryCompile-w6dw8s\\src.cxx"
        FAILED: CMakeFiles/cmTC_1a701.dir/src.cxx.obj 
        C:\\PROGRA~1\\MIB055~1\\2022\\COMMUN~1\\VC\\Tools\\MSVC\\1442~1.344\\bin\\Hostx64\\x64\\cl.exe  /nologo /TP -DHAVE_GCC_BYTESWAP  /nologo /DWIN32 /D_WINDOWS /utf-8 /GR /EHsc /MP   /D_DEBUG /MDd /Z7 /Ob0 /Od /RTC1 /showIncludes /FoCMakeFiles\\cmTC_1a701.dir\\src.cxx.obj /FdCMakeFiles\\cmTC_1a701.dir\\ /FS -c "C:\\Dev\\nauka praktyczna\\Wyciąganie info z .ssc\\vcpkg_installed\\x64-windows\\vcpkg\\blds\\taglib\\x64-windows-rel\\CMakeFiles\\CMakeScratch\\TryCompile-w6dw8s\\src.cxx"
        C:\\Dev\\nauka praktyczna\\Wyciąganie info z .ssc\\vcpkg_installed\\x64-windows\\vcpkg\\blds\\taglib\\x64-windows-rel\\CMakeFiles\\CMakeScratch\\TryCompile-w6dw8s\\src.cxx(3): error C3861: '__builtin_bswap16': identifier not found
        C:\\Dev\\nauka praktyczna\\Wyciąganie info z .ssc\\vcpkg_installed\\x64-windows\\vcpkg\\blds\\taglib\\x64-windows-rel\\CMakeFiles\\CMakeScratch\\TryCompile-w6dw8s\\src.cxx(4): error C3861: '__builtin_bswap32': identifier not found
        C:\\Dev\\nauka praktyczna\\Wyciąganie info z .ssc\\vcpkg_installed\\x64-windows\\vcpkg\\blds\\taglib\\x64-windows-rel\\CMakeFiles\\CMakeScratch\\TryCompile-w6dw8s\\src.cxx(5): error C3861: '__builtin_bswap64': identifier not found
        ninja: build stopped: subcommand failed.
        
      exitCode: 1
  -
    kind: "try_compile-v1"
    backtrace:
      - "C:/Program Files/CMake/share/cmake-4.0/Modules/Internal/CheckSourceCompiles.cmake:104 (try_compile)"
      - "C:/Program Files/CMake/share/cmake-4.0/Modules/CheckCXXSourceCompiles.cmake:58 (cmake_check_source_compiles)"
      - "ConfigureChecks.cmake:51 (check_cxx_source_compiles)"
      - "CMakeLists.txt:98 (include)"
    checks:
      - "Performing Test HAVE_GLIBC_BYTESWAP"
    directories:
      source: "C:/Dev/nauka praktyczna/Wyci\u0105ganie info z .ssc/vcpkg_installed/x64-windows/vcpkg/blds/taglib/x64-windows-rel/CMakeFiles/CMakeScratch/TryCompile-8tt56u"
      binary: "C:/Dev/nauka praktyczna/Wyci\u0105ganie info z .ssc/vcpkg_installed/x64-windows/vcpkg/blds/taglib/x64-windows-rel/CMakeFiles/CMakeScratch/TryCompile-8tt56u"
    cmakeVariables:
      CMAKE_CXX_FLAGS: " /nologo /DWIN32 /D_WINDOWS /utf-8 /GR /EHsc /MP "
      CMAKE_EXE_LINKER_FLAGS: "/machine:x64"
      CMAKE_MODULE_PATH: "C:/Dev/nauka praktyczna/Wyci\u0105ganie info z .ssc/vcpkg_installed/x64-windows/vcpkg/blds/taglib/src/v2.0-2fb6cacda4.clean/cmake/modules"
      CMAKE_MSVC_DEBUG_INFORMATION_FORMAT: ""
      CMAKE_MSVC_RUNTIME_LIBRARY: "MultiThreaded$<$<CONFIG:Debug>:Debug>$<$<STREQUAL:dynamic,dynamic>:DLL>"
      VCPKG_CHAINLOAD_TOOLCHAIN_FILE: "C:/Program Files/Microsoft Visual Studio/2022/Community/VC/vcpkg/scripts/toolchains/windows.cmake"
      VCPKG_CRT_LINKAGE: "dynamic"
      VCPKG_CXX_FLAGS: ""
      VCPKG_CXX_FLAGS_DEBUG: ""
      VCPKG_CXX_FLAGS_RELEASE: ""
      VCPKG_C_FLAGS: ""
      VCPKG_C_FLAGS_DEBUG: ""
      VCPKG_C_FLAGS_RELEASE: ""
      VCPKG_INSTALLED_DIR: "C:/Dev/nauka praktyczna/Wyci\u0105ganie info z .ssc/vcpkg_installed/x64-windows"
      VCPKG_LINKER_FLAGS: ""
      VCPKG_LINKER_FLAGS_DEBUG: ""
      VCPKG_LINKER_FLAGS_RELEASE: ""
      VCPKG_PLATFORM_TOOLSET: "v143"
      VCPKG_PREFER_SYSTEM_LIBS: "OFF"
      VCPKG_SET_CHARSET_FLAG: "ON"
      VCPKG_TARGET_ARCHITECTURE: "x64"
      VCPKG_TARGET_TRIPLET: "x64-windows"
      Z_VCPKG_ROOT_DIR: "C:/Program Files/Microsoft Visual Studio/2022/Community/VC/vcpkg"
    buildResult:
      variable: "HAVE_GLIBC_BYTESWAP"
      cached: true
      stdout: |
        Change Dir: 'C:/Dev/nauka praktyczna/Wyciąganie info z .ssc/vcpkg_installed/x64-windows/vcpkg/blds/taglib/x64-windows-rel/CMakeFiles/CMakeScratch/TryCompile-8tt56u'
        
        Run Build Command(s): "C:/Program Files/Microsoft Visual Studio/2022/Community/Common7/IDE/CommonExtensions/Microsoft/CMake/Ninja/ninja.exe" -v cmTC_6661c
        [1/2] C:\\PROGRA~1\\MIB055~1\\2022\\COMMUN~1\\VC\\Tools\\MSVC\\1442~1.344\\bin\\Hostx64\\x64\\cl.exe  /nologo /TP -DHAVE_GLIBC_BYTESWAP  /nologo /DWIN32 /D_WINDOWS /utf-8 /GR /EHsc /MP   /D_DEBUG /MDd /Z7 /Ob0 /Od /RTC1 /showIncludes /FoCMakeFiles\\cmTC_6661c.dir\\src.cxx.obj /FdCMakeFiles\\cmTC_6661c.dir\\ /FS -c "C:\\Dev\\nauka praktyczna\\Wyciąganie info z .ssc\\vcpkg_installed\\x64-windows\\vcpkg\\blds\\taglib\\x64-windows-rel\\CMakeFiles\\CMakeScratch\\TryCompile-8tt56u\\src.cxx"
        FAILED: CMakeFiles/cmTC_6661c.dir/src.cxx.obj 
        C:\\PROGRA~1\\MIB055~1\\2022\\COMMUN~1\\VC\\Tools\\MSVC\\1442~1.344\\bin\\Hostx64\\x64\\cl.exe  /nologo /TP -DHAVE_GLIBC_BYTESWAP  /nologo /DWIN32 /D_WINDOWS /utf-8 /GR /EHsc /MP   /D_DEBUG /MDd /Z7 /Ob0 /Od /RTC1 /showIncludes /FoCMakeFiles\\cmTC_6661c.dir\\src.cxx.obj /FdCMakeFiles\\cmTC_6661c.dir\\ /FS -c "C:\\Dev\\nauka praktyczna\\Wyciąganie info z .ssc\\vcpkg_installed\\x64-windows\\vcpkg\\blds\\taglib\\x64-windows-rel\\CMakeFiles\\CMakeScratch\\TryCompile-8tt56u\\src.cxx"
        C:\\Dev\\nauka praktyczna\\Wyciąganie info z .ssc\\vcpkg_installed\\x64-windows\\vcpkg\\blds\\taglib\\x64-windows-rel\\CMakeFiles\\CMakeScratch\\TryCompile-8tt56u\\src.cxx(2): fatal error C1083: Cannot open include file: 'byteswap.h': No such file or directory
        ninja: build stopped: subcommand failed.
        
      exitCode: 1
  -
    kind: "try_compile-v1"
    backtrace:
      - "C:/Program Files/CMake/share/cmake-4.0/Modules/Internal/CheckSourceCompiles.cmake:104 (try_compile)"
      - "C:/Program Files/CMake/share/cmake-4.0/Modules/CheckCXXSourceCompiles.cmake:58 (cmake_check_source_compiles)"
      - "ConfigureChecks.cmake:62 (check_cxx_source_compiles)"
      - "CMakeLists.txt:98 (include)"
    checks:
      - "Performing Test HAVE_MSC_BYTESWAP"
    directories:
      source: "C:/Dev/nauka praktyczna/Wyci\u0105ganie info z .ssc/vcpkg_installed/x64-windows/vcpkg/blds/taglib/x64-windows-rel/CMakeFiles/CMakeScratch/TryCompile-nya4il"
      binary: "C:/Dev/nauka praktyczna/Wyci\u0105ganie info z .ssc/vcpkg_installed/x64-windows/vcpkg/blds/taglib/x64-windows-rel/CMakeFiles/CMakeScratch/TryCompile-nya4il"
    cmakeVariables:
      CMAKE_CXX_FLAGS: " /nologo /DWIN32 /D_WINDOWS /utf-8 /GR /EHsc /MP "
      CMAKE_EXE_LINKER_FLAGS: "/machine:x64"
      CMAKE_MODULE_PATH: "C:/Dev/nauka praktyczna/Wyci\u0105ganie info z .ssc/vcpkg_installed/x64-windows/vcpkg/blds/taglib/src/v2.0-2fb6cacda4.clean/cmake/modules"
      CMAKE_MSVC_DEBUG_INFORMATION_FORMAT: ""
      CMAKE_MSVC_RUNTIME_LIBRARY: "MultiThreaded$<$<CONFIG:Debug>:Debug>$<$<STREQUAL:dynamic,dynamic>:DLL>"
      VCPKG_CHAINLOAD_TOOLCHAIN_FILE: "C:/Program Files/Microsoft Visual Studio/2022/Community/VC/vcpkg/scripts/toolchains/windows.cmake"
      VCPKG_CRT_LINKAGE: "dynamic"
      VCPKG_CXX_FLAGS: ""
      VCPKG_CXX_FLAGS_DEBUG: ""
      VCPKG_CXX_FLAGS_RELEASE: ""
      VCPKG_C_FLAGS: ""
      VCPKG_C_FLAGS_DEBUG: ""
      VCPKG_C_FLAGS_RELEASE: ""
      VCPKG_INSTALLED_DIR: "C:/Dev/nauka praktyczna/Wyci\u0105ganie info z .ssc/vcpkg_installed/x64-windows"
      VCPKG_LINKER_FLAGS: ""
      VCPKG_LINKER_FLAGS_DEBUG: ""
      VCPKG_LINKER_FLAGS_RELEASE: ""
      VCPKG_PLATFORM_TOOLSET: "v143"
      VCPKG_PREFER_SYSTEM_LIBS: "OFF"
      VCPKG_SET_CHARSET_FLAG: "ON"
      VCPKG_TARGET_ARCHITECTURE: "x64"
      VCPKG_TARGET_TRIPLET: "x64-windows"
      Z_VCPKG_ROOT_DIR: "C:/Program Files/Microsoft Visual Studio/2022/Community/VC/vcpkg"
    buildResult:
      variable: "HAVE_MSC_BYTESWAP"
      cached: true
      stdout: |
        Change Dir: 'C:/Dev/nauka praktyczna/Wyciąganie info z .ssc/vcpkg_installed/x64-windows/vcpkg/blds/taglib/x64-windows-rel/CMakeFiles/CMakeScratch/TryCompile-nya4il'
        
        Run Build Command(s): "C:/Program Files/Microsoft Visual Studio/2022/Community/Common7/IDE/CommonExtensions/Microsoft/CMake/Ninja/ninja.exe" -v cmTC_b3e95
        [1/2] C:\\PROGRA~1\\MIB055~1\\2022\\COMMUN~1\\VC\\Tools\\MSVC\\1442~1.344\\bin\\Hostx64\\x64\\cl.exe  /nologo /TP -DHAVE_MSC_BYTESWAP  /nologo /DWIN32 /D_WINDOWS /utf-8 /GR /EHsc /MP   /D_DEBUG /MDd /Z7 /Ob0 /Od /RTC1 /showIncludes /FoCMakeFiles\\cmTC_b3e95.dir\\src.cxx.obj /FdCMakeFiles\\cmTC_b3e95.dir\\ /FS -c "C:\\Dev\\nauka praktyczna\\Wyciąganie info z .ssc\\vcpkg_installed\\x64-windows\\vcpkg\\blds\\taglib\\x64-windows-rel\\CMakeFiles\\CMakeScratch\\TryCompile-nya4il\\src.cxx"
        [2/2] C:\\WINDOWS\\system32\\cmd.exe /C "cd . && "C:\\Program Files\\CMake\\bin\\cmake.exe" -E vs_link_exe --msvc-ver=1942 --intdir=CMakeFiles\\cmTC_b3e95.dir --rc=C:\\PROGRA~2\\WI3CF2~1\\10\\bin\\100226~1.0\\x64\\rc.exe --mt=C:\\PROGRA~2\\WI3CF2~1\\10\\bin\\100226~1.0\\x64\\mt.exe --manifests  -- C:\\PROGRA~1\\MIB055~1\\2022\\COMMUN~1\\VC\\Tools\\MSVC\\1442~1.344\\bin\\Hostx64\\x64\\link.exe /nologo CMakeFiles\\cmTC_b3e95.dir\\src.cxx.obj  /out:cmTC_b3e95.exe /implib:cmTC_b3e95.lib /pdb:cmTC_b3e95.pdb /version:0.0 /machine:x64 /nologo /debug /INCREMENTAL /subsystem:console  kernel32.lib user32.lib gdi32.lib winspool.lib shell32.lib ole32.lib oleaut32.lib uuid.lib comdlg32.lib advapi32.lib && cd ."
        
      exitCode: 0
  -
    kind: "try_compile-v1"
    backtrace:
      - "C:/Program Files/CMake/share/cmake-4.0/Modules/Internal/CheckSourceCompiles.cmake:104 (try_compile)"
      - "C:/Program Files/CMake/share/cmake-4.0/Modules/CheckCXXSourceCompiles.cmake:58 (cmake_check_source_compiles)"
      - "ConfigureChecks.cmake:100 (check_cxx_source_compiles)"
      - "CMakeLists.txt:98 (include)"
    checks:
      - "Performing Test HAVE_ISO_STRDUP"
    directories:
      source: "C:/Dev/nauka praktyczna/Wyci\u0105ganie info z .ssc/vcpkg_installed/x64-windows/vcpkg/blds/taglib/x64-windows-rel/CMakeFiles/CMakeScratch/TryCompile-ntrxjb"
      binary: "C:/Dev/nauka praktyczna/Wyci\u0105ganie info z .ssc/vcpkg_installed/x64-windows/vcpkg/blds/taglib/x64-windows-rel/CMakeFiles/CMakeScratch/TryCompile-ntrxjb"
    cmakeVariables:
      CMAKE_CXX_FLAGS: " /nologo /DWIN32 /D_WINDOWS /utf-8 /GR /EHsc /MP "
      CMAKE_EXE_LINKER_FLAGS: "/machine:x64"
      CMAKE_MODULE_PATH: "C:/Dev/nauka praktyczna/Wyci\u0105ganie info z .ssc/vcpkg_installed/x64-windows/vcpkg/blds/taglib/src/v2.0-2fb6cacda4.clean/cmake/modules"
      CMAKE_MSVC_DEBUG_INFORMATION_FORMAT: ""
      CMAKE_MSVC_RUNTIME_LIBRARY: "MultiThreaded$<$<CONFIG:Debug>:Debug>$<$<STREQUAL:dynamic,dynamic>:DLL>"
      VCPKG_CHAINLOAD_TOOLCHAIN_FILE: "C:/Program Files/Microsoft Visual Studio/2022/Community/VC/vcpkg/scripts/toolchains/windows.cmake"
      VCPKG_CRT_LINKAGE: "dynamic"
      VCPKG_CXX_FLAGS: ""
      VCPKG_CXX_FLAGS_DEBUG: ""
      VCPKG_CXX_FLAGS_RELEASE: ""
      VCPKG_C_FLAGS: ""
      VCPKG_C_FLAGS_DEBUG: ""
      VCPKG_C_FLAGS_RELEASE: ""
      VCPKG_INSTALLED_DIR: "C:/Dev/nauka praktyczna/Wyci\u0105ganie info z .ssc/vcpkg_installed/x64-windows"
      VCPKG_LINKER_FLAGS: ""
      VCPKG_LINKER_FLAGS_DEBUG: ""
      VCPKG_LINKER_FLAGS_RELEASE: ""
      VCPKG_PLATFORM_TOOLSET: "v143"
      VCPKG_PREFER_SYSTEM_LIBS: "OFF"
      VCPKG_SET_CHARSET_FLAG: "ON"
      VCPKG_TARGET_ARCHITECTURE: "x64"
      VCPKG_TARGET_TRIPLET: "x64-windows"
      Z_VCPKG_ROOT_DIR: "C:/Program Files/Microsoft Visual Studio/2022/Community/VC/vcpkg"
    buildResult:
      variable: "HAVE_ISO_STRDUP"
      cached: true
      stdout: |
        Change Dir: 'C:/Dev/nauka praktyczna/Wyciąganie info z .ssc/vcpkg_installed/x64-windows/vcpkg/blds/taglib/x64-windows-rel/CMakeFiles/CMakeScratch/TryCompile-ntrxjb'
        
        Run Build Command(s): "C:/Program Files/Microsoft Visual Studio/2022/Community/Common7/IDE/CommonExtensions/Microsoft/CMake/Ninja/ninja.exe" -v cmTC_b07d3
        [1/2] C:\\PROGRA~1\\MIB055~1\\2022\\COMMUN~1\\VC\\Tools\\MSVC\\1442~1.344\\bin\\Hostx64\\x64\\cl.exe  /nologo /TP -DHAVE_ISO_STRDUP  /nologo /DWIN32 /D_WINDOWS /utf-8 /GR /EHsc /MP   /D_DEBUG /MDd /Z7 /Ob0 /Od /RTC1 /showIncludes /FoCMakeFiles\\cmTC_b07d3.dir\\src.cxx.obj /FdCMakeFiles\\cmTC_b07d3.dir\\ /FS -c "C:\\Dev\\nauka praktyczna\\Wyciąganie info z .ssc\\vcpkg_installed\\x64-windows\\vcpkg\\blds\\taglib\\x64-windows-rel\\CMakeFiles\\CMakeScratch\\TryCompile-ntrxjb\\src.cxx"
        [2/2] C:\\WINDOWS\\system32\\cmd.exe /C "cd . && "C:\\Program Files\\CMake\\bin\\cmake.exe" -E vs_link_exe --msvc-ver=1942 --intdir=CMakeFiles\\cmTC_b07d3.dir --rc=C:\\PROGRA~2\\WI3CF2~1\\10\\bin\\100226~1.0\\x64\\rc.exe --mt=C:\\PROGRA~2\\WI3CF2~1\\10\\bin\\100226~1.0\\x64\\mt.exe --manifests  -- C:\\PROGRA~1\\MIB055~1\\2022\\COMMUN~1\\VC\\Tools\\MSVC\\1442~1.344\\bin\\Hostx64\\x64\\link.exe /nologo CMakeFiles\\cmTC_b07d3.dir\\src.cxx.obj  /out:cmTC_b07d3.exe /implib:cmTC_b07d3.lib /pdb:cmTC_b07d3.pdb /version:0.0 /machine:x64 /nologo /debug /INCREMENTAL /subsystem:console  kernel32.lib user32.lib gdi32.lib winspool.lib shell32.lib ole32.lib oleaut32.lib uuid.lib comdlg32.lib advapi32.lib && cd ."
        
      exitCode: 0
  -
    kind: "try_compile-v1"
    backtrace:
      - "C:/Program Files/CMake/share/cmake-4.0/Modules/CheckLibraryExists.cmake:112 (try_compile)"
      - "bindings/c/CMakeLists.txt:54 (check_library_exists)"
    checks:
      - "Looking for __RTTI___ in Crun"
    directories:
      source: "C:/Dev/nauka praktyczna/Wyci\u0105ganie info z .ssc/vcpkg_installed/x64-windows/vcpkg/blds/taglib/x64-windows-rel/CMakeFiles/CMakeScratch/TryCompile-hg1iax"
      binary: "C:/Dev/nauka praktyczna/Wyci\u0105ganie info z .ssc/vcpkg_installed/x64-windows/vcpkg/blds/taglib/x64-windows-rel/CMakeFiles/CMakeScratch/TryCompile-hg1iax"
    cmakeVariables:
      CMAKE_C_FLAGS: " /nologo /DWIN32 /D_WINDOWS /utf-8 /MP "
      CMAKE_EXE_LINKER_FLAGS: "/machine:x64"
      CMAKE_MODULE_PATH: "C:/Dev/nauka praktyczna/Wyci\u0105ganie info z .ssc/vcpkg_installed/x64-windows/vcpkg/blds/taglib/src/v2.0-2fb6cacda4.clean/cmake/modules"
      CMAKE_MSVC_DEBUG_INFORMATION_FORMAT: ""
      CMAKE_MSVC_RUNTIME_LIBRARY: "MultiThreaded$<$<CONFIG:Debug>:Debug>$<$<STREQUAL:dynamic,dynamic>:DLL>"
      VCPKG_CHAINLOAD_TOOLCHAIN_FILE: "C:/Program Files/Microsoft Visual Studio/2022/Community/VC/vcpkg/scripts/toolchains/windows.cmake"
      VCPKG_CRT_LINKAGE: "dynamic"
      VCPKG_CXX_FLAGS: ""
      VCPKG_CXX_FLAGS_DEBUG: ""
      VCPKG_CXX_FLAGS_RELEASE: ""
      VCPKG_C_FLAGS: ""
      VCPKG_C_FLAGS_DEBUG: ""
      VCPKG_C_FLAGS_RELEASE: ""
      VCPKG_INSTALLED_DIR: "C:/Dev/nauka praktyczna/Wyci\u0105ganie info z .ssc/vcpkg_installed/x64-windows"
      VCPKG_LINKER_FLAGS: ""
      VCPKG_LINKER_FLAGS_DEBUG: ""
      VCPKG_LINKER_FLAGS_RELEASE: ""
      VCPKG_PLATFORM_TOOLSET: "v143"
      VCPKG_PREFER_SYSTEM_LIBS: "OFF"
      VCPKG_SET_CHARSET_FLAG: "ON"
      VCPKG_TARGET_ARCHITECTURE: "x64"
      VCPKG_TARGET_TRIPLET: "x64-windows"
      Z_VCPKG_ROOT_DIR: "C:/Program Files/Microsoft Visual Studio/2022/Community/VC/vcpkg"
    buildResult:
      variable: "HAVE_CRUN_LIB"
      cached: true
      stdout: |
        Change Dir: 'C:/Dev/nauka praktyczna/Wyciąganie info z .ssc/vcpkg_installed/x64-windows/vcpkg/blds/taglib/x64-windows-rel/CMakeFiles/CMakeScratch/TryCompile-hg1iax'
        
        Run Build Command(s): "C:/Program Files/Microsoft Visual Studio/2022/Community/Common7/IDE/CommonExtensions/Microsoft/CMake/Ninja/ninja.exe" -v cmTC_589dc
        [1/2] C:\\PROGRA~1\\MIB055~1\\2022\\COMMUN~1\\VC\\Tools\\MSVC\\1442~1.344\\bin\\Hostx64\\x64\\cl.exe  /nologo   /nologo /DWIN32 /D_WINDOWS /utf-8 /MP  -DCHECK_FUNCTION_EXISTS=__RTTI___ /D_DEBUG /MDd /Z7 /Ob0 /Od /RTC1 /showIncludes /FoCMakeFiles\\cmTC_589dc.dir\\CheckFunctionExists.c.obj /FdCMakeFiles\\cmTC_589dc.dir\\ /FS -c "C:\\Dev\\nauka praktyczna\\Wyciąganie info z .ssc\\vcpkg_installed\\x64-windows\\vcpkg\\blds\\taglib\\x64-windows-rel\\CMakeFiles\\CMakeScratch\\TryCompile-hg1iax\\CheckFunctionExists.c"
        [2/2] C:\\WINDOWS\\system32\\cmd.exe /C "cd . && "C:\\Program Files\\CMake\\bin\\cmake.exe" -E vs_link_exe --msvc-ver=1942 --intdir=CMakeFiles\\cmTC_589dc.dir --rc=C:\\PROGRA~2\\WI3CF2~1\\10\\bin\\100226~1.0\\x64\\rc.exe --mt=C:\\PROGRA~2\\WI3CF2~1\\10\\bin\\100226~1.0\\x64\\mt.exe --manifests  -- C:\\PROGRA~1\\MIB055~1\\2022\\COMMUN~1\\VC\\Tools\\MSVC\\1442~1.344\\bin\\Hostx64\\x64\\link.exe /nologo CMakeFiles\\cmTC_589dc.dir\\CheckFunctionExists.c.obj  /out:cmTC_589dc.exe /implib:cmTC_589dc.lib /pdb:cmTC_589dc.pdb /version:0.0 /machine:x64 /nologo /debug /INCREMENTAL /subsystem:console  Crun.lib  kernel32.lib user32.lib gdi32.lib winspool.lib shell32.lib ole32.lib oleaut32.lib uuid.lib comdlg32.lib advapi32.lib && cd ."
        FAILED: cmTC_589dc.exe 
        C:\\WINDOWS\\system32\\cmd.exe /C "cd . && "C:\\Program Files\\CMake\\bin\\cmake.exe" -E vs_link_exe --msvc-ver=1942 --intdir=CMakeFiles\\cmTC_589dc.dir --rc=C:\\PROGRA~2\\WI3CF2~1\\10\\bin\\100226~1.0\\x64\\rc.exe --mt=C:\\PROGRA~2\\WI3CF2~1\\10\\bin\\100226~1.0\\x64\\mt.exe --manifests  -- C:\\PROGRA~1\\MIB055~1\\2022\\COMMUN~1\\VC\\Tools\\MSVC\\1442~1.344\\bin\\Hostx64\\x64\\link.exe /nologo CMakeFiles\\cmTC_589dc.dir\\CheckFunctionExists.c.obj  /out:cmTC_589dc.exe /implib:cmTC_589dc.lib /pdb:cmTC_589dc.pdb /version:0.0 /machine:x64 /nologo /debug /INCREMENTAL /subsystem:console  Crun.lib  kernel32.lib user32.lib gdi32.lib winspool.lib shell32.lib ole32.lib oleaut32.lib uuid.lib comdlg32.lib advapi32.lib && cd ."
        LINK Pass 1: command "C:\\PROGRA~1\\MIB055~1\\2022\\COMMUN~1\\VC\\Tools\\MSVC\\1442~1.344\\bin\\Hostx64\\x64\\link.exe /nologo CMakeFiles\\cmTC_589dc.dir\\CheckFunctionExists.c.obj /out:cmTC_589dc.exe /implib:cmTC_589dc.lib /pdb:cmTC_589dc.pdb /version:0.0 /machine:x64 /nologo /debug /INCREMENTAL /subsystem:console Crun.lib kernel32.lib user32.lib gdi32.lib winspool.lib shell32.lib ole32.lib oleaut32.lib uuid.lib comdlg32.lib advapi32.lib /MANIFEST /MANIFESTFILE:CMakeFiles\\cmTC_589dc.dir/intermediate.manifest CMakeFiles\\cmTC_589dc.dir/manifest.res" failed (exit code 1104) with the following output:
        LINK : fatal error LNK1104: cannot open file 'Crun.lib'\x0d
        ninja: build stopped: subcommand failed.
        
      exitCode: 1
...
