
---
events:
  -
    kind: "message-v1"
    backtrace:
      - "C:/Program Files/CMake/share/cmake-4.0/Modules/CMakeDetermineSystem.cmake:205 (message)"
      - "CMakeLists.txt:3 (project)"
    message: |
      The system is: Windows - 10.0.19045 - AMD64
  -
    kind: "message-v1"
    backtrace:
      - "C:/Program Files/CMake/share/cmake-4.0/Modules/CMakeDetermineCompilerId.cmake:17 (message)"
      - "C:/Program Files/CMake/share/cmake-4.0/Modules/CMakeDetermineCompilerId.cmake:64 (__determine_compiler_id_test)"
      - "C:/Program Files/CMake/share/cmake-4.0/Modules/CMakeDetermineCCompiler.cmake:123 (CMAKE_DETERMINE_COMPILER_ID)"
      - "CMakeLists.txt:3 (project)"
    message: |
      Compiling the C compiler identification source file "CMakeCCompilerId.c" succeeded.
      Compiler: C:/Program Files/Microsoft Visual Studio/2022/Community/VC/Tools/MSVC/14.42.34433/bin/Hostx64/x64/cl.exe 
      Build flags: /nologo;/DWIN32;/D_WINDOWS;/utf-8;/MP
      Id flags:  
      
      The output was:
      0
      CMakeCCompilerId.c
      
      
      Compilation of the C compiler identification source "CMakeCCompilerId.c" produced "CMakeCCompilerId.exe"
      
      Compilation of the C compiler identification source "CMakeCCompilerId.c" produced "CMakeCCompilerId.obj"
      
      The C compiler identification is MSVC, found in:
        C:/Dev/nauka praktyczna/Wyciąganie info z .ssc/vcpkg_installed/x64-windows/vcpkg/blds/taglib/x64-windows-dbg/CMakeFiles/4.0.0-rc5/CompilerIdC/CMakeCCompilerId.exe
      
  -
    kind: "message-v1"
    backtrace:
      - "C:/Program Files/CMake/share/cmake-4.0/Modules/CMakeDetermineCompilerId.cmake:1281 (message)"
      - "C:/Program Files/CMake/share/cmake-4.0/Modules/CMakeDetermineCompilerId.cmake:250 (CMAKE_DETERMINE_MSVC_SHOWINCLUDES_PREFIX)"
      - "C:/Program Files/CMake/share/cmake-4.0/Modules/CMakeDetermineCCompiler.cmake:123 (CMAKE_DETERMINE_COMPILER_ID)"
      - "CMakeLists.txt:3 (project)"
    message: |
      Detecting C compiler /showIncludes prefix:
        main.c
        Note: including file: C:\\Dev\\nauka praktyczna\\Wyciąganie info z .ssc\\vcpkg_installed\\x64-windows\\vcpkg\\blds\\taglib\\x64-windows-dbg\\CMakeFiles\\ShowIncludes\\foo.h
        
      Found prefix "Note: including file: "
  -
    kind: "message-v1"
    backtrace:
      - "C:/Program Files/CMake/share/cmake-4.0/Modules/CMakeDetermineCompilerId.cmake:17 (message)"
      - "C:/Program Files/CMake/share/cmake-4.0/Modules/CMakeDetermineCompilerId.cmake:64 (__determine_compiler_id_test)"
      - "C:/Program Files/CMake/share/cmake-4.0/Modules/CMakeDetermineCXXCompiler.cmake:126 (CMAKE_DETERMINE_COMPILER_ID)"
      - "CMakeLists.txt:3 (project)"
    message: |
      Compiling the CXX compiler identification source file "CMakeCXXCompilerId.cpp" succeeded.
      Compiler: C:/Program Files/Microsoft Visual Studio/2022/Community/VC/Tools/MSVC/14.42.34433/bin/Hostx64/x64/cl.exe 
      Build flags: /nologo;/DWIN32;/D_WINDOWS;/utf-8;/GR;/EHsc;/MP
      Id flags:  
      
      The output was:
      0
      CMakeCXXCompilerId.cpp
      
      
      Compilation of the CXX compiler identification source "CMakeCXXCompilerId.cpp" produced "CMakeCXXCompilerId.exe"
      
      Compilation of the CXX compiler identification source "CMakeCXXCompilerId.cpp" produced "CMakeCXXCompilerId.obj"
      
      The CXX compiler identification is MSVC, found in:
        C:/Dev/nauka praktyczna/Wyciąganie info z .ssc/vcpkg_installed/x64-windows/vcpkg/blds/taglib/x64-windows-dbg/CMakeFiles/4.0.0-rc5/CompilerIdCXX/CMakeCXXCompilerId.exe
      
  -
    kind: "message-v1"
    backtrace:
      - "C:/Program Files/CMake/share/cmake-4.0/Modules/CMakeDetermineCompilerId.cmake:1281 (message)"
      - "C:/Program Files/CMake/share/cmake-4.0/Modules/CMakeDetermineCompilerId.cmake:250 (CMAKE_DETERMINE_MSVC_SHOWINCLUDES_PREFIX)"
      - "C:/Program Files/CMake/share/cmake-4.0/Modules/CMakeDetermineCXXCompiler.cmake:126 (CMAKE_DETERMINE_COMPILER_ID)"
      - "CMakeLists.txt:3 (project)"
    message: |
      Detecting CXX compiler /showIncludes prefix:
        main.c
        Note: including file: C:\\Dev\\nauka praktyczna\\Wyciąganie info z .ssc\\vcpkg_installed\\x64-windows\\vcpkg\\blds\\taglib\\x64-windows-dbg\\CMakeFiles\\ShowIncludes\\foo.h
        
      Found prefix "Note: including file: "
  -
    kind: "try_compile-v1"
    backtrace:
      - "C:/Program Files/CMake/share/cmake-4.0/Modules/CMakeDetermineCompilerABI.cmake:83 (try_compile)"
      - "C:/Program Files/CMake/share/cmake-4.0/Modules/CMakeTestCCompiler.cmake:26 (CMAKE_DETERMINE_COMPILER_ABI)"
      - "CMakeLists.txt:3 (project)"
    checks:
      - "Detecting C compiler ABI info"
    directories:
      source: "C:/Dev/nauka praktyczna/Wyci\u0105ganie info z .ssc/vcpkg_installed/x64-windows/vcpkg/blds/taglib/x64-windows-dbg/CMakeFiles/CMakeScratch/TryCompile-44c88q"
      binary: "C:/Dev/nauka praktyczna/Wyci\u0105ganie info z .ssc/vcpkg_installed/x64-windows/vcpkg/blds/taglib/x64-windows-dbg/CMakeFiles/CMakeScratch/TryCompile-44c88q"
    cmakeVariables:
      CMAKE_C_FLAGS: " /nologo /DWIN32 /D_WINDOWS /utf-8 /MP "
      CMAKE_EXE_LINKER_FLAGS: "/machine:x64"
      CMAKE_MSVC_DEBUG_INFORMATION_FORMAT: ""
      CMAKE_MSVC_RUNTIME_LIBRARY: "MultiThreaded$<$<CONFIG:Debug>:Debug>$<$<STREQUAL:dynamic,dynamic>:DLL>"
      VCPKG_CHAINLOAD_TOOLCHAIN_FILE: "C:/Program Files/Microsoft Visual Studio/2022/Community/VC/vcpkg/scripts/toolchains/windows.cmake"
      VCPKG_CRT_LINKAGE: "dynamic"
      VCPKG_CXX_FLAGS: ""
      VCPKG_CXX_FLAGS_DEBUG: ""
      VCPKG_CXX_FLAGS_RELEASE: ""
      VCPKG_C_FLAGS: ""
      VCPKG_C_FLAGS_DEBUG: ""
      VCPKG_C_FLAGS_RELEASE: ""
      VCPKG_INSTALLED_DIR: "C:/Dev/nauka praktyczna/Wyci\u0105ganie info z .ssc/vcpkg_installed/x64-windows"
      VCPKG_LINKER_FLAGS: ""
      VCPKG_LINKER_FLAGS_DEBUG: ""
      VCPKG_LINKER_FLAGS_RELEASE: ""
      VCPKG_PLATFORM_TOOLSET: "v143"
      VCPKG_PREFER_SYSTEM_LIBS: "OFF"
      VCPKG_SET_CHARSET_FLAG: "ON"
      VCPKG_TARGET_ARCHITECTURE: "x64"
      VCPKG_TARGET_TRIPLET: "x64-windows"
      Z_VCPKG_ROOT_DIR: "C:/Program Files/Microsoft Visual Studio/2022/Community/VC/vcpkg"
    buildResult:
      variable: "CMAKE_C_ABI_COMPILED"
      cached: true
      stdout: |
        Change Dir: 'C:/Dev/nauka praktyczna/Wyciąganie info z .ssc/vcpkg_installed/x64-windows/vcpkg/blds/taglib/x64-windows-dbg/CMakeFiles/CMakeScratch/TryCompile-44c88q'
        
        Run Build Command(s): "C:/Program Files/Microsoft Visual Studio/2022/Community/Common7/IDE/CommonExtensions/Microsoft/CMake/Ninja/ninja.exe" -v cmTC_2655b
        [1/2] C:\\PROGRA~1\\MIB055~1\\2022\\COMMUN~1\\VC\\Tools\\MSVC\\1442~1.344\\bin\\Hostx64\\x64\\cl.exe  /nologo   /nologo /DWIN32 /D_WINDOWS /utf-8 /MP   /D_DEBUG /MDd /Z7 /Ob0 /Od /RTC1 /showIncludes /FoCMakeFiles\\cmTC_2655b.dir\\CMakeCCompilerABI.c.obj /FdCMakeFiles\\cmTC_2655b.dir\\ /FS -c "C:\\Program Files\\CMake\\share\\cmake-4.0\\Modules\\CMakeCCompilerABI.c"
        [2/2] C:\\WINDOWS\\system32\\cmd.exe /C "cd . && "C:\\Program Files\\CMake\\bin\\cmake.exe" -E vs_link_exe --msvc-ver=1942 --intdir=CMakeFiles\\cmTC_2655b.dir --rc=C:\\PROGRA~2\\WI3CF2~1\\10\\bin\\100226~1.0\\x64\\rc.exe --mt=C:\\PROGRA~2\\WI3CF2~1\\10\\bin\\100226~1.0\\x64\\mt.exe --manifests  -- C:\\PROGRA~1\\MIB055~1\\2022\\COMMUN~1\\VC\\Tools\\MSVC\\1442~1.344\\bin\\Hostx64\\x64\\link.exe /nologo CMakeFiles\\cmTC_2655b.dir\\CMakeCCompilerABI.c.obj  /out:cmTC_2655b.exe /implib:cmTC_2655b.lib /pdb:cmTC_2655b.pdb /version:0.0 /machine:x64 /nologo /debug /INCREMENTAL /subsystem:console  kernel32.lib user32.lib gdi32.lib winspool.lib shell32.lib ole32.lib oleaut32.lib uuid.lib comdlg32.lib advapi32.lib && cd ."
        
      exitCode: 0
  -
    kind: "message-v1"
    backtrace:
      - "C:/Program Files/CMake/share/cmake-4.0/Modules/CMakeDetermineCompilerABI.cmake:227 (message)"
      - "C:/Program Files/CMake/share/cmake-4.0/Modules/CMakeTestCCompiler.cmake:26 (CMAKE_DETERMINE_COMPILER_ABI)"
      - "CMakeLists.txt:3 (project)"
    message: |
      Parsed C implicit link information:
        link line regex: [^( *|.*[/\\])(ld[0-9]*(|\\.[a-rt-z][a-z]*|\\.s[a-np-z][a-z]*|\\.so[a-z]+)|link\\.exe|lld-link(\\.exe)?|CMAKE_LINK_STARTFILE-NOTFOUND|([^/\\]+-)?ld|collect2)[^/\\]*( |$)]
        linker tool regex: [^[ 	]*(->|")?[ 	]*(([^"]*[/\\])?(ld[0-9]*(|\\.[a-rt-z][a-z]*|\\.s[a-np-z][a-z]*|\\.so[a-z]+)|link\\.exe|lld-link(\\.exe)?))("|,| |$)]
        linker tool for 'C': C:/PROGRA~1/MIB055~1/2022/COMMUN~1/VC/Tools/MSVC/1442~1.344/bin/Hostx64/x64/link.exe
        implicit libs: []
        implicit objs: []
        implicit dirs: []
        implicit fwks: []
      
      
  -
    kind: "message-v1"
    backtrace:
      - "C:/Program Files/CMake/share/cmake-4.0/Modules/Internal/CMakeDetermineLinkerId.cmake:36 (message)"
      - "C:/Program Files/CMake/share/cmake-4.0/Modules/CMakeDetermineCompilerABI.cmake:264 (cmake_determine_linker_id)"
      - "C:/Program Files/CMake/share/cmake-4.0/Modules/CMakeTestCCompiler.cmake:26 (CMAKE_DETERMINE_COMPILER_ABI)"
      - "CMakeLists.txt:3 (project)"
    message: |
      Running the C compiler's linker: "C:/PROGRA~1/MIB055~1/2022/COMMUN~1/VC/Tools/MSVC/1442~1.344/bin/Hostx64/x64/link.exe" "-v"
      Microsoft (R) Incremental Linker Version 14.42.34435.0
      Copyright (C) Microsoft Corporation.  All rights reserved.
  -
    kind: "try_compile-v1"
    backtrace:
      - "C:/Program Files/CMake/share/cmake-4.0/Modules/CMakeDetermineCompilerABI.cmake:83 (try_compile)"
      - "C:/Program Files/CMake/share/cmake-4.0/Modules/CMakeTestCXXCompiler.cmake:26 (CMAKE_DETERMINE_COMPILER_ABI)"
      - "CMakeLists.txt:3 (project)"
    checks:
      - "Detecting CXX compiler ABI info"
    directories:
      source: "C:/Dev/nauka praktyczna/Wyci\u0105ganie info z .ssc/vcpkg_installed/x64-windows/vcpkg/blds/taglib/x64-windows-dbg/CMakeFiles/CMakeScratch/TryCompile-7hq20a"
      binary: "C:/Dev/nauka praktyczna/Wyci\u0105ganie info z .ssc/vcpkg_installed/x64-windows/vcpkg/blds/taglib/x64-windows-dbg/CMakeFiles/CMakeScratch/TryCompile-7hq20a"
    cmakeVariables:
      CMAKE_CXX_FLAGS: " /nologo /DWIN32 /D_WINDOWS /utf-8 /GR /EHsc /MP "
      CMAKE_CXX_SCAN_FOR_MODULES: "OFF"
      CMAKE_EXE_LINKER_FLAGS: "/machine:x64"
      CMAKE_MSVC_DEBUG_INFORMATION_FORMAT: ""
      CMAKE_MSVC_RUNTIME_LIBRARY: "MultiThreaded$<$<CONFIG:Debug>:Debug>$<$<STREQUAL:dynamic,dynamic>:DLL>"
      VCPKG_CHAINLOAD_TOOLCHAIN_FILE: "C:/Program Files/Microsoft Visual Studio/2022/Community/VC/vcpkg/scripts/toolchains/windows.cmake"
      VCPKG_CRT_LINKAGE: "dynamic"
      VCPKG_CXX_FLAGS: ""
      VCPKG_CXX_FLAGS_DEBUG: ""
      VCPKG_CXX_FLAGS_RELEASE: ""
      VCPKG_C_FLAGS: ""
      VCPKG_C_FLAGS_DEBUG: ""
      VCPKG_C_FLAGS_RELEASE: ""
      VCPKG_INSTALLED_DIR: "C:/Dev/nauka praktyczna/Wyci\u0105ganie info z .ssc/vcpkg_installed/x64-windows"
      VCPKG_LINKER_FLAGS: ""
      VCPKG_LINKER_FLAGS_DEBUG: ""
      VCPKG_LINKER_FLAGS_RELEASE: ""
      VCPKG_PLATFORM_TOOLSET: "v143"
      VCPKG_PREFER_SYSTEM_LIBS: "OFF"
      VCPKG_SET_CHARSET_FLAG: "ON"
      VCPKG_TARGET_ARCHITECTURE: "x64"
      VCPKG_TARGET_TRIPLET: "x64-windows"
      Z_VCPKG_ROOT_DIR: "C:/Program Files/Microsoft Visual Studio/2022/Community/VC/vcpkg"
    buildResult:
      variable: "CMAKE_CXX_ABI_COMPILED"
      cached: true
      stdout: |
        Change Dir: 'C:/Dev/nauka praktyczna/Wyciąganie info z .ssc/vcpkg_installed/x64-windows/vcpkg/blds/taglib/x64-windows-dbg/CMakeFiles/CMakeScratch/TryCompile-7hq20a'
        
        Run Build Command(s): "C:/Program Files/Microsoft Visual Studio/2022/Community/Common7/IDE/CommonExtensions/Microsoft/CMake/Ninja/ninja.exe" -v cmTC_b1b40
        [1/2] C:\\PROGRA~1\\MIB055~1\\2022\\COMMUN~1\\VC\\Tools\\MSVC\\1442~1.344\\bin\\Hostx64\\x64\\cl.exe  /nologo /TP   /nologo /DWIN32 /D_WINDOWS /utf-8 /GR /EHsc /MP   /D_DEBUG /MDd /Z7 /Ob0 /Od /RTC1 /showIncludes /FoCMakeFiles\\cmTC_b1b40.dir\\CMakeCXXCompilerABI.cpp.obj /FdCMakeFiles\\cmTC_b1b40.dir\\ /FS -c "C:\\Program Files\\CMake\\share\\cmake-4.0\\Modules\\CMakeCXXCompilerABI.cpp"
        [2/2] C:\\WINDOWS\\system32\\cmd.exe /C "cd . && "C:\\Program Files\\CMake\\bin\\cmake.exe" -E vs_link_exe --msvc-ver=1942 --intdir=CMakeFiles\\cmTC_b1b40.dir --rc=C:\\PROGRA~2\\WI3CF2~1\\10\\bin\\100226~1.0\\x64\\rc.exe --mt=C:\\PROGRA~2\\WI3CF2~1\\10\\bin\\100226~1.0\\x64\\mt.exe --manifests  -- C:\\PROGRA~1\\MIB055~1\\2022\\COMMUN~1\\VC\\Tools\\MSVC\\1442~1.344\\bin\\Hostx64\\x64\\link.exe /nologo CMakeFiles\\cmTC_b1b40.dir\\CMakeCXXCompilerABI.cpp.obj  /out:cmTC_b1b40.exe /implib:cmTC_b1b40.lib /pdb:cmTC_b1b40.pdb /version:0.0 /machine:x64 /nologo /debug /INCREMENTAL /subsystem:console  kernel32.lib user32.lib gdi32.lib winspool.lib shell32.lib ole32.lib oleaut32.lib uuid.lib comdlg32.lib advapi32.lib && cd ."
        
      exitCode: 0
  -
    kind: "message-v1"
    backtrace:
      - "C:/Program Files/CMake/share/cmake-4.0/Modules/CMakeDetermineCompilerABI.cmake:227 (message)"
      - "C:/Program Files/CMake/share/cmake-4.0/Modules/CMakeTestCXXCompiler.cmake:26 (CMAKE_DETERMINE_COMPILER_ABI)"
      - "CMakeLists.txt:3 (project)"
    message: |
      Parsed CXX implicit link information:
        link line regex: [^( *|.*[/\\])(ld[0-9]*(|\\.[a-rt-z][a-z]*|\\.s[a-np-z][a-z]*|\\.so[a-z]+)|link\\.exe|lld-link(\\.exe)?|CMAKE_LINK_STARTFILE-NOTFOUND|([^/\\]+-)?ld|collect2)[^/\\]*( |$)]
        linker tool regex: [^[ 	]*(->|")?[ 	]*(([^"]*[/\\])?(ld[0-9]*(|\\.[a-rt-z][a-z]*|\\.s[a-np-z][a-z]*|\\.so[a-z]+)|link\\.exe|lld-link(\\.exe)?))("|,| |$)]
        linker tool for 'CXX': C:/PROGRA~1/MIB055~1/2022/COMMUN~1/VC/Tools/MSVC/1442~1.344/bin/Hostx64/x64/link.exe
        implicit libs: []
        implicit objs: []
        implicit dirs: []
        implicit fwks: []
      
      
  -
    kind: "message-v1"
    backtrace:
      - "C:/Program Files/CMake/share/cmake-4.0/Modules/Internal/CMakeDetermineLinkerId.cmake:36 (message)"
      - "C:/Program Files/CMake/share/cmake-4.0/Modules/CMakeDetermineCompilerABI.cmake:264 (cmake_determine_linker_id)"
      - "C:/Program Files/CMake/share/cmake-4.0/Modules/CMakeTestCXXCompiler.cmake:26 (CMAKE_DETERMINE_COMPILER_ABI)"
      - "CMakeLists.txt:3 (project)"
    message: |
      Running the CXX compiler's linker: "C:/PROGRA~1/MIB055~1/2022/COMMUN~1/VC/Tools/MSVC/1442~1.344/bin/Hostx64/x64/link.exe" "-v"
      Microsoft (R) Incremental Linker Version 14.42.34435.0
      Copyright (C) Microsoft Corporation.  All rights reserved.
  -
    kind: "try_compile-v1"
    backtrace:
      - "C:/Program Files/CMake/share/cmake-4.0/Modules/CheckIncludeFile.cmake:99 (try_compile)"
      - "C:/Program Files/CMake/share/cmake-4.0/Modules/CheckTypeSize.cmake:318 (check_include_file)"
      - "ConfigureChecks.cmake:7 (check_type_size)"
      - "CMakeLists.txt:98 (include)"
    checks:
      - "Looking for sys/types.h"
    directories:
      source: "C:/Dev/nauka praktyczna/Wyci\u0105ganie info z .ssc/vcpkg_installed/x64-windows/vcpkg/blds/taglib/x64-windows-dbg/CMakeFiles/CMakeScratch/TryCompile-ht1gqb"
      binary: "C:/Dev/nauka praktyczna/Wyci\u0105ganie info z .ssc/vcpkg_installed/x64-windows/vcpkg/blds/taglib/x64-windows-dbg/CMakeFiles/CMakeScratch/TryCompile-ht1gqb"
    cmakeVariables:
      CMAKE_C_FLAGS: " /nologo /DWIN32 /D_WINDOWS /utf-8 /MP "
      CMAKE_EXE_LINKER_FLAGS: "/machine:x64"
      CMAKE_MODULE_PATH: "C:/Dev/nauka praktyczna/Wyci\u0105ganie info z .ssc/vcpkg_installed/x64-windows/vcpkg/blds/taglib/src/v2.0-2fb6cacda4.clean/cmake/modules"
      CMAKE_MSVC_DEBUG_INFORMATION_FORMAT: ""
      CMAKE_MSVC_RUNTIME_LIBRARY: "MultiThreaded$<$<CONFIG:Debug>:Debug>$<$<STREQUAL:dynamic,dynamic>:DLL>"
      VCPKG_CHAINLOAD_TOOLCHAIN_FILE: "C:/Program Files/Microsoft Visual Studio/2022/Community/VC/vcpkg/scripts/toolchains/windows.cmake"
      VCPKG_CRT_LINKAGE: "dynamic"
      VCPKG_CXX_FLAGS: ""
      VCPKG_CXX_FLAGS_DEBUG: ""
      VCPKG_CXX_FLAGS_RELEASE: ""
      VCPKG_C_FLAGS: ""
      VCPKG_C_FLAGS_DEBUG: ""
      VCPKG_C_FLAGS_RELEASE: ""
      VCPKG_INSTALLED_DIR: "C:/Dev/nauka praktyczna/Wyci\u0105ganie info z .ssc/vcpkg_installed/x64-windows"
      VCPKG_LINKER_FLAGS: ""
      VCPKG_LINKER_FLAGS_DEBUG: ""
      VCPKG_LINKER_FLAGS_RELEASE: ""
      VCPKG_PLATFORM_TOOLSET: "v143"
      VCPKG_PREFER_SYSTEM_LIBS: "OFF"
      VCPKG_SET_CHARSET_FLAG: "ON"
      VCPKG_TARGET_ARCHITECTURE: "x64"
      VCPKG_TARGET_TRIPLET: "x64-windows"
      Z_VCPKG_ROOT_DIR: "C:/Program Files/Microsoft Visual Studio/2022/Community/VC/vcpkg"
    buildResult:
      variable: "HAVE_SYS_TYPES_H"
      cached: true
      stdout: |
        Change Dir: 'C:/Dev/nauka praktyczna/Wyciąganie info z .ssc/vcpkg_installed/x64-windows/vcpkg/blds/taglib/x64-windows-dbg/CMakeFiles/CMakeScratch/TryCompile-ht1gqb'
        
        Run Build Command(s): "C:/Program Files/Microsoft Visual Studio/2022/Community/Common7/IDE/CommonExtensions/Microsoft/CMake/Ninja/ninja.exe" -v cmTC_70364
        [1/2] C:\\PROGRA~1\\MIB055~1\\2022\\COMMUN~1\\VC\\Tools\\MSVC\\1442~1.344\\bin\\Hostx64\\x64\\cl.exe  /nologo   /nologo /DWIN32 /D_WINDOWS /utf-8 /MP   /D_DEBUG /MDd /Z7 /Ob0 /Od /RTC1 /showIncludes /FoCMakeFiles\\cmTC_70364.dir\\CheckIncludeFile.c.obj /FdCMakeFiles\\cmTC_70364.dir\\ /FS -c "C:\\Dev\\nauka praktyczna\\Wyciąganie info z .ssc\\vcpkg_installed\\x64-windows\\vcpkg\\blds\\taglib\\x64-windows-dbg\\CMakeFiles\\CMakeScratch\\TryCompile-ht1gqb\\CheckIncludeFile.c"
        [2/2] C:\\WINDOWS\\system32\\cmd.exe /C "cd . && "C:\\Program Files\\CMake\\bin\\cmake.exe" -E vs_link_exe --msvc-ver=1942 --intdir=CMakeFiles\\cmTC_70364.dir --rc=C:\\PROGRA~2\\WI3CF2~1\\10\\bin\\100226~1.0\\x64\\rc.exe --mt=C:\\PROGRA~2\\WI3CF2~1\\10\\bin\\100226~1.0\\x64\\mt.exe --manifests  -- C:\\PROGRA~1\\MIB055~1\\2022\\COMMUN~1\\VC\\Tools\\MSVC\\1442~1.344\\bin\\Hostx64\\x64\\link.exe /nologo CMakeFiles\\cmTC_70364.dir\\CheckIncludeFile.c.obj  /out:cmTC_70364.exe /implib:cmTC_70364.lib /pdb:cmTC_70364.pdb /version:0.0 /machine:x64 /nologo /debug /INCREMENTAL /subsystem:console  kernel32.lib user32.lib gdi32.lib winspool.lib shell32.lib ole32.lib oleaut32.lib uuid.lib comdlg32.lib advapi32.lib && cd ."
        
      exitCode: 0
  -
    kind: "try_compile-v1"
    backtrace:
      - "C:/Program Files/CMake/share/cmake-4.0/Modules/CheckIncludeFile.cmake:99 (try_compile)"
      - "C:/Program Files/CMake/share/cmake-4.0/Modules/CheckTypeSize.cmake:319 (check_include_file)"
      - "ConfigureChecks.cmake:7 (check_type_size)"
      - "CMakeLists.txt:98 (include)"
    checks:
      - "Looking for stdint.h"
    directories:
      source: "C:/Dev/nauka praktyczna/Wyci\u0105ganie info z .ssc/vcpkg_installed/x64-windows/vcpkg/blds/taglib/x64-windows-dbg/CMakeFiles/CMakeScratch/TryCompile-b4dczl"
      binary: "C:/Dev/nauka praktyczna/Wyci\u0105ganie info z .ssc/vcpkg_installed/x64-windows/vcpkg/blds/taglib/x64-windows-dbg/CMakeFiles/CMakeScratch/TryCompile-b4dczl"
    cmakeVariables:
      CMAKE_C_FLAGS: " /nologo /DWIN32 /D_WINDOWS /utf-8 /MP "
      CMAKE_EXE_LINKER_FLAGS: "/machine:x64"
      CMAKE_MODULE_PATH: "C:/Dev/nauka praktyczna/Wyci\u0105ganie info z .ssc/vcpkg_installed/x64-windows/vcpkg/blds/taglib/src/v2.0-2fb6cacda4.clean/cmake/modules"
      CMAKE_MSVC_DEBUG_INFORMATION_FORMAT: ""
      CMAKE_MSVC_RUNTIME_LIBRARY: "MultiThreaded$<$<CONFIG:Debug>:Debug>$<$<STREQUAL:dynamic,dynamic>:DLL>"
      VCPKG_CHAINLOAD_TOOLCHAIN_FILE: "C:/Program Files/Microsoft Visual Studio/2022/Community/VC/vcpkg/scripts/toolchains/windows.cmake"
      VCPKG_CRT_LINKAGE: "dynamic"
      VCPKG_CXX_FLAGS: ""
      VCPKG_CXX_FLAGS_DEBUG: ""
      VCPKG_CXX_FLAGS_RELEASE: ""
      VCPKG_C_FLAGS: ""
      VCPKG_C_FLAGS_DEBUG: ""
      VCPKG_C_FLAGS_RELEASE: ""
      VCPKG_INSTALLED_DIR: "C:/Dev/nauka praktyczna/Wyci\u0105ganie info z .ssc/vcpkg_installed/x64-windows"
      VCPKG_LINKER_FLAGS: ""
      VCPKG_LINKER_FLAGS_DEBUG: ""
      VCPKG_LINKER_FLAGS_RELEASE: ""
      VCPKG_PLATFORM_TOOLSET: "v143"
      VCPKG_PREFER_SYSTEM_LIBS: "OFF"
      VCPKG_SET_CHARSET_FLAG: "ON"
      VCPKG_TARGET_ARCHITECTURE: "x64"
      VCPKG_TARGET_TRIPLET: "x64-windows"
      Z_VCPKG_ROOT_DIR: "C:/Program Files/Microsoft Visual Studio/2022/Community/VC/vcpkg"
    buildResult:
      variable: "HAVE_STDINT_H"
      cached: true
      stdout: |
        Change Dir: 'C:/Dev/nauka praktyczna/Wyciąganie info z .ssc/vcpkg_installed/x64-windows/vcpkg/blds/taglib/x64-windows-dbg/CMakeFiles/CMakeScratch/TryCompile-b4dczl'
        
        Run Build Command(s): "C:/Program Files/Microsoft Visual Studio/2022/Community/Common7/IDE/CommonExtensions/Microsoft/CMake/Ninja/ninja.exe" -v cmTC_ce594
        [1/2] C:\\PROGRA~1\\MIB055~1\\2022\\COMMUN~1\\VC\\Tools\\MSVC\\1442~1.344\\bin\\Hostx64\\x64\\cl.exe  /nologo   /nologo /DWIN32 /D_WINDOWS /utf-8 /MP   /D_DEBUG /MDd /Z7 /Ob0 /Od /RTC1 /showIncludes /FoCMakeFiles\\cmTC_ce594.dir\\CheckIncludeFile.c.obj /FdCMakeFiles\\cmTC_ce594.dir\\ /FS -c "C:\\Dev\\nauka praktyczna\\Wyciąganie info z .ssc\\vcpkg_installed\\x64-windows\\vcpkg\\blds\\taglib\\x64-windows-dbg\\CMakeFiles\\CMakeScratch\\TryCompile-b4dczl\\CheckIncludeFile.c"
        [2/2] C:\\WINDOWS\\system32\\cmd.exe /C "cd . && "C:\\Program Files\\CMake\\bin\\cmake.exe" -E vs_link_exe --msvc-ver=1942 --intdir=CMakeFiles\\cmTC_ce594.dir --rc=C:\\PROGRA~2\\WI3CF2~1\\10\\bin\\100226~1.0\\x64\\rc.exe --mt=C:\\PROGRA~2\\WI3CF2~1\\10\\bin\\100226~1.0\\x64\\mt.exe --manifests  -- C:\\PROGRA~1\\MIB055~1\\2022\\COMMUN~1\\VC\\Tools\\MSVC\\1442~1.344\\bin\\Hostx64\\x64\\link.exe /nologo CMakeFiles\\cmTC_ce594.dir\\CheckIncludeFile.c.obj  /out:cmTC_ce594.exe /implib:cmTC_ce594.lib /pdb:cmTC_ce594.pdb /version:0.0 /machine:x64 /nologo /debug /INCREMENTAL /subsystem:console  kernel32.lib user32.lib gdi32.lib winspool.lib shell32.lib ole32.lib oleaut32.lib uuid.lib comdlg32.lib advapi32.lib && cd ."
        
      exitCode: 0
  -
    kind: "try_compile-v1"
    backtrace:
      - "C:/Program Files/CMake/share/cmake-4.0/Modules/CheckIncludeFile.cmake:99 (try_compile)"
      - "C:/Program Files/CMake/share/cmake-4.0/Modules/CheckTypeSize.cmake:320 (check_include_file)"
      - "ConfigureChecks.cmake:7 (check_type_size)"
      - "CMakeLists.txt:98 (include)"
    checks:
      - "Looking for stddef.h"
    directories:
      source: "C:/Dev/nauka praktyczna/Wyci\u0105ganie info z .ssc/vcpkg_installed/x64-windows/vcpkg/blds/taglib/x64-windows-dbg/CMakeFiles/CMakeScratch/TryCompile-a96usy"
      binary: "C:/Dev/nauka praktyczna/Wyci\u0105ganie info z .ssc/vcpkg_installed/x64-windows/vcpkg/blds/taglib/x64-windows-dbg/CMakeFiles/CMakeScratch/TryCompile-a96usy"
    cmakeVariables:
      CMAKE_C_FLAGS: " /nologo /DWIN32 /D_WINDOWS /utf-8 /MP "
      CMAKE_EXE_LINKER_FLAGS: "/machine:x64"
      CMAKE_MODULE_PATH: "C:/Dev/nauka praktyczna/Wyci\u0105ganie info z .ssc/vcpkg_installed/x64-windows/vcpkg/blds/taglib/src/v2.0-2fb6cacda4.clean/cmake/modules"
      CMAKE_MSVC_DEBUG_INFORMATION_FORMAT: ""
      CMAKE_MSVC_RUNTIME_LIBRARY: "MultiThreaded$<$<CONFIG:Debug>:Debug>$<$<STREQUAL:dynamic,dynamic>:DLL>"
      VCPKG_CHAINLOAD_TOOLCHAIN_FILE: "C:/Program Files/Microsoft Visual Studio/2022/Community/VC/vcpkg/scripts/toolchains/windows.cmake"
      VCPKG_CRT_LINKAGE: "dynamic"
      VCPKG_CXX_FLAGS: ""
      VCPKG_CXX_FLAGS_DEBUG: ""
      VCPKG_CXX_FLAGS_RELEASE: ""
      VCPKG_C_FLAGS: ""
      VCPKG_C_FLAGS_DEBUG: ""
      VCPKG_C_FLAGS_RELEASE: ""
      VCPKG_INSTALLED_DIR: "C:/Dev/nauka praktyczna/Wyci\u0105ganie info z .ssc/vcpkg_installed/x64-windows"
      VCPKG_LINKER_FLAGS: ""
      VCPKG_LINKER_FLAGS_DEBUG: ""
      VCPKG_LINKER_FLAGS_RELEASE: ""
      VCPKG_PLATFORM_TOOLSET: "v143"
      VCPKG_PREFER_SYSTEM_LIBS: "OFF"
      VCPKG_SET_CHARSET_FLAG: "ON"
      VCPKG_TARGET_ARCHITECTURE: "x64"
      VCPKG_TARGET_TRIPLET: "x64-windows"
      Z_VCPKG_ROOT_DIR: "C:/Program Files/Microsoft Visual Studio/2022/Community/VC/vcpkg"
    buildResult:
      variable: "HAVE_STDDEF_H"
      cached: true
      stdout: |
        Change Dir: 'C:/Dev/nauka praktyczna/Wyciąganie info z .ssc/vcpkg_installed/x64-windows/vcpkg/blds/taglib/x64-windows-dbg/CMakeFiles/CMakeScratch/TryCompile-a96usy'
        
        Run Build Command(s): "C:/Program Files/Microsoft Visual Studio/2022/Community/Common7/IDE/CommonExtensions/Microsoft/CMake/Ninja/ninja.exe" -v cmTC_7ae8e
        [1/2] C:\\PROGRA~1\\MIB055~1\\2022\\COMMUN~1\\VC\\Tools\\MSVC\\1442~1.344\\bin\\Hostx64\\x64\\cl.exe  /nologo   /nologo /DWIN32 /D_WINDOWS /utf-8 /MP   /D_DEBUG /MDd /Z7 /Ob0 /Od /RTC1 /showIncludes /FoCMakeFiles\\cmTC_7ae8e.dir\\CheckIncludeFile.c.obj /FdCMakeFiles\\cmTC_7ae8e.dir\\ /FS -c "C:\\Dev\\nauka praktyczna\\Wyciąganie info z .ssc\\vcpkg_installed\\x64-windows\\vcpkg\\blds\\taglib\\x64-windows-dbg\\CMakeFiles\\CMakeScratch\\TryCompile-a96usy\\CheckIncludeFile.c"
        [2/2] C:\\WINDOWS\\system32\\cmd.exe /C "cd . && "C:\\Program Files\\CMake\\bin\\cmake.exe" -E vs_link_exe --msvc-ver=1942 --intdir=CMakeFiles\\cmTC_7ae8e.dir --rc=C:\\PROGRA~2\\WI3CF2~1\\10\\bin\\100226~1.0\\x64\\rc.exe --mt=C:\\PROGRA~2\\WI3CF2~1\\10\\bin\\100226~1.0\\x64\\mt.exe --manifests  -- C:\\PROGRA~1\\MIB055~1\\2022\\COMMUN~1\\VC\\Tools\\MSVC\\1442~1.344\\bin\\Hostx64\\x64\\link.exe /nologo CMakeFiles\\cmTC_7ae8e.dir\\CheckIncludeFile.c.obj  /out:cmTC_7ae8e.exe /implib:cmTC_7ae8e.lib /pdb:cmTC_7ae8e.pdb /version:0.0 /machine:x64 /nologo /debug /INCREMENTAL /subsystem:console  kernel32.lib user32.lib gdi32.lib winspool.lib shell32.lib ole32.lib oleaut32.lib uuid.lib comdlg32.lib advapi32.lib && cd ."
        
      exitCode: 0
  -
    kind: "try_compile-v1"
    backtrace:
      - "C:/Program Files/CMake/share/cmake-4.0/Modules/CheckTypeSize.cmake:212 (try_compile)"
      - "C:/Program Files/CMake/share/cmake-4.0/Modules/CheckTypeSize.cmake:339 (__check_type_size_impl)"
      - "ConfigureChecks.cmake:7 (check_type_size)"
      - "CMakeLists.txt:98 (include)"
    checks:
      - "Check size of short"
    directories:
      source: "C:/Dev/nauka praktyczna/Wyci\u0105ganie info z .ssc/vcpkg_installed/x64-windows/vcpkg/blds/taglib/x64-windows-dbg/CMakeFiles/CMakeScratch/TryCompile-ml1scj"
      binary: "C:/Dev/nauka praktyczna/Wyci\u0105ganie info z .ssc/vcpkg_installed/x64-windows/vcpkg/blds/taglib/x64-windows-dbg/CMakeFiles/CMakeScratch/TryCompile-ml1scj"
    cmakeVariables:
      CMAKE_C_FLAGS: " /nologo /DWIN32 /D_WINDOWS /utf-8 /MP "
      CMAKE_EXE_LINKER_FLAGS: "/machine:x64"
      CMAKE_MODULE_PATH: "C:/Dev/nauka praktyczna/Wyci\u0105ganie info z .ssc/vcpkg_installed/x64-windows/vcpkg/blds/taglib/src/v2.0-2fb6cacda4.clean/cmake/modules"
      CMAKE_MSVC_DEBUG_INFORMATION_FORMAT: ""
      CMAKE_MSVC_RUNTIME_LIBRARY: "MultiThreaded$<$<CONFIG:Debug>:Debug>$<$<STREQUAL:dynamic,dynamic>:DLL>"
      VCPKG_CHAINLOAD_TOOLCHAIN_FILE: "C:/Program Files/Microsoft Visual Studio/2022/Community/VC/vcpkg/scripts/toolchains/windows.cmake"
      VCPKG_CRT_LINKAGE: "dynamic"
      VCPKG_CXX_FLAGS: ""
      VCPKG_CXX_FLAGS_DEBUG: ""
      VCPKG_CXX_FLAGS_RELEASE: ""
      VCPKG_C_FLAGS: ""
      VCPKG_C_FLAGS_DEBUG: ""
      VCPKG_C_FLAGS_RELEASE: ""
      VCPKG_INSTALLED_DIR: "C:/Dev/nauka praktyczna/Wyci\u0105ganie info z .ssc/vcpkg_installed/x64-windows"
      VCPKG_LINKER_FLAGS: ""
      VCPKG_LINKER_FLAGS_DEBUG: ""
      VCPKG_LINKER_FLAGS_RELEASE: ""
      VCPKG_PLATFORM_TOOLSET: "v143"
      VCPKG_PREFER_SYSTEM_LIBS: "OFF"
      VCPKG_SET_CHARSET_FLAG: "ON"
      VCPKG_TARGET_ARCHITECTURE: "x64"
      VCPKG_TARGET_TRIPLET: "x64-windows"
      Z_VCPKG_ROOT_DIR: "C:/Program Files/Microsoft Visual Studio/2022/Community/VC/vcpkg"
    buildResult:
      variable: "HAVE_SIZEOF_SHORT"
      cached: true
      stdout: |
        Change Dir: 'C:/Dev/nauka praktyczna/Wyciąganie info z .ssc/vcpkg_installed/x64-windows/vcpkg/blds/taglib/x64-windows-dbg/CMakeFiles/CMakeScratch/TryCompile-ml1scj'
        
        Run Build Command(s): "C:/Program Files/Microsoft Visual Studio/2022/Community/Common7/IDE/CommonExtensions/Microsoft/CMake/Ninja/ninja.exe" -v cmTC_e1064
        [1/2] C:\\PROGRA~1\\MIB055~1\\2022\\COMMUN~1\\VC\\Tools\\MSVC\\1442~1.344\\bin\\Hostx64\\x64\\cl.exe  /nologo   /nologo /DWIN32 /D_WINDOWS /utf-8 /MP   /D_DEBUG /MDd /Z7 /Ob0 /Od /RTC1 /showIncludes /FoCMakeFiles\\cmTC_e1064.dir\\SIZEOF_SHORT.c.obj /FdCMakeFiles\\cmTC_e1064.dir\\ /FS -c "C:\\Dev\\nauka praktyczna\\Wyciąganie info z .ssc\\vcpkg_installed\\x64-windows\\vcpkg\\blds\\taglib\\x64-windows-dbg\\CMakeFiles\\CMakeScratch\\TryCompile-ml1scj\\SIZEOF_SHORT.c"
        [2/2] C:\\WINDOWS\\system32\\cmd.exe /C "cd . && "C:\\Program Files\\CMake\\bin\\cmake.exe" -E vs_link_exe --msvc-ver=1942 --intdir=CMakeFiles\\cmTC_e1064.dir --rc=C:\\PROGRA~2\\WI3CF2~1\\10\\bin\\100226~1.0\\x64\\rc.exe --mt=C:\\PROGRA~2\\WI3CF2~1\\10\\bin\\100226~1.0\\x64\\mt.exe --manifests  -- C:\\PROGRA~1\\MIB055~1\\2022\\COMMUN~1\\VC\\Tools\\MSVC\\1442~1.344\\bin\\Hostx64\\x64\\link.exe /nologo CMakeFiles\\cmTC_e1064.dir\\SIZEOF_SHORT.c.obj  /out:cmTC_e1064.exe /implib:cmTC_e1064.lib /pdb:cmTC_e1064.pdb /version:0.0 /machine:x64 /nologo /debug /INCREMENTAL /subsystem:console  kernel32.lib user32.lib gdi32.lib winspool.lib shell32.lib ole32.lib oleaut32.lib uuid.lib comdlg32.lib advapi32.lib && cd ."
        
      exitCode: 0
  -
    kind: "try_compile-v1"
    backtrace:
      - "C:/Program Files/CMake/share/cmake-4.0/Modules/CheckTypeSize.cmake:212 (try_compile)"
      - "C:/Program Files/CMake/share/cmake-4.0/Modules/CheckTypeSize.cmake:339 (__check_type_size_impl)"
      - "ConfigureChecks.cmake:12 (check_type_size)"
      - "CMakeLists.txt:98 (include)"
    checks:
      - "Check size of int"
    directories:
      source: "C:/Dev/nauka praktyczna/Wyci\u0105ganie info z .ssc/vcpkg_installed/x64-windows/vcpkg/blds/taglib/x64-windows-dbg/CMakeFiles/CMakeScratch/TryCompile-ld5v1b"
      binary: "C:/Dev/nauka praktyczna/Wyci\u0105ganie info z .ssc/vcpkg_installed/x64-windows/vcpkg/blds/taglib/x64-windows-dbg/CMakeFiles/CMakeScratch/TryCompile-ld5v1b"
    cmakeVariables:
      CMAKE_C_FLAGS: " /nologo /DWIN32 /D_WINDOWS /utf-8 /MP "
      CMAKE_EXE_LINKER_FLAGS: "/machine:x64"
      CMAKE_MODULE_PATH: "C:/Dev/nauka praktyczna/Wyci\u0105ganie info z .ssc/vcpkg_installed/x64-windows/vcpkg/blds/taglib/src/v2.0-2fb6cacda4.clean/cmake/modules"
      CMAKE_MSVC_DEBUG_INFORMATION_FORMAT: ""
      CMAKE_MSVC_RUNTIME_LIBRARY: "MultiThreaded$<$<CONFIG:Debug>:Debug>$<$<STREQUAL:dynamic,dynamic>:DLL>"
      VCPKG_CHAINLOAD_TOOLCHAIN_FILE: "C:/Program Files/Microsoft Visual Studio/2022/Community/VC/vcpkg/scripts/toolchains/windows.cmake"
      VCPKG_CRT_LINKAGE: "dynamic"
      VCPKG_CXX_FLAGS: ""
      VCPKG_CXX_FLAGS_DEBUG: ""
      VCPKG_CXX_FLAGS_RELEASE: ""
      VCPKG_C_FLAGS: ""
      VCPKG_C_FLAGS_DEBUG: ""
      VCPKG_C_FLAGS_RELEASE: ""
      VCPKG_INSTALLED_DIR: "C:/Dev/nauka praktyczna/Wyci\u0105ganie info z .ssc/vcpkg_installed/x64-windows"
      VCPKG_LINKER_FLAGS: ""
      VCPKG_LINKER_FLAGS_DEBUG: ""
      VCPKG_LINKER_FLAGS_RELEASE: ""
      VCPKG_PLATFORM_TOOLSET: "v143"
      VCPKG_PREFER_SYSTEM_LIBS: "OFF"
      VCPKG_SET_CHARSET_FLAG: "ON"
      VCPKG_TARGET_ARCHITECTURE: "x64"
      VCPKG_TARGET_TRIPLET: "x64-windows"
      Z_VCPKG_ROOT_DIR: "C:/Program Files/Microsoft Visual Studio/2022/Community/VC/vcpkg"
    buildResult:
      variable: "HAVE_SIZEOF_INT"
      cached: true
      stdout: |
        Change Dir: 'C:/Dev/nauka praktyczna/Wyciąganie info z .ssc/vcpkg_installed/x64-windows/vcpkg/blds/taglib/x64-windows-dbg/CMakeFiles/CMakeScratch/TryCompile-ld5v1b'
        
        Run Build Command(s): "C:/Program Files/Microsoft Visual Studio/2022/Community/Common7/IDE/CommonExtensions/Microsoft/CMake/Ninja/ninja.exe" -v cmTC_e08ed
        [1/2] C:\\PROGRA~1\\MIB055~1\\2022\\COMMUN~1\\VC\\Tools\\MSVC\\1442~1.344\\bin\\Hostx64\\x64\\cl.exe  /nologo   /nologo /DWIN32 /D_WINDOWS /utf-8 /MP   /D_DEBUG /MDd /Z7 /Ob0 /Od /RTC1 /showIncludes /FoCMakeFiles\\cmTC_e08ed.dir\\SIZEOF_INT.c.obj /FdCMakeFiles\\cmTC_e08ed.dir\\ /FS -c "C:\\Dev\\nauka praktyczna\\Wyciąganie info z .ssc\\vcpkg_installed\\x64-windows\\vcpkg\\blds\\taglib\\x64-windows-dbg\\CMakeFiles\\CMakeScratch\\TryCompile-ld5v1b\\SIZEOF_INT.c"
        [2/2] C:\\WINDOWS\\system32\\cmd.exe /C "cd . && "C:\\Program Files\\CMake\\bin\\cmake.exe" -E vs_link_exe --msvc-ver=1942 --intdir=CMakeFiles\\cmTC_e08ed.dir --rc=C:\\PROGRA~2\\WI3CF2~1\\10\\bin\\100226~1.0\\x64\\rc.exe --mt=C:\\PROGRA~2\\WI3CF2~1\\10\\bin\\100226~1.0\\x64\\mt.exe --manifests  -- C:\\PROGRA~1\\MIB055~1\\2022\\COMMUN~1\\VC\\Tools\\MSVC\\1442~1.344\\bin\\Hostx64\\x64\\link.exe /nologo CMakeFiles\\cmTC_e08ed.dir\\SIZEOF_INT.c.obj  /out:cmTC_e08ed.exe /implib:cmTC_e08ed.lib /pdb:cmTC_e08ed.pdb /version:0.0 /machine:x64 /nologo /debug /INCREMENTAL /subsystem:console  kernel32.lib user32.lib gdi32.lib winspool.lib shell32.lib ole32.lib oleaut32.lib uuid.lib comdlg32.lib advapi32.lib && cd ."
        
      exitCode: 0
  -
    kind: "try_compile-v1"
    backtrace:
      - "C:/Program Files/CMake/share/cmake-4.0/Modules/CheckTypeSize.cmake:212 (try_compile)"
      - "C:/Program Files/CMake/share/cmake-4.0/Modules/CheckTypeSize.cmake:339 (__check_type_size_impl)"
      - "ConfigureChecks.cmake:17 (check_type_size)"
      - "CMakeLists.txt:98 (include)"
    checks:
      - "Check size of long long"
    directories:
      source: "C:/Dev/nauka praktyczna/Wyci\u0105ganie info z .ssc/vcpkg_installed/x64-windows/vcpkg/blds/taglib/x64-windows-dbg/CMakeFiles/CMakeScratch/TryCompile-4uzi34"
      binary: "C:/Dev/nauka praktyczna/Wyci\u0105ganie info z .ssc/vcpkg_installed/x64-windows/vcpkg/blds/taglib/x64-windows-dbg/CMakeFiles/CMakeScratch/TryCompile-4uzi34"
    cmakeVariables:
      CMAKE_C_FLAGS: " /nologo /DWIN32 /D_WINDOWS /utf-8 /MP "
      CMAKE_EXE_LINKER_FLAGS: "/machine:x64"
      CMAKE_MODULE_PATH: "C:/Dev/nauka praktyczna/Wyci\u0105ganie info z .ssc/vcpkg_installed/x64-windows/vcpkg/blds/taglib/src/v2.0-2fb6cacda4.clean/cmake/modules"
      CMAKE_MSVC_DEBUG_INFORMATION_FORMAT: ""
      CMAKE_MSVC_RUNTIME_LIBRARY: "MultiThreaded$<$<CONFIG:Debug>:Debug>$<$<STREQUAL:dynamic,dynamic>:DLL>"
      VCPKG_CHAINLOAD_TOOLCHAIN_FILE: "C:/Program Files/Microsoft Visual Studio/2022/Community/VC/vcpkg/scripts/toolchains/windows.cmake"
      VCPKG_CRT_LINKAGE: "dynamic"
      VCPKG_CXX_FLAGS: ""
      VCPKG_CXX_FLAGS_DEBUG: ""
      VCPKG_CXX_FLAGS_RELEASE: ""
      VCPKG_C_FLAGS: ""
      VCPKG_C_FLAGS_DEBUG: ""
      VCPKG_C_FLAGS_RELEASE: ""
      VCPKG_INSTALLED_DIR: "C:/Dev/nauka praktyczna/Wyci\u0105ganie info z .ssc/vcpkg_installed/x64-windows"
      VCPKG_LINKER_FLAGS: ""
      VCPKG_LINKER_FLAGS_DEBUG: ""
      VCPKG_LINKER_FLAGS_RELEASE: ""
      VCPKG_PLATFORM_TOOLSET: "v143"
      VCPKG_PREFER_SYSTEM_LIBS: "OFF"
      VCPKG_SET_CHARSET_FLAG: "ON"
      VCPKG_TARGET_ARCHITECTURE: "x64"
      VCPKG_TARGET_TRIPLET: "x64-windows"
      Z_VCPKG_ROOT_DIR: "C:/Program Files/Microsoft Visual Studio/2022/Community/VC/vcpkg"
    buildResult:
      variable: "HAVE_SIZEOF_LONGLONG"
      cached: true
      stdout: |
        Change Dir: 'C:/Dev/nauka praktyczna/Wyciąganie info z .ssc/vcpkg_installed/x64-windows/vcpkg/blds/taglib/x64-windows-dbg/CMakeFiles/CMakeScratch/TryCompile-4uzi34'
        
        Run Build Command(s): "C:/Program Files/Microsoft Visual Studio/2022/Community/Common7/IDE/CommonExtensions/Microsoft/CMake/Ninja/ninja.exe" -v cmTC_182f1
        [1/2] C:\\PROGRA~1\\MIB055~1\\2022\\COMMUN~1\\VC\\Tools\\MSVC\\1442~1.344\\bin\\Hostx64\\x64\\cl.exe  /nologo   /nologo /DWIN32 /D_WINDOWS /utf-8 /MP   /D_DEBUG /MDd /Z7 /Ob0 /Od /RTC1 /showIncludes /FoCMakeFiles\\cmTC_182f1.dir\\SIZEOF_LONGLONG.c.obj /FdCMakeFiles\\cmTC_182f1.dir\\ /FS -c "C:\\Dev\\nauka praktyczna\\Wyciąganie info z .ssc\\vcpkg_installed\\x64-windows\\vcpkg\\blds\\taglib\\x64-windows-dbg\\CMakeFiles\\CMakeScratch\\TryCompile-4uzi34\\SIZEOF_LONGLONG.c"
        [2/2] C:\\WINDOWS\\system32\\cmd.exe /C "cd . && "C:\\Program Files\\CMake\\bin\\cmake.exe" -E vs_link_exe --msvc-ver=1942 --intdir=CMakeFiles\\cmTC_182f1.dir --rc=C:\\PROGRA~2\\WI3CF2~1\\10\\bin\\100226~1.0\\x64\\rc.exe --mt=C:\\PROGRA~2\\WI3CF2~1\\10\\bin\\100226~1.0\\x64\\mt.exe --manifests  -- C:\\PROGRA~1\\MIB055~1\\2022\\COMMUN~1\\VC\\Tools\\MSVC\\1442~1.344\\bin\\Hostx64\\x64\\link.exe /nologo CMakeFiles\\cmTC_182f1.dir\\SIZEOF_LONGLONG.c.obj  /out:cmTC_182f1.exe /implib:cmTC_182f1.lib /pdb:cmTC_182f1.pdb /version:0.0 /machine:x64 /nologo /debug /INCREMENTAL /subsystem:console  kernel32.lib user32.lib gdi32.lib winspool.lib shell32.lib ole32.lib oleaut32.lib uuid.lib comdlg32.lib advapi32.lib && cd ."
        
      exitCode: 0
  -
    kind: "try_compile-v1"
    backtrace:
      - "C:/Program Files/CMake/share/cmake-4.0/Modules/CheckTypeSize.cmake:212 (try_compile)"
      - "C:/Program Files/CMake/share/cmake-4.0/Modules/CheckTypeSize.cmake:339 (__check_type_size_impl)"
      - "ConfigureChecks.cmake:23 (check_type_size)"
      - "CMakeLists.txt:98 (include)"
    checks:
      - "Check size of wchar_t"
    directories:
      source: "C:/Dev/nauka praktyczna/Wyci\u0105ganie info z .ssc/vcpkg_installed/x64-windows/vcpkg/blds/taglib/x64-windows-dbg/CMakeFiles/CMakeScratch/TryCompile-z6cav7"
      binary: "C:/Dev/nauka praktyczna/Wyci\u0105ganie info z .ssc/vcpkg_installed/x64-windows/vcpkg/blds/taglib/x64-windows-dbg/CMakeFiles/CMakeScratch/TryCompile-z6cav7"
    cmakeVariables:
      CMAKE_C_FLAGS: " /nologo /DWIN32 /D_WINDOWS /utf-8 /MP "
      CMAKE_EXE_LINKER_FLAGS: "/machine:x64"
      CMAKE_MODULE_PATH: "C:/Dev/nauka praktyczna/Wyci\u0105ganie info z .ssc/vcpkg_installed/x64-windows/vcpkg/blds/taglib/src/v2.0-2fb6cacda4.clean/cmake/modules"
      CMAKE_MSVC_DEBUG_INFORMATION_FORMAT: ""
      CMAKE_MSVC_RUNTIME_LIBRARY: "MultiThreaded$<$<CONFIG:Debug>:Debug>$<$<STREQUAL:dynamic,dynamic>:DLL>"
      VCPKG_CHAINLOAD_TOOLCHAIN_FILE: "C:/Program Files/Microsoft Visual Studio/2022/Community/VC/vcpkg/scripts/toolchains/windows.cmake"
      VCPKG_CRT_LINKAGE: "dynamic"
      VCPKG_CXX_FLAGS: ""
      VCPKG_CXX_FLAGS_DEBUG: ""
      VCPKG_CXX_FLAGS_RELEASE: ""
      VCPKG_C_FLAGS: ""
      VCPKG_C_FLAGS_DEBUG: ""
      VCPKG_C_FLAGS_RELEASE: ""
      VCPKG_INSTALLED_DIR: "C:/Dev/nauka praktyczna/Wyci\u0105ganie info z .ssc/vcpkg_installed/x64-windows"
      VCPKG_LINKER_FLAGS: ""
      VCPKG_LINKER_FLAGS_DEBUG: ""
      VCPKG_LINKER_FLAGS_RELEASE: ""
      VCPKG_PLATFORM_TOOLSET: "v143"
      VCPKG_PREFER_SYSTEM_LIBS: "OFF"
      VCPKG_SET_CHARSET_FLAG: "ON"
      VCPKG_TARGET_ARCHITECTURE: "x64"
      VCPKG_TARGET_TRIPLET: "x64-windows"
      Z_VCPKG_ROOT_DIR: "C:/Program Files/Microsoft Visual Studio/2022/Community/VC/vcpkg"
    buildResult:
      variable: "HAVE_SIZEOF_WCHAR_T"
      cached: true
      stdout: |
        Change Dir: 'C:/Dev/nauka praktyczna/Wyciąganie info z .ssc/vcpkg_installed/x64-windows/vcpkg/blds/taglib/x64-windows-dbg/CMakeFiles/CMakeScratch/TryCompile-z6cav7'
        
        Run Build Command(s): "C:/Program Files/Microsoft Visual Studio/2022/Community/Common7/IDE/CommonExtensions/Microsoft/CMake/Ninja/ninja.exe" -v cmTC_9ca7a
        [1/2] C:\\PROGRA~1\\MIB055~1\\2022\\COMMUN~1\\VC\\Tools\\MSVC\\1442~1.344\\bin\\Hostx64\\x64\\cl.exe  /nologo   /nologo /DWIN32 /D_WINDOWS /utf-8 /MP   /D_DEBUG /MDd /Z7 /Ob0 /Od /RTC1 /showIncludes /FoCMakeFiles\\cmTC_9ca7a.dir\\SIZEOF_WCHAR_T.c.obj /FdCMakeFiles\\cmTC_9ca7a.dir\\ /FS -c "C:\\Dev\\nauka praktyczna\\Wyciąganie info z .ssc\\vcpkg_installed\\x64-windows\\vcpkg\\blds\\taglib\\x64-windows-dbg\\CMakeFiles\\CMakeScratch\\TryCompile-z6cav7\\SIZEOF_WCHAR_T.c"
        [2/2] C:\\WINDOWS\\system32\\cmd.exe /C "cd . && "C:\\Program Files\\CMake\\bin\\cmake.exe" -E vs_link_exe --msvc-ver=1942 --intdir=CMakeFiles\\cmTC_9ca7a.dir --rc=C:\\PROGRA~2\\WI3CF2~1\\10\\bin\\100226~1.0\\x64\\rc.exe --mt=C:\\PROGRA~2\\WI3CF2~1\\10\\bin\\100226~1.0\\x64\\mt.exe --manifests  -- C:\\PROGRA~1\\MIB055~1\\2022\\COMMUN~1\\VC\\Tools\\MSVC\\1442~1.344\\bin\\Hostx64\\x64\\link.exe /nologo CMakeFiles\\cmTC_9ca7a.dir\\SIZEOF_WCHAR_T.c.obj  /out:cmTC_9ca7a.exe /implib:cmTC_9ca7a.lib /pdb:cmTC_9ca7a.pdb /version:0.0 /machine:x64 /nologo /debug /INCREMENTAL /subsystem:console  kernel32.lib user32.lib gdi32.lib winspool.lib shell32.lib ole32.lib oleaut32.lib uuid.lib comdlg32.lib advapi32.lib && cd ."
        
      exitCode: 0
  -
    kind: "try_compile-v1"
    backtrace:
      - "C:/Program Files/CMake/share/cmake-4.0/Modules/CheckTypeSize.cmake:212 (try_compile)"
      - "C:/Program Files/CMake/share/cmake-4.0/Modules/CheckTypeSize.cmake:339 (__check_type_size_impl)"
      - "ConfigureChecks.cmake:29 (check_type_size)"
      - "CMakeLists.txt:98 (include)"
    checks:
      - "Check size of float"
    directories:
      source: "C:/Dev/nauka praktyczna/Wyci\u0105ganie info z .ssc/vcpkg_installed/x64-windows/vcpkg/blds/taglib/x64-windows-dbg/CMakeFiles/CMakeScratch/TryCompile-hkfvk0"
      binary: "C:/Dev/nauka praktyczna/Wyci\u0105ganie info z .ssc/vcpkg_installed/x64-windows/vcpkg/blds/taglib/x64-windows-dbg/CMakeFiles/CMakeScratch/TryCompile-hkfvk0"
    cmakeVariables:
      CMAKE_C_FLAGS: " /nologo /DWIN32 /D_WINDOWS /utf-8 /MP "
      CMAKE_EXE_LINKER_FLAGS: "/machine:x64"
      CMAKE_MODULE_PATH: "C:/Dev/nauka praktyczna/Wyci\u0105ganie info z .ssc/vcpkg_installed/x64-windows/vcpkg/blds/taglib/src/v2.0-2fb6cacda4.clean/cmake/modules"
      CMAKE_MSVC_DEBUG_INFORMATION_FORMAT: ""
      CMAKE_MSVC_RUNTIME_LIBRARY: "MultiThreaded$<$<CONFIG:Debug>:Debug>$<$<STREQUAL:dynamic,dynamic>:DLL>"
      VCPKG_CHAINLOAD_TOOLCHAIN_FILE: "C:/Program Files/Microsoft Visual Studio/2022/Community/VC/vcpkg/scripts/toolchains/windows.cmake"
      VCPKG_CRT_LINKAGE: "dynamic"
      VCPKG_CXX_FLAGS: ""
      VCPKG_CXX_FLAGS_DEBUG: ""
      VCPKG_CXX_FLAGS_RELEASE: ""
      VCPKG_C_FLAGS: ""
      VCPKG_C_FLAGS_DEBUG: ""
      VCPKG_C_FLAGS_RELEASE: ""
      VCPKG_INSTALLED_DIR: "C:/Dev/nauka praktyczna/Wyci\u0105ganie info z .ssc/vcpkg_installed/x64-windows"
      VCPKG_LINKER_FLAGS: ""
      VCPKG_LINKER_FLAGS_DEBUG: ""
      VCPKG_LINKER_FLAGS_RELEASE: ""
      VCPKG_PLATFORM_TOOLSET: "v143"
      VCPKG_PREFER_SYSTEM_LIBS: "OFF"
      VCPKG_SET_CHARSET_FLAG: "ON"
      VCPKG_TARGET_ARCHITECTURE: "x64"
      VCPKG_TARGET_TRIPLET: "x64-windows"
      Z_VCPKG_ROOT_DIR: "C:/Program Files/Microsoft Visual Studio/2022/Community/VC/vcpkg"
    buildResult:
      variable: "HAVE_SIZEOF_FLOAT"
      cached: true
      stdout: |
        Change Dir: 'C:/Dev/nauka praktyczna/Wyciąganie info z .ssc/vcpkg_installed/x64-windows/vcpkg/blds/taglib/x64-windows-dbg/CMakeFiles/CMakeScratch/TryCompile-hkfvk0'
        
        Run Build Command(s): "C:/Program Files/Microsoft Visual Studio/2022/Community/Common7/IDE/CommonExtensions/Microsoft/CMake/Ninja/ninja.exe" -v cmTC_4560b
        [1/2] C:\\PROGRA~1\\MIB055~1\\2022\\COMMUN~1\\VC\\Tools\\MSVC\\1442~1.344\\bin\\Hostx64\\x64\\cl.exe  /nologo   /nologo /DWIN32 /D_WINDOWS /utf-8 /MP   /D_DEBUG /MDd /Z7 /Ob0 /Od /RTC1 /showIncludes /FoCMakeFiles\\cmTC_4560b.dir\\SIZEOF_FLOAT.c.obj /FdCMakeFiles\\cmTC_4560b.dir\\ /FS -c "C:\\Dev\\nauka praktyczna\\Wyciąganie info z .ssc\\vcpkg_installed\\x64-windows\\vcpkg\\blds\\taglib\\x64-windows-dbg\\CMakeFiles\\CMakeScratch\\TryCompile-hkfvk0\\SIZEOF_FLOAT.c"
        [2/2] C:\\WINDOWS\\system32\\cmd.exe /C "cd . && "C:\\Program Files\\CMake\\bin\\cmake.exe" -E vs_link_exe --msvc-ver=1942 --intdir=CMakeFiles\\cmTC_4560b.dir --rc=C:\\PROGRA~2\\WI3CF2~1\\10\\bin\\100226~1.0\\x64\\rc.exe --mt=C:\\PROGRA~2\\WI3CF2~1\\10\\bin\\100226~1.0\\x64\\mt.exe --manifests  -- C:\\PROGRA~1\\MIB055~1\\2022\\COMMUN~1\\VC\\Tools\\MSVC\\1442~1.344\\bin\\Hostx64\\x64\\link.exe /nologo CMakeFiles\\cmTC_4560b.dir\\SIZEOF_FLOAT.c.obj  /out:cmTC_4560b.exe /implib:cmTC_4560b.lib /pdb:cmTC_4560b.pdb /version:0.0 /machine:x64 /nologo /debug /INCREMENTAL /subsystem:console  kernel32.lib user32.lib gdi32.lib winspool.lib shell32.lib ole32.lib oleaut32.lib uuid.lib comdlg32.lib advapi32.lib && cd ."
        
      exitCode: 0
  -
    kind: "try_compile-v1"
    backtrace:
      - "C:/Program Files/CMake/share/cmake-4.0/Modules/CheckTypeSize.cmake:212 (try_compile)"
      - "C:/Program Files/CMake/share/cmake-4.0/Modules/CheckTypeSize.cmake:339 (__check_type_size_impl)"
      - "ConfigureChecks.cmake:34 (check_type_size)"
      - "CMakeLists.txt:98 (include)"
    checks:
      - "Check size of double"
    directories:
      source: "C:/Dev/nauka praktyczna/Wyci\u0105ganie info z .ssc/vcpkg_installed/x64-windows/vcpkg/blds/taglib/x64-windows-dbg/CMakeFiles/CMakeScratch/TryCompile-m7o9cm"
      binary: "C:/Dev/nauka praktyczna/Wyci\u0105ganie info z .ssc/vcpkg_installed/x64-windows/vcpkg/blds/taglib/x64-windows-dbg/CMakeFiles/CMakeScratch/TryCompile-m7o9cm"
    cmakeVariables:
      CMAKE_C_FLAGS: " /nologo /DWIN32 /D_WINDOWS /utf-8 /MP "
      CMAKE_EXE_LINKER_FLAGS: "/machine:x64"
      CMAKE_MODULE_PATH: "C:/Dev/nauka praktyczna/Wyci\u0105ganie info z .ssc/vcpkg_installed/x64-windows/vcpkg/blds/taglib/src/v2.0-2fb6cacda4.clean/cmake/modules"
      CMAKE_MSVC_DEBUG_INFORMATION_FORMAT: ""
      CMAKE_MSVC_RUNTIME_LIBRARY: "MultiThreaded$<$<CONFIG:Debug>:Debug>$<$<STREQUAL:dynamic,dynamic>:DLL>"
      VCPKG_CHAINLOAD_TOOLCHAIN_FILE: "C:/Program Files/Microsoft Visual Studio/2022/Community/VC/vcpkg/scripts/toolchains/windows.cmake"
      VCPKG_CRT_LINKAGE: "dynamic"
      VCPKG_CXX_FLAGS: ""
      VCPKG_CXX_FLAGS_DEBUG: ""
      VCPKG_CXX_FLAGS_RELEASE: ""
      VCPKG_C_FLAGS: ""
      VCPKG_C_FLAGS_DEBUG: ""
      VCPKG_C_FLAGS_RELEASE: ""
      VCPKG_INSTALLED_DIR: "C:/Dev/nauka praktyczna/Wyci\u0105ganie info z .ssc/vcpkg_installed/x64-windows"
      VCPKG_LINKER_FLAGS: ""
      VCPKG_LINKER_FLAGS_DEBUG: ""
      VCPKG_LINKER_FLAGS_RELEASE: ""
      VCPKG_PLATFORM_TOOLSET: "v143"
      VCPKG_PREFER_SYSTEM_LIBS: "OFF"
      VCPKG_SET_CHARSET_FLAG: "ON"
      VCPKG_TARGET_ARCHITECTURE: "x64"
      VCPKG_TARGET_TRIPLET: "x64-windows"
      Z_VCPKG_ROOT_DIR: "C:/Program Files/Microsoft Visual Studio/2022/Community/VC/vcpkg"
    buildResult:
      variable: "HAVE_SIZEOF_DOUBLE"
      cached: true
      stdout: |
        Change Dir: 'C:/Dev/nauka praktyczna/Wyciąganie info z .ssc/vcpkg_installed/x64-windows/vcpkg/blds/taglib/x64-windows-dbg/CMakeFiles/CMakeScratch/TryCompile-m7o9cm'
        
        Run Build Command(s): "C:/Program Files/Microsoft Visual Studio/2022/Community/Common7/IDE/CommonExtensions/Microsoft/CMake/Ninja/ninja.exe" -v cmTC_58eb5
        [1/2] C:\\PROGRA~1\\MIB055~1\\2022\\COMMUN~1\\VC\\Tools\\MSVC\\1442~1.344\\bin\\Hostx64\\x64\\cl.exe  /nologo   /nologo /DWIN32 /D_WINDOWS /utf-8 /MP   /D_DEBUG /MDd /Z7 /Ob0 /Od /RTC1 /showIncludes /FoCMakeFiles\\cmTC_58eb5.dir\\SIZEOF_DOUBLE.c.obj /FdCMakeFiles\\cmTC_58eb5.dir\\ /FS -c "C:\\Dev\\nauka praktyczna\\Wyciąganie info z .ssc\\vcpkg_installed\\x64-windows\\vcpkg\\blds\\taglib\\x64-windows-dbg\\CMakeFiles\\CMakeScratch\\TryCompile-m7o9cm\\SIZEOF_DOUBLE.c"
        [2/2] C:\\WINDOWS\\system32\\cmd.exe /C "cd . && "C:\\Program Files\\CMake\\bin\\cmake.exe" -E vs_link_exe --msvc-ver=1942 --intdir=CMakeFiles\\cmTC_58eb5.dir --rc=C:\\PROGRA~2\\WI3CF2~1\\10\\bin\\100226~1.0\\x64\\rc.exe --mt=C:\\PROGRA~2\\WI3CF2~1\\10\\bin\\100226~1.0\\x64\\mt.exe --manifests  -- C:\\PROGRA~1\\MIB055~1\\2022\\COMMUN~1\\VC\\Tools\\MSVC\\1442~1.344\\bin\\Hostx64\\x64\\link.exe /nologo CMakeFiles\\cmTC_58eb5.dir\\SIZEOF_DOUBLE.c.obj  /out:cmTC_58eb5.exe /implib:cmTC_58eb5.lib /pdb:cmTC_58eb5.pdb /version:0.0 /machine:x64 /nologo /debug /INCREMENTAL /subsystem:console  kernel32.lib user32.lib gdi32.lib winspool.lib shell32.lib ole32.lib oleaut32.lib uuid.lib comdlg32.lib advapi32.lib && cd ."
        
      exitCode: 0
  -
    kind: "try_compile-v1"
    backtrace:
      - "C:/Program Files/CMake/share/cmake-4.0/Modules/Internal/CheckSourceCompiles.cmake:104 (try_compile)"
      - "C:/Program Files/CMake/share/cmake-4.0/Modules/CheckCXXSourceCompiles.cmake:58 (cmake_check_source_compiles)"
      - "ConfigureChecks.cmake:41 (check_cxx_source_compiles)"
      - "CMakeLists.txt:98 (include)"
    checks:
      - "Performing Test HAVE_GCC_BYTESWAP"
    directories:
      source: "C:/Dev/nauka praktyczna/Wyci\u0105ganie info z .ssc/vcpkg_installed/x64-windows/vcpkg/blds/taglib/x64-windows-dbg/CMakeFiles/CMakeScratch/TryCompile-2yu498"
      binary: "C:/Dev/nauka praktyczna/Wyci\u0105ganie info z .ssc/vcpkg_installed/x64-windows/vcpkg/blds/taglib/x64-windows-dbg/CMakeFiles/CMakeScratch/TryCompile-2yu498"
    cmakeVariables:
      CMAKE_CXX_FLAGS: " /nologo /DWIN32 /D_WINDOWS /utf-8 /GR /EHsc /MP "
      CMAKE_EXE_LINKER_FLAGS: "/machine:x64"
      CMAKE_MODULE_PATH: "C:/Dev/nauka praktyczna/Wyci\u0105ganie info z .ssc/vcpkg_installed/x64-windows/vcpkg/blds/taglib/src/v2.0-2fb6cacda4.clean/cmake/modules"
      CMAKE_MSVC_DEBUG_INFORMATION_FORMAT: ""
      CMAKE_MSVC_RUNTIME_LIBRARY: "MultiThreaded$<$<CONFIG:Debug>:Debug>$<$<STREQUAL:dynamic,dynamic>:DLL>"
      VCPKG_CHAINLOAD_TOOLCHAIN_FILE: "C:/Program Files/Microsoft Visual Studio/2022/Community/VC/vcpkg/scripts/toolchains/windows.cmake"
      VCPKG_CRT_LINKAGE: "dynamic"
      VCPKG_CXX_FLAGS: ""
      VCPKG_CXX_FLAGS_DEBUG: ""
      VCPKG_CXX_FLAGS_RELEASE: ""
      VCPKG_C_FLAGS: ""
      VCPKG_C_FLAGS_DEBUG: ""
      VCPKG_C_FLAGS_RELEASE: ""
      VCPKG_INSTALLED_DIR: "C:/Dev/nauka praktyczna/Wyci\u0105ganie info z .ssc/vcpkg_installed/x64-windows"
      VCPKG_LINKER_FLAGS: ""
      VCPKG_LINKER_FLAGS_DEBUG: ""
      VCPKG_LINKER_FLAGS_RELEASE: ""
      VCPKG_PLATFORM_TOOLSET: "v143"
      VCPKG_PREFER_SYSTEM_LIBS: "OFF"
      VCPKG_SET_CHARSET_FLAG: "ON"
      VCPKG_TARGET_ARCHITECTURE: "x64"
      VCPKG_TARGET_TRIPLET: "x64-windows"
      Z_VCPKG_ROOT_DIR: "C:/Program Files/Microsoft Visual Studio/2022/Community/VC/vcpkg"
    buildResult:
      variable: "HAVE_GCC_BYTESWAP"
      cached: true
      stdout: |
        Change Dir: 'C:/Dev/nauka praktyczna/Wyciąganie info z .ssc/vcpkg_installed/x64-windows/vcpkg/blds/taglib/x64-windows-dbg/CMakeFiles/CMakeScratch/TryCompile-2yu498'
        
        Run Build Command(s): "C:/Program Files/Microsoft Visual Studio/2022/Community/Common7/IDE/CommonExtensions/Microsoft/CMake/Ninja/ninja.exe" -v cmTC_5fa5e
        [1/2] C:\\PROGRA~1\\MIB055~1\\2022\\COMMUN~1\\VC\\Tools\\MSVC\\1442~1.344\\bin\\Hostx64\\x64\\cl.exe  /nologo /TP -DHAVE_GCC_BYTESWAP  /nologo /DWIN32 /D_WINDOWS /utf-8 /GR /EHsc /MP   /D_DEBUG /MDd /Z7 /Ob0 /Od /RTC1 /showIncludes /FoCMakeFiles\\cmTC_5fa5e.dir\\src.cxx.obj /FdCMakeFiles\\cmTC_5fa5e.dir\\ /FS -c "C:\\Dev\\nauka praktyczna\\Wyciąganie info z .ssc\\vcpkg_installed\\x64-windows\\vcpkg\\blds\\taglib\\x64-windows-dbg\\CMakeFiles\\CMakeScratch\\TryCompile-2yu498\\src.cxx"
        FAILED: CMakeFiles/cmTC_5fa5e.dir/src.cxx.obj 
        C:\\PROGRA~1\\MIB055~1\\2022\\COMMUN~1\\VC\\Tools\\MSVC\\1442~1.344\\bin\\Hostx64\\x64\\cl.exe  /nologo /TP -DHAVE_GCC_BYTESWAP  /nologo /DWIN32 /D_WINDOWS /utf-8 /GR /EHsc /MP   /D_DEBUG /MDd /Z7 /Ob0 /Od /RTC1 /showIncludes /FoCMakeFiles\\cmTC_5fa5e.dir\\src.cxx.obj /FdCMakeFiles\\cmTC_5fa5e.dir\\ /FS -c "C:\\Dev\\nauka praktyczna\\Wyciąganie info z .ssc\\vcpkg_installed\\x64-windows\\vcpkg\\blds\\taglib\\x64-windows-dbg\\CMakeFiles\\CMakeScratch\\TryCompile-2yu498\\src.cxx"
        C:\\Dev\\nauka praktyczna\\Wyciąganie info z .ssc\\vcpkg_installed\\x64-windows\\vcpkg\\blds\\taglib\\x64-windows-dbg\\CMakeFiles\\CMakeScratch\\TryCompile-2yu498\\src.cxx(3): error C3861: '__builtin_bswap16': identifier not found
        C:\\Dev\\nauka praktyczna\\Wyciąganie info z .ssc\\vcpkg_installed\\x64-windows\\vcpkg\\blds\\taglib\\x64-windows-dbg\\CMakeFiles\\CMakeScratch\\TryCompile-2yu498\\src.cxx(4): error C3861: '__builtin_bswap32': identifier not found
        C:\\Dev\\nauka praktyczna\\Wyciąganie info z .ssc\\vcpkg_installed\\x64-windows\\vcpkg\\blds\\taglib\\x64-windows-dbg\\CMakeFiles\\CMakeScratch\\TryCompile-2yu498\\src.cxx(5): error C3861: '__builtin_bswap64': identifier not found
        ninja: build stopped: subcommand failed.
        
      exitCode: 1
  -
    kind: "try_compile-v1"
    backtrace:
      - "C:/Program Files/CMake/share/cmake-4.0/Modules/Internal/CheckSourceCompiles.cmake:104 (try_compile)"
      - "C:/Program Files/CMake/share/cmake-4.0/Modules/CheckCXXSourceCompiles.cmake:58 (cmake_check_source_compiles)"
      - "ConfigureChecks.cmake:51 (check_cxx_source_compiles)"
      - "CMakeLists.txt:98 (include)"
    checks:
      - "Performing Test HAVE_GLIBC_BYTESWAP"
    directories:
      source: "C:/Dev/nauka praktyczna/Wyci\u0105ganie info z .ssc/vcpkg_installed/x64-windows/vcpkg/blds/taglib/x64-windows-dbg/CMakeFiles/CMakeScratch/TryCompile-m9etw5"
      binary: "C:/Dev/nauka praktyczna/Wyci\u0105ganie info z .ssc/vcpkg_installed/x64-windows/vcpkg/blds/taglib/x64-windows-dbg/CMakeFiles/CMakeScratch/TryCompile-m9etw5"
    cmakeVariables:
      CMAKE_CXX_FLAGS: " /nologo /DWIN32 /D_WINDOWS /utf-8 /GR /EHsc /MP "
      CMAKE_EXE_LINKER_FLAGS: "/machine:x64"
      CMAKE_MODULE_PATH: "C:/Dev/nauka praktyczna/Wyci\u0105ganie info z .ssc/vcpkg_installed/x64-windows/vcpkg/blds/taglib/src/v2.0-2fb6cacda4.clean/cmake/modules"
      CMAKE_MSVC_DEBUG_INFORMATION_FORMAT: ""
      CMAKE_MSVC_RUNTIME_LIBRARY: "MultiThreaded$<$<CONFIG:Debug>:Debug>$<$<STREQUAL:dynamic,dynamic>:DLL>"
      VCPKG_CHAINLOAD_TOOLCHAIN_FILE: "C:/Program Files/Microsoft Visual Studio/2022/Community/VC/vcpkg/scripts/toolchains/windows.cmake"
      VCPKG_CRT_LINKAGE: "dynamic"
      VCPKG_CXX_FLAGS: ""
      VCPKG_CXX_FLAGS_DEBUG: ""
      VCPKG_CXX_FLAGS_RELEASE: ""
      VCPKG_C_FLAGS: ""
      VCPKG_C_FLAGS_DEBUG: ""
      VCPKG_C_FLAGS_RELEASE: ""
      VCPKG_INSTALLED_DIR: "C:/Dev/nauka praktyczna/Wyci\u0105ganie info z .ssc/vcpkg_installed/x64-windows"
      VCPKG_LINKER_FLAGS: ""
      VCPKG_LINKER_FLAGS_DEBUG: ""
      VCPKG_LINKER_FLAGS_RELEASE: ""
      VCPKG_PLATFORM_TOOLSET: "v143"
      VCPKG_PREFER_SYSTEM_LIBS: "OFF"
      VCPKG_SET_CHARSET_FLAG: "ON"
      VCPKG_TARGET_ARCHITECTURE: "x64"
      VCPKG_TARGET_TRIPLET: "x64-windows"
      Z_VCPKG_ROOT_DIR: "C:/Program Files/Microsoft Visual Studio/2022/Community/VC/vcpkg"
    buildResult:
      variable: "HAVE_GLIBC_BYTESWAP"
      cached: true
      stdout: |
        Change Dir: 'C:/Dev/nauka praktyczna/Wyciąganie info z .ssc/vcpkg_installed/x64-windows/vcpkg/blds/taglib/x64-windows-dbg/CMakeFiles/CMakeScratch/TryCompile-m9etw5'
        
        Run Build Command(s): "C:/Program Files/Microsoft Visual Studio/2022/Community/Common7/IDE/CommonExtensions/Microsoft/CMake/Ninja/ninja.exe" -v cmTC_dc494
        [1/2] C:\\PROGRA~1\\MIB055~1\\2022\\COMMUN~1\\VC\\Tools\\MSVC\\1442~1.344\\bin\\Hostx64\\x64\\cl.exe  /nologo /TP -DHAVE_GLIBC_BYTESWAP  /nologo /DWIN32 /D_WINDOWS /utf-8 /GR /EHsc /MP   /D_DEBUG /MDd /Z7 /Ob0 /Od /RTC1 /showIncludes /FoCMakeFiles\\cmTC_dc494.dir\\src.cxx.obj /FdCMakeFiles\\cmTC_dc494.dir\\ /FS -c "C:\\Dev\\nauka praktyczna\\Wyciąganie info z .ssc\\vcpkg_installed\\x64-windows\\vcpkg\\blds\\taglib\\x64-windows-dbg\\CMakeFiles\\CMakeScratch\\TryCompile-m9etw5\\src.cxx"
        FAILED: CMakeFiles/cmTC_dc494.dir/src.cxx.obj 
        C:\\PROGRA~1\\MIB055~1\\2022\\COMMUN~1\\VC\\Tools\\MSVC\\1442~1.344\\bin\\Hostx64\\x64\\cl.exe  /nologo /TP -DHAVE_GLIBC_BYTESWAP  /nologo /DWIN32 /D_WINDOWS /utf-8 /GR /EHsc /MP   /D_DEBUG /MDd /Z7 /Ob0 /Od /RTC1 /showIncludes /FoCMakeFiles\\cmTC_dc494.dir\\src.cxx.obj /FdCMakeFiles\\cmTC_dc494.dir\\ /FS -c "C:\\Dev\\nauka praktyczna\\Wyciąganie info z .ssc\\vcpkg_installed\\x64-windows\\vcpkg\\blds\\taglib\\x64-windows-dbg\\CMakeFiles\\CMakeScratch\\TryCompile-m9etw5\\src.cxx"
        C:\\Dev\\nauka praktyczna\\Wyciąganie info z .ssc\\vcpkg_installed\\x64-windows\\vcpkg\\blds\\taglib\\x64-windows-dbg\\CMakeFiles\\CMakeScratch\\TryCompile-m9etw5\\src.cxx(2): fatal error C1083: Cannot open include file: 'byteswap.h': No such file or directory
        ninja: build stopped: subcommand failed.
        
      exitCode: 1
  -
    kind: "try_compile-v1"
    backtrace:
      - "C:/Program Files/CMake/share/cmake-4.0/Modules/Internal/CheckSourceCompiles.cmake:104 (try_compile)"
      - "C:/Program Files/CMake/share/cmake-4.0/Modules/CheckCXXSourceCompiles.cmake:58 (cmake_check_source_compiles)"
      - "ConfigureChecks.cmake:62 (check_cxx_source_compiles)"
      - "CMakeLists.txt:98 (include)"
    checks:
      - "Performing Test HAVE_MSC_BYTESWAP"
    directories:
      source: "C:/Dev/nauka praktyczna/Wyci\u0105ganie info z .ssc/vcpkg_installed/x64-windows/vcpkg/blds/taglib/x64-windows-dbg/CMakeFiles/CMakeScratch/TryCompile-5kivj2"
      binary: "C:/Dev/nauka praktyczna/Wyci\u0105ganie info z .ssc/vcpkg_installed/x64-windows/vcpkg/blds/taglib/x64-windows-dbg/CMakeFiles/CMakeScratch/TryCompile-5kivj2"
    cmakeVariables:
      CMAKE_CXX_FLAGS: " /nologo /DWIN32 /D_WINDOWS /utf-8 /GR /EHsc /MP "
      CMAKE_EXE_LINKER_FLAGS: "/machine:x64"
      CMAKE_MODULE_PATH: "C:/Dev/nauka praktyczna/Wyci\u0105ganie info z .ssc/vcpkg_installed/x64-windows/vcpkg/blds/taglib/src/v2.0-2fb6cacda4.clean/cmake/modules"
      CMAKE_MSVC_DEBUG_INFORMATION_FORMAT: ""
      CMAKE_MSVC_RUNTIME_LIBRARY: "MultiThreaded$<$<CONFIG:Debug>:Debug>$<$<STREQUAL:dynamic,dynamic>:DLL>"
      VCPKG_CHAINLOAD_TOOLCHAIN_FILE: "C:/Program Files/Microsoft Visual Studio/2022/Community/VC/vcpkg/scripts/toolchains/windows.cmake"
      VCPKG_CRT_LINKAGE: "dynamic"
      VCPKG_CXX_FLAGS: ""
      VCPKG_CXX_FLAGS_DEBUG: ""
      VCPKG_CXX_FLAGS_RELEASE: ""
      VCPKG_C_FLAGS: ""
      VCPKG_C_FLAGS_DEBUG: ""
      VCPKG_C_FLAGS_RELEASE: ""
      VCPKG_INSTALLED_DIR: "C:/Dev/nauka praktyczna/Wyci\u0105ganie info z .ssc/vcpkg_installed/x64-windows"
      VCPKG_LINKER_FLAGS: ""
      VCPKG_LINKER_FLAGS_DEBUG: ""
      VCPKG_LINKER_FLAGS_RELEASE: ""
      VCPKG_PLATFORM_TOOLSET: "v143"
      VCPKG_PREFER_SYSTEM_LIBS: "OFF"
      VCPKG_SET_CHARSET_FLAG: "ON"
      VCPKG_TARGET_ARCHITECTURE: "x64"
      VCPKG_TARGET_TRIPLET: "x64-windows"
      Z_VCPKG_ROOT_DIR: "C:/Program Files/Microsoft Visual Studio/2022/Community/VC/vcpkg"
    buildResult:
      variable: "HAVE_MSC_BYTESWAP"
      cached: true
      stdout: |
        Change Dir: 'C:/Dev/nauka praktyczna/Wyciąganie info z .ssc/vcpkg_installed/x64-windows/vcpkg/blds/taglib/x64-windows-dbg/CMakeFiles/CMakeScratch/TryCompile-5kivj2'
        
        Run Build Command(s): "C:/Program Files/Microsoft Visual Studio/2022/Community/Common7/IDE/CommonExtensions/Microsoft/CMake/Ninja/ninja.exe" -v cmTC_d82d6
        [1/2] C:\\PROGRA~1\\MIB055~1\\2022\\COMMUN~1\\VC\\Tools\\MSVC\\1442~1.344\\bin\\Hostx64\\x64\\cl.exe  /nologo /TP -DHAVE_MSC_BYTESWAP  /nologo /DWIN32 /D_WINDOWS /utf-8 /GR /EHsc /MP   /D_DEBUG /MDd /Z7 /Ob0 /Od /RTC1 /showIncludes /FoCMakeFiles\\cmTC_d82d6.dir\\src.cxx.obj /FdCMakeFiles\\cmTC_d82d6.dir\\ /FS -c "C:\\Dev\\nauka praktyczna\\Wyciąganie info z .ssc\\vcpkg_installed\\x64-windows\\vcpkg\\blds\\taglib\\x64-windows-dbg\\CMakeFiles\\CMakeScratch\\TryCompile-5kivj2\\src.cxx"
        [2/2] C:\\WINDOWS\\system32\\cmd.exe /C "cd . && "C:\\Program Files\\CMake\\bin\\cmake.exe" -E vs_link_exe --msvc-ver=1942 --intdir=CMakeFiles\\cmTC_d82d6.dir --rc=C:\\PROGRA~2\\WI3CF2~1\\10\\bin\\100226~1.0\\x64\\rc.exe --mt=C:\\PROGRA~2\\WI3CF2~1\\10\\bin\\100226~1.0\\x64\\mt.exe --manifests  -- C:\\PROGRA~1\\MIB055~1\\2022\\COMMUN~1\\VC\\Tools\\MSVC\\1442~1.344\\bin\\Hostx64\\x64\\link.exe /nologo CMakeFiles\\cmTC_d82d6.dir\\src.cxx.obj  /out:cmTC_d82d6.exe /implib:cmTC_d82d6.lib /pdb:cmTC_d82d6.pdb /version:0.0 /machine:x64 /nologo /debug /INCREMENTAL /subsystem:console  kernel32.lib user32.lib gdi32.lib winspool.lib shell32.lib ole32.lib oleaut32.lib uuid.lib comdlg32.lib advapi32.lib && cd ."
        
      exitCode: 0
  -
    kind: "try_compile-v1"
    backtrace:
      - "C:/Program Files/CMake/share/cmake-4.0/Modules/Internal/CheckSourceCompiles.cmake:104 (try_compile)"
      - "C:/Program Files/CMake/share/cmake-4.0/Modules/CheckCXXSourceCompiles.cmake:58 (cmake_check_source_compiles)"
      - "ConfigureChecks.cmake:100 (check_cxx_source_compiles)"
      - "CMakeLists.txt:98 (include)"
    checks:
      - "Performing Test HAVE_ISO_STRDUP"
    directories:
      source: "C:/Dev/nauka praktyczna/Wyci\u0105ganie info z .ssc/vcpkg_installed/x64-windows/vcpkg/blds/taglib/x64-windows-dbg/CMakeFiles/CMakeScratch/TryCompile-fsjqjx"
      binary: "C:/Dev/nauka praktyczna/Wyci\u0105ganie info z .ssc/vcpkg_installed/x64-windows/vcpkg/blds/taglib/x64-windows-dbg/CMakeFiles/CMakeScratch/TryCompile-fsjqjx"
    cmakeVariables:
      CMAKE_CXX_FLAGS: " /nologo /DWIN32 /D_WINDOWS /utf-8 /GR /EHsc /MP "
      CMAKE_EXE_LINKER_FLAGS: "/machine:x64"
      CMAKE_MODULE_PATH: "C:/Dev/nauka praktyczna/Wyci\u0105ganie info z .ssc/vcpkg_installed/x64-windows/vcpkg/blds/taglib/src/v2.0-2fb6cacda4.clean/cmake/modules"
      CMAKE_MSVC_DEBUG_INFORMATION_FORMAT: ""
      CMAKE_MSVC_RUNTIME_LIBRARY: "MultiThreaded$<$<CONFIG:Debug>:Debug>$<$<STREQUAL:dynamic,dynamic>:DLL>"
      VCPKG_CHAINLOAD_TOOLCHAIN_FILE: "C:/Program Files/Microsoft Visual Studio/2022/Community/VC/vcpkg/scripts/toolchains/windows.cmake"
      VCPKG_CRT_LINKAGE: "dynamic"
      VCPKG_CXX_FLAGS: ""
      VCPKG_CXX_FLAGS_DEBUG: ""
      VCPKG_CXX_FLAGS_RELEASE: ""
      VCPKG_C_FLAGS: ""
      VCPKG_C_FLAGS_DEBUG: ""
      VCPKG_C_FLAGS_RELEASE: ""
      VCPKG_INSTALLED_DIR: "C:/Dev/nauka praktyczna/Wyci\u0105ganie info z .ssc/vcpkg_installed/x64-windows"
      VCPKG_LINKER_FLAGS: ""
      VCPKG_LINKER_FLAGS_DEBUG: ""
      VCPKG_LINKER_FLAGS_RELEASE: ""
      VCPKG_PLATFORM_TOOLSET: "v143"
      VCPKG_PREFER_SYSTEM_LIBS: "OFF"
      VCPKG_SET_CHARSET_FLAG: "ON"
      VCPKG_TARGET_ARCHITECTURE: "x64"
      VCPKG_TARGET_TRIPLET: "x64-windows"
      Z_VCPKG_ROOT_DIR: "C:/Program Files/Microsoft Visual Studio/2022/Community/VC/vcpkg"
    buildResult:
      variable: "HAVE_ISO_STRDUP"
      cached: true
      stdout: |
        Change Dir: 'C:/Dev/nauka praktyczna/Wyciąganie info z .ssc/vcpkg_installed/x64-windows/vcpkg/blds/taglib/x64-windows-dbg/CMakeFiles/CMakeScratch/TryCompile-fsjqjx'
        
        Run Build Command(s): "C:/Program Files/Microsoft Visual Studio/2022/Community/Common7/IDE/CommonExtensions/Microsoft/CMake/Ninja/ninja.exe" -v cmTC_7c5da
        [1/2] C:\\PROGRA~1\\MIB055~1\\2022\\COMMUN~1\\VC\\Tools\\MSVC\\1442~1.344\\bin\\Hostx64\\x64\\cl.exe  /nologo /TP -DHAVE_ISO_STRDUP  /nologo /DWIN32 /D_WINDOWS /utf-8 /GR /EHsc /MP   /D_DEBUG /MDd /Z7 /Ob0 /Od /RTC1 /showIncludes /FoCMakeFiles\\cmTC_7c5da.dir\\src.cxx.obj /FdCMakeFiles\\cmTC_7c5da.dir\\ /FS -c "C:\\Dev\\nauka praktyczna\\Wyciąganie info z .ssc\\vcpkg_installed\\x64-windows\\vcpkg\\blds\\taglib\\x64-windows-dbg\\CMakeFiles\\CMakeScratch\\TryCompile-fsjqjx\\src.cxx"
        [2/2] C:\\WINDOWS\\system32\\cmd.exe /C "cd . && "C:\\Program Files\\CMake\\bin\\cmake.exe" -E vs_link_exe --msvc-ver=1942 --intdir=CMakeFiles\\cmTC_7c5da.dir --rc=C:\\PROGRA~2\\WI3CF2~1\\10\\bin\\100226~1.0\\x64\\rc.exe --mt=C:\\PROGRA~2\\WI3CF2~1\\10\\bin\\100226~1.0\\x64\\mt.exe --manifests  -- C:\\PROGRA~1\\MIB055~1\\2022\\COMMUN~1\\VC\\Tools\\MSVC\\1442~1.344\\bin\\Hostx64\\x64\\link.exe /nologo CMakeFiles\\cmTC_7c5da.dir\\src.cxx.obj  /out:cmTC_7c5da.exe /implib:cmTC_7c5da.lib /pdb:cmTC_7c5da.pdb /version:0.0 /machine:x64 /nologo /debug /INCREMENTAL /subsystem:console  kernel32.lib user32.lib gdi32.lib winspool.lib shell32.lib ole32.lib oleaut32.lib uuid.lib comdlg32.lib advapi32.lib && cd ."
        
      exitCode: 0
  -
    kind: "try_compile-v1"
    backtrace:
      - "C:/Program Files/CMake/share/cmake-4.0/Modules/CheckLibraryExists.cmake:112 (try_compile)"
      - "bindings/c/CMakeLists.txt:54 (check_library_exists)"
    checks:
      - "Looking for __RTTI___ in Crun"
    directories:
      source: "C:/Dev/nauka praktyczna/Wyci\u0105ganie info z .ssc/vcpkg_installed/x64-windows/vcpkg/blds/taglib/x64-windows-dbg/CMakeFiles/CMakeScratch/TryCompile-84o01x"
      binary: "C:/Dev/nauka praktyczna/Wyci\u0105ganie info z .ssc/vcpkg_installed/x64-windows/vcpkg/blds/taglib/x64-windows-dbg/CMakeFiles/CMakeScratch/TryCompile-84o01x"
    cmakeVariables:
      CMAKE_C_FLAGS: " /nologo /DWIN32 /D_WINDOWS /utf-8 /MP "
      CMAKE_EXE_LINKER_FLAGS: "/machine:x64"
      CMAKE_MODULE_PATH: "C:/Dev/nauka praktyczna/Wyci\u0105ganie info z .ssc/vcpkg_installed/x64-windows/vcpkg/blds/taglib/src/v2.0-2fb6cacda4.clean/cmake/modules"
      CMAKE_MSVC_DEBUG_INFORMATION_FORMAT: ""
      CMAKE_MSVC_RUNTIME_LIBRARY: "MultiThreaded$<$<CONFIG:Debug>:Debug>$<$<STREQUAL:dynamic,dynamic>:DLL>"
      VCPKG_CHAINLOAD_TOOLCHAIN_FILE: "C:/Program Files/Microsoft Visual Studio/2022/Community/VC/vcpkg/scripts/toolchains/windows.cmake"
      VCPKG_CRT_LINKAGE: "dynamic"
      VCPKG_CXX_FLAGS: ""
      VCPKG_CXX_FLAGS_DEBUG: ""
      VCPKG_CXX_FLAGS_RELEASE: ""
      VCPKG_C_FLAGS: ""
      VCPKG_C_FLAGS_DEBUG: ""
      VCPKG_C_FLAGS_RELEASE: ""
      VCPKG_INSTALLED_DIR: "C:/Dev/nauka praktyczna/Wyci\u0105ganie info z .ssc/vcpkg_installed/x64-windows"
      VCPKG_LINKER_FLAGS: ""
      VCPKG_LINKER_FLAGS_DEBUG: ""
      VCPKG_LINKER_FLAGS_RELEASE: ""
      VCPKG_PLATFORM_TOOLSET: "v143"
      VCPKG_PREFER_SYSTEM_LIBS: "OFF"
      VCPKG_SET_CHARSET_FLAG: "ON"
      VCPKG_TARGET_ARCHITECTURE: "x64"
      VCPKG_TARGET_TRIPLET: "x64-windows"
      Z_VCPKG_ROOT_DIR: "C:/Program Files/Microsoft Visual Studio/2022/Community/VC/vcpkg"
    buildResult:
      variable: "HAVE_CRUN_LIB"
      cached: true
      stdout: |
        Change Dir: 'C:/Dev/nauka praktyczna/Wyciąganie info z .ssc/vcpkg_installed/x64-windows/vcpkg/blds/taglib/x64-windows-dbg/CMakeFiles/CMakeScratch/TryCompile-84o01x'
        
        Run Build Command(s): "C:/Program Files/Microsoft Visual Studio/2022/Community/Common7/IDE/CommonExtensions/Microsoft/CMake/Ninja/ninja.exe" -v cmTC_e5f60
        [1/2] C:\\PROGRA~1\\MIB055~1\\2022\\COMMUN~1\\VC\\Tools\\MSVC\\1442~1.344\\bin\\Hostx64\\x64\\cl.exe  /nologo   /nologo /DWIN32 /D_WINDOWS /utf-8 /MP  -DCHECK_FUNCTION_EXISTS=__RTTI___ /D_DEBUG /MDd /Z7 /Ob0 /Od /RTC1 /showIncludes /FoCMakeFiles\\cmTC_e5f60.dir\\CheckFunctionExists.c.obj /FdCMakeFiles\\cmTC_e5f60.dir\\ /FS -c "C:\\Dev\\nauka praktyczna\\Wyciąganie info z .ssc\\vcpkg_installed\\x64-windows\\vcpkg\\blds\\taglib\\x64-windows-dbg\\CMakeFiles\\CMakeScratch\\TryCompile-84o01x\\CheckFunctionExists.c"
        [2/2] C:\\WINDOWS\\system32\\cmd.exe /C "cd . && "C:\\Program Files\\CMake\\bin\\cmake.exe" -E vs_link_exe --msvc-ver=1942 --intdir=CMakeFiles\\cmTC_e5f60.dir --rc=C:\\PROGRA~2\\WI3CF2~1\\10\\bin\\100226~1.0\\x64\\rc.exe --mt=C:\\PROGRA~2\\WI3CF2~1\\10\\bin\\100226~1.0\\x64\\mt.exe --manifests  -- C:\\PROGRA~1\\MIB055~1\\2022\\COMMUN~1\\VC\\Tools\\MSVC\\1442~1.344\\bin\\Hostx64\\x64\\link.exe /nologo CMakeFiles\\cmTC_e5f60.dir\\CheckFunctionExists.c.obj  /out:cmTC_e5f60.exe /implib:cmTC_e5f60.lib /pdb:cmTC_e5f60.pdb /version:0.0 /machine:x64 /nologo /debug /INCREMENTAL /subsystem:console  Crun.lib  kernel32.lib user32.lib gdi32.lib winspool.lib shell32.lib ole32.lib oleaut32.lib uuid.lib comdlg32.lib advapi32.lib && cd ."
        FAILED: cmTC_e5f60.exe 
        C:\\WINDOWS\\system32\\cmd.exe /C "cd . && "C:\\Program Files\\CMake\\bin\\cmake.exe" -E vs_link_exe --msvc-ver=1942 --intdir=CMakeFiles\\cmTC_e5f60.dir --rc=C:\\PROGRA~2\\WI3CF2~1\\10\\bin\\100226~1.0\\x64\\rc.exe --mt=C:\\PROGRA~2\\WI3CF2~1\\10\\bin\\100226~1.0\\x64\\mt.exe --manifests  -- C:\\PROGRA~1\\MIB055~1\\2022\\COMMUN~1\\VC\\Tools\\MSVC\\1442~1.344\\bin\\Hostx64\\x64\\link.exe /nologo CMakeFiles\\cmTC_e5f60.dir\\CheckFunctionExists.c.obj  /out:cmTC_e5f60.exe /implib:cmTC_e5f60.lib /pdb:cmTC_e5f60.pdb /version:0.0 /machine:x64 /nologo /debug /INCREMENTAL /subsystem:console  Crun.lib  kernel32.lib user32.lib gdi32.lib winspool.lib shell32.lib ole32.lib oleaut32.lib uuid.lib comdlg32.lib advapi32.lib && cd ."
        LINK Pass 1: command "C:\\PROGRA~1\\MIB055~1\\2022\\COMMUN~1\\VC\\Tools\\MSVC\\1442~1.344\\bin\\Hostx64\\x64\\link.exe /nologo CMakeFiles\\cmTC_e5f60.dir\\CheckFunctionExists.c.obj /out:cmTC_e5f60.exe /implib:cmTC_e5f60.lib /pdb:cmTC_e5f60.pdb /version:0.0 /machine:x64 /nologo /debug /INCREMENTAL /subsystem:console Crun.lib kernel32.lib user32.lib gdi32.lib winspool.lib shell32.lib ole32.lib oleaut32.lib uuid.lib comdlg32.lib advapi32.lib /MANIFEST /MANIFESTFILE:CMakeFiles\\cmTC_e5f60.dir/intermediate.manifest CMakeFiles\\cmTC_e5f60.dir/manifest.res" failed (exit code 1104) with the following output:
        LINK : fatal error LNK1104: cannot open file 'Crun.lib'\x0d
        ninja: build stopped: subcommand failed.
        
      exitCode: 1
...
