[1/2] "C:/Program Files/CMake/bin/cmake.exe" -E chdir ".." "C:/Program Files/CMake/bin/cmake.exe" "C:/Dev/nauka praktyczna/Wyciąganie info z .ssc/vcpkg_installed/x64-windows/vcpkg/blds/taglib/src/v2.0-2fb6cacda4.clean" "-G" "Ninja" "-DCMAKE_BUILD_TYPE=Release" "-DCMAKE_INSTALL_PREFIX=C:/Dev/nauka praktyczna/Wyciąganie info z .ssc/vcpkg_installed/x64-windows/vcpkg/pkgs/taglib_x64-windows" "-DFETCHCONTENT_FULLY_DISCONNECTED=ON" "-DBUILD_TESTING=OFF" "-DBUILD_EXAMPLES=OFF" "-DCMAKE_MAKE_PROGRAM=C:/Program Files/Microsoft Visual Studio/2022/Community/Common7/IDE/CommonExtensions/Microsoft/CMake/Ninja/ninja.exe" "-DBUILD_SHARED_LIBS=ON" "-DVCPKG_CHAINLOAD_TOOLCHAIN_FILE=C:/Program Files/Microsoft Visual Studio/2022/Community/VC/vcpkg/scripts/toolchains/windows.cmake" "-DVCPKG_TARGET_TRIPLET=x64-windows" "-DVCPKG_SET_CHARSET_FLAG=ON" "-DVCPKG_PLATFORM_TOOLSET=v143" "-DCMAKE_EXPORT_NO_PACKAGE_REGISTRY=ON" "-DCMAKE_FIND_PACKAGE_NO_PACKAGE_REGISTRY=ON" "-DCMAKE_FIND_PACKAGE_NO_SYSTEM_PACKAGE_REGISTRY=ON" "-DCMAKE_INSTALL_SYSTEM_RUNTIME_LIBS_SKIP=TRUE" "-DCMAKE_VERBOSE_MAKEFILE=ON" "-DVCPKG_APPLOCAL_DEPS=OFF" "-DCMAKE_TOOLCHAIN_FILE=C:/Program Files/Microsoft Visual Studio/2022/Community/VC/vcpkg/scripts/buildsystems/vcpkg.cmake" "-DCMAKE_ERROR_ON_ABSOLUTE_INSTALL_DESTINATION=ON" "-DVCPKG_CXX_FLAGS=" "-DVCPKG_CXX_FLAGS_RELEASE=" "-DVCPKG_CXX_FLAGS_DEBUG=" "-DVCPKG_C_FLAGS=" "-DVCPKG_C_FLAGS_RELEASE=" "-DVCPKG_C_FLAGS_DEBUG=" "-DVCPKG_CRT_LINKAGE=dynamic" "-DVCPKG_LINKER_FLAGS=" "-DVCPKG_LINKER_FLAGS_RELEASE=" "-DVCPKG_LINKER_FLAGS_DEBUG=" "-DVCPKG_TARGET_ARCHITECTURE=x64" "-DCMAKE_INSTALL_LIBDIR:STRING=lib" "-DCMAKE_INSTALL_BINDIR:STRING=bin" "-D_VCPKG_ROOT_DIR=C:/Program Files/Microsoft Visual Studio/2022/Community/VC/vcpkg/" "-D_VCPKG_INSTALLED_DIR=C:/Dev/nauka praktyczna/Wyciąganie info z .ssc/vcpkg_installed/x64-windows/" "-DVCPKG_MANIFEST_INSTALL=OFF"
CMake Deprecation Warning at CMakeLists.txt:1 (cmake_minimum_required):
  Compatibility with CMake < 3.10 will be removed from a future version of
  CMake.

  Update the VERSION argument <min> value.  Or, use the <min>...<max> syntax
  to tell CMake that the project requires at least <min> but has been updated
  to work with policies introduced by <max> or earlier.


CMake Deprecation Warning at C:/Program Files/Microsoft Visual Studio/2022/Community/VC/vcpkg/scripts/buildsystems/vcpkg.cmake:40 (cmake_policy):
  Compatibility with CMake < 3.10 will be removed from a future version of
  CMake.

  Update the VERSION argument <min> value.  Or, use the <min>...<max> syntax
  to tell CMake that the project requires at least <min> but has been updated
  to work with policies introduced by <max> or earlier.
Call Stack (most recent call first):
  C:/Program Files/CMake/share/cmake-4.0/Modules/CMakeDetermineSystem.cmake:146 (include)
  CMakeLists.txt:3 (project)


CMake Deprecation Warning at C:/Program Files/Microsoft Visual Studio/2022/Community/VC/vcpkg/scripts/buildsystems/vcpkg.cmake:878 (cmake_policy):
  Compatibility with CMake < 3.10 will be removed from a future version of
  CMake.

  Update the VERSION argument <min> value.  Or, use the <min>...<max> syntax
  to tell CMake that the project requires at least <min> but has been updated
  to work with policies introduced by <max> or earlier.
Call Stack (most recent call first):
  C:/Program Files/CMake/share/cmake-4.0/Modules/CMakeDetermineSystem.cmake:146 (include)
  CMakeLists.txt:3 (project)


CMake Deprecation Warning at C:/Program Files/Microsoft Visual Studio/2022/Community/VC/vcpkg/scripts/buildsystems/vcpkg.cmake:40 (cmake_policy):
  Compatibility with CMake < 3.10 will be removed from a future version of
  CMake.

  Update the VERSION argument <min> value.  Or, use the <min>...<max> syntax
  to tell CMake that the project requires at least <min> but has been updated
  to work with policies introduced by <max> or earlier.
Call Stack (most recent call first):
  C:/Dev/nauka praktyczna/Wyciąganie info z .ssc/vcpkg_installed/x64-windows/vcpkg/blds/taglib/x64-windows-rel/CMakeFiles/4.0.0-rc5/CMakeSystem.cmake:6 (include)
  CMakeLists.txt:3 (project)


-- The C compiler identification is MSVC 19.42.34435.0
-- The CXX compiler identification is MSVC 19.42.34435.0
-- Detecting C compiler ABI info
CMake Deprecation Warning at C:/Program Files/Microsoft Visual Studio/2022/Community/VC/vcpkg/scripts/buildsystems/vcpkg.cmake:40 (cmake_policy):
  Compatibility with CMake < 3.10 will be removed from a future version of
  CMake.

  Update the VERSION argument <min> value.  Or, use the <min>...<max> syntax
  to tell CMake that the project requires at least <min> but has been updated
  to work with policies introduced by <max> or earlier.
Call Stack (most recent call first):
  C:/Dev/nauka praktyczna/Wyciąganie info z .ssc/vcpkg_installed/x64-windows/vcpkg/blds/taglib/x64-windows-rel/CMakeFiles/4.0.0-rc5/CMakeSystem.cmake:6 (include)
  C:/Dev/nauka praktyczna/Wyciąganie info z .ssc/vcpkg_installed/x64-windows/vcpkg/blds/taglib/x64-windows-rel/CMakeFiles/CMakeScratch/TryCompile-uc4cfa/CMakeLists.txt:7 (project)


CMake Deprecation Warning at C:/Program Files/Microsoft Visual Studio/2022/Community/VC/vcpkg/scripts/buildsystems/vcpkg.cmake:878 (cmake_policy):
  Compatibility with CMake < 3.10 will be removed from a future version of
  CMake.

  Update the VERSION argument <min> value.  Or, use the <min>...<max> syntax
  to tell CMake that the project requires at least <min> but has been updated
  to work with policies introduced by <max> or earlier.
Call Stack (most recent call first):
  C:/Dev/nauka praktyczna/Wyciąganie info z .ssc/vcpkg_installed/x64-windows/vcpkg/blds/taglib/x64-windows-rel/CMakeFiles/4.0.0-rc5/CMakeSystem.cmake:6 (include)
  C:/Dev/nauka praktyczna/Wyciąganie info z .ssc/vcpkg_installed/x64-windows/vcpkg/blds/taglib/x64-windows-rel/CMakeFiles/CMakeScratch/TryCompile-uc4cfa/CMakeLists.txt:7 (project)


-- Detecting C compiler ABI info - done
-- Check for working C compiler: C:/Program Files/Microsoft Visual Studio/2022/Community/VC/Tools/MSVC/14.42.34433/bin/Hostx64/x64/cl.exe - skipped
-- Detecting C compile features
-- Detecting C compile features - done
-- Detecting CXX compiler ABI info
CMake Deprecation Warning at C:/Program Files/Microsoft Visual Studio/2022/Community/VC/vcpkg/scripts/buildsystems/vcpkg.cmake:40 (cmake_policy):
  Compatibility with CMake < 3.10 will be removed from a future version of
  CMake.

  Update the VERSION argument <min> value.  Or, use the <min>...<max> syntax
  to tell CMake that the project requires at least <min> but has been updated
  to work with policies introduced by <max> or earlier.
Call Stack (most recent call first):
  C:/Dev/nauka praktyczna/Wyciąganie info z .ssc/vcpkg_installed/x64-windows/vcpkg/blds/taglib/x64-windows-rel/CMakeFiles/4.0.0-rc5/CMakeSystem.cmake:6 (include)
  C:/Dev/nauka praktyczna/Wyciąganie info z .ssc/vcpkg_installed/x64-windows/vcpkg/blds/taglib/x64-windows-rel/CMakeFiles/CMakeScratch/TryCompile-h6sgzw/CMakeLists.txt:7 (project)


CMake Deprecation Warning at C:/Program Files/Microsoft Visual Studio/2022/Community/VC/vcpkg/scripts/buildsystems/vcpkg.cmake:878 (cmake_policy):
  Compatibility with CMake < 3.10 will be removed from a future version of
  CMake.

  Update the VERSION argument <min> value.  Or, use the <min>...<max> syntax
  to tell CMake that the project requires at least <min> but has been updated
  to work with policies introduced by <max> or earlier.
Call Stack (most recent call first):
  C:/Dev/nauka praktyczna/Wyciąganie info z .ssc/vcpkg_installed/x64-windows/vcpkg/blds/taglib/x64-windows-rel/CMakeFiles/4.0.0-rc5/CMakeSystem.cmake:6 (include)
  C:/Dev/nauka praktyczna/Wyciąganie info z .ssc/vcpkg_installed/x64-windows/vcpkg/blds/taglib/x64-windows-rel/CMakeFiles/CMakeScratch/TryCompile-h6sgzw/CMakeLists.txt:7 (project)


-- Detecting CXX compiler ABI info - done
-- Check for working CXX compiler: C:/Program Files/Microsoft Visual Studio/2022/Community/VC/Tools/MSVC/14.42.34433/bin/Hostx64/x64/cl.exe - skipped
-- Detecting CXX compile features
-- Detecting CXX compile features - done
-- Looking for sys/types.h
CMake Deprecation Warning at C:/Program Files/Microsoft Visual Studio/2022/Community/VC/vcpkg/scripts/buildsystems/vcpkg.cmake:40 (cmake_policy):
  Compatibility with CMake < 3.10 will be removed from a future version of
  CMake.

  Update the VERSION argument <min> value.  Or, use the <min>...<max> syntax
  to tell CMake that the project requires at least <min> but has been updated
  to work with policies introduced by <max> or earlier.
Call Stack (most recent call first):
  C:/Dev/nauka praktyczna/Wyciąganie info z .ssc/vcpkg_installed/x64-windows/vcpkg/blds/taglib/x64-windows-rel/CMakeFiles/4.0.0-rc5/CMakeSystem.cmake:6 (include)
  C:/Dev/nauka praktyczna/Wyciąganie info z .ssc/vcpkg_installed/x64-windows/vcpkg/blds/taglib/x64-windows-rel/CMakeFiles/CMakeScratch/TryCompile-zxke5p/CMakeLists.txt:8 (project)


CMake Deprecation Warning at C:/Program Files/Microsoft Visual Studio/2022/Community/VC/vcpkg/scripts/buildsystems/vcpkg.cmake:878 (cmake_policy):
  Compatibility with CMake < 3.10 will be removed from a future version of
  CMake.

  Update the VERSION argument <min> value.  Or, use the <min>...<max> syntax
  to tell CMake that the project requires at least <min> but has been updated
  to work with policies introduced by <max> or earlier.
Call Stack (most recent call first):
  C:/Dev/nauka praktyczna/Wyciąganie info z .ssc/vcpkg_installed/x64-windows/vcpkg/blds/taglib/x64-windows-rel/CMakeFiles/4.0.0-rc5/CMakeSystem.cmake:6 (include)
  C:/Dev/nauka praktyczna/Wyciąganie info z .ssc/vcpkg_installed/x64-windows/vcpkg/blds/taglib/x64-windows-rel/CMakeFiles/CMakeScratch/TryCompile-zxke5p/CMakeLists.txt:8 (project)


-- Looking for sys/types.h - found
-- Looking for stdint.h
CMake Deprecation Warning at C:/Program Files/Microsoft Visual Studio/2022/Community/VC/vcpkg/scripts/buildsystems/vcpkg.cmake:40 (cmake_policy):
  Compatibility with CMake < 3.10 will be removed from a future version of
  CMake.

  Update the VERSION argument <min> value.  Or, use the <min>...<max> syntax
  to tell CMake that the project requires at least <min> but has been updated
  to work with policies introduced by <max> or earlier.
Call Stack (most recent call first):
  C:/Dev/nauka praktyczna/Wyciąganie info z .ssc/vcpkg_installed/x64-windows/vcpkg/blds/taglib/x64-windows-rel/CMakeFiles/4.0.0-rc5/CMakeSystem.cmake:6 (include)
  C:/Dev/nauka praktyczna/Wyciąganie info z .ssc/vcpkg_installed/x64-windows/vcpkg/blds/taglib/x64-windows-rel/CMakeFiles/CMakeScratch/TryCompile-i25xss/CMakeLists.txt:8 (project)


CMake Deprecation Warning at C:/Program Files/Microsoft Visual Studio/2022/Community/VC/vcpkg/scripts/buildsystems/vcpkg.cmake:878 (cmake_policy):
  Compatibility with CMake < 3.10 will be removed from a future version of
  CMake.

  Update the VERSION argument <min> value.  Or, use the <min>...<max> syntax
  to tell CMake that the project requires at least <min> but has been updated
  to work with policies introduced by <max> or earlier.
Call Stack (most recent call first):
  C:/Dev/nauka praktyczna/Wyciąganie info z .ssc/vcpkg_installed/x64-windows/vcpkg/blds/taglib/x64-windows-rel/CMakeFiles/4.0.0-rc5/CMakeSystem.cmake:6 (include)
  C:/Dev/nauka praktyczna/Wyciąganie info z .ssc/vcpkg_installed/x64-windows/vcpkg/blds/taglib/x64-windows-rel/CMakeFiles/CMakeScratch/TryCompile-i25xss/CMakeLists.txt:8 (project)


-- Looking for stdint.h - found
-- Looking for stddef.h
CMake Deprecation Warning at C:/Program Files/Microsoft Visual Studio/2022/Community/VC/vcpkg/scripts/buildsystems/vcpkg.cmake:40 (cmake_policy):
  Compatibility with CMake < 3.10 will be removed from a future version of
  CMake.

  Update the VERSION argument <min> value.  Or, use the <min>...<max> syntax
  to tell CMake that the project requires at least <min> but has been updated
  to work with policies introduced by <max> or earlier.
Call Stack (most recent call first):
  C:/Dev/nauka praktyczna/Wyciąganie info z .ssc/vcpkg_installed/x64-windows/vcpkg/blds/taglib/x64-windows-rel/CMakeFiles/4.0.0-rc5/CMakeSystem.cmake:6 (include)
  C:/Dev/nauka praktyczna/Wyciąganie info z .ssc/vcpkg_installed/x64-windows/vcpkg/blds/taglib/x64-windows-rel/CMakeFiles/CMakeScratch/TryCompile-fcpn61/CMakeLists.txt:8 (project)


CMake Deprecation Warning at C:/Program Files/Microsoft Visual Studio/2022/Community/VC/vcpkg/scripts/buildsystems/vcpkg.cmake:878 (cmake_policy):
  Compatibility with CMake < 3.10 will be removed from a future version of
  CMake.

  Update the VERSION argument <min> value.  Or, use the <min>...<max> syntax
  to tell CMake that the project requires at least <min> but has been updated
  to work with policies introduced by <max> or earlier.
Call Stack (most recent call first):
  C:/Dev/nauka praktyczna/Wyciąganie info z .ssc/vcpkg_installed/x64-windows/vcpkg/blds/taglib/x64-windows-rel/CMakeFiles/4.0.0-rc5/CMakeSystem.cmake:6 (include)
  C:/Dev/nauka praktyczna/Wyciąganie info z .ssc/vcpkg_installed/x64-windows/vcpkg/blds/taglib/x64-windows-rel/CMakeFiles/CMakeScratch/TryCompile-fcpn61/CMakeLists.txt:8 (project)


-- Looking for stddef.h - found
-- Check size of short
CMake Deprecation Warning at C:/Program Files/Microsoft Visual Studio/2022/Community/VC/vcpkg/scripts/buildsystems/vcpkg.cmake:40 (cmake_policy):
  Compatibility with CMake < 3.10 will be removed from a future version of
  CMake.

  Update the VERSION argument <min> value.  Or, use the <min>...<max> syntax
  to tell CMake that the project requires at least <min> but has been updated
  to work with policies introduced by <max> or earlier.
Call Stack (most recent call first):
  C:/Dev/nauka praktyczna/Wyciąganie info z .ssc/vcpkg_installed/x64-windows/vcpkg/blds/taglib/x64-windows-rel/CMakeFiles/4.0.0-rc5/CMakeSystem.cmake:6 (include)
  C:/Dev/nauka praktyczna/Wyciąganie info z .ssc/vcpkg_installed/x64-windows/vcpkg/blds/taglib/x64-windows-rel/CMakeFiles/CMakeScratch/TryCompile-ze22is/CMakeLists.txt:8 (project)


CMake Deprecation Warning at C:/Program Files/Microsoft Visual Studio/2022/Community/VC/vcpkg/scripts/buildsystems/vcpkg.cmake:878 (cmake_policy):
  Compatibility with CMake < 3.10 will be removed from a future version of
  CMake.

  Update the VERSION argument <min> value.  Or, use the <min>...<max> syntax
  to tell CMake that the project requires at least <min> but has been updated
  to work with policies introduced by <max> or earlier.
Call Stack (most recent call first):
  C:/Dev/nauka praktyczna/Wyciąganie info z .ssc/vcpkg_installed/x64-windows/vcpkg/blds/taglib/x64-windows-rel/CMakeFiles/4.0.0-rc5/CMakeSystem.cmake:6 (include)
  C:/Dev/nauka praktyczna/Wyciąganie info z .ssc/vcpkg_installed/x64-windows/vcpkg/blds/taglib/x64-windows-rel/CMakeFiles/CMakeScratch/TryCompile-ze22is/CMakeLists.txt:8 (project)


-- Check size of short - done
-- Check size of int
CMake Deprecation Warning at C:/Program Files/Microsoft Visual Studio/2022/Community/VC/vcpkg/scripts/buildsystems/vcpkg.cmake:40 (cmake_policy):
  Compatibility with CMake < 3.10 will be removed from a future version of
  CMake.

  Update the VERSION argument <min> value.  Or, use the <min>...<max> syntax
  to tell CMake that the project requires at least <min> but has been updated
  to work with policies introduced by <max> or earlier.
Call Stack (most recent call first):
  C:/Dev/nauka praktyczna/Wyciąganie info z .ssc/vcpkg_installed/x64-windows/vcpkg/blds/taglib/x64-windows-rel/CMakeFiles/4.0.0-rc5/CMakeSystem.cmake:6 (include)
  C:/Dev/nauka praktyczna/Wyciąganie info z .ssc/vcpkg_installed/x64-windows/vcpkg/blds/taglib/x64-windows-rel/CMakeFiles/CMakeScratch/TryCompile-bf4h2o/CMakeLists.txt:8 (project)


CMake Deprecation Warning at C:/Program Files/Microsoft Visual Studio/2022/Community/VC/vcpkg/scripts/buildsystems/vcpkg.cmake:878 (cmake_policy):
  Compatibility with CMake < 3.10 will be removed from a future version of
  CMake.

  Update the VERSION argument <min> value.  Or, use the <min>...<max> syntax
  to tell CMake that the project requires at least <min> but has been updated
  to work with policies introduced by <max> or earlier.
Call Stack (most recent call first):
  C:/Dev/nauka praktyczna/Wyciąganie info z .ssc/vcpkg_installed/x64-windows/vcpkg/blds/taglib/x64-windows-rel/CMakeFiles/4.0.0-rc5/CMakeSystem.cmake:6 (include)
  C:/Dev/nauka praktyczna/Wyciąganie info z .ssc/vcpkg_installed/x64-windows/vcpkg/blds/taglib/x64-windows-rel/CMakeFiles/CMakeScratch/TryCompile-bf4h2o/CMakeLists.txt:8 (project)


-- Check size of int - done
-- Check size of long long
CMake Deprecation Warning at C:/Program Files/Microsoft Visual Studio/2022/Community/VC/vcpkg/scripts/buildsystems/vcpkg.cmake:40 (cmake_policy):
  Compatibility with CMake < 3.10 will be removed from a future version of
  CMake.

  Update the VERSION argument <min> value.  Or, use the <min>...<max> syntax
  to tell CMake that the project requires at least <min> but has been updated
  to work with policies introduced by <max> or earlier.
Call Stack (most recent call first):
  C:/Dev/nauka praktyczna/Wyciąganie info z .ssc/vcpkg_installed/x64-windows/vcpkg/blds/taglib/x64-windows-rel/CMakeFiles/4.0.0-rc5/CMakeSystem.cmake:6 (include)
  C:/Dev/nauka praktyczna/Wyciąganie info z .ssc/vcpkg_installed/x64-windows/vcpkg/blds/taglib/x64-windows-rel/CMakeFiles/CMakeScratch/TryCompile-gynnij/CMakeLists.txt:8 (project)


CMake Deprecation Warning at C:/Program Files/Microsoft Visual Studio/2022/Community/VC/vcpkg/scripts/buildsystems/vcpkg.cmake:878 (cmake_policy):
  Compatibility with CMake < 3.10 will be removed from a future version of
  CMake.

  Update the VERSION argument <min> value.  Or, use the <min>...<max> syntax
  to tell CMake that the project requires at least <min> but has been updated
  to work with policies introduced by <max> or earlier.
Call Stack (most recent call first):
  C:/Dev/nauka praktyczna/Wyciąganie info z .ssc/vcpkg_installed/x64-windows/vcpkg/blds/taglib/x64-windows-rel/CMakeFiles/4.0.0-rc5/CMakeSystem.cmake:6 (include)
  C:/Dev/nauka praktyczna/Wyciąganie info z .ssc/vcpkg_installed/x64-windows/vcpkg/blds/taglib/x64-windows-rel/CMakeFiles/CMakeScratch/TryCompile-gynnij/CMakeLists.txt:8 (project)


-- Check size of long long - done
-- Check size of wchar_t
CMake Deprecation Warning at C:/Program Files/Microsoft Visual Studio/2022/Community/VC/vcpkg/scripts/buildsystems/vcpkg.cmake:40 (cmake_policy):
  Compatibility with CMake < 3.10 will be removed from a future version of
  CMake.

  Update the VERSION argument <min> value.  Or, use the <min>...<max> syntax
  to tell CMake that the project requires at least <min> but has been updated
  to work with policies introduced by <max> or earlier.
Call Stack (most recent call first):
  C:/Dev/nauka praktyczna/Wyciąganie info z .ssc/vcpkg_installed/x64-windows/vcpkg/blds/taglib/x64-windows-rel/CMakeFiles/4.0.0-rc5/CMakeSystem.cmake:6 (include)
  C:/Dev/nauka praktyczna/Wyciąganie info z .ssc/vcpkg_installed/x64-windows/vcpkg/blds/taglib/x64-windows-rel/CMakeFiles/CMakeScratch/TryCompile-snzic1/CMakeLists.txt:8 (project)


CMake Deprecation Warning at C:/Program Files/Microsoft Visual Studio/2022/Community/VC/vcpkg/scripts/buildsystems/vcpkg.cmake:878 (cmake_policy):
  Compatibility with CMake < 3.10 will be removed from a future version of
  CMake.

  Update the VERSION argument <min> value.  Or, use the <min>...<max> syntax
  to tell CMake that the project requires at least <min> but has been updated
  to work with policies introduced by <max> or earlier.
Call Stack (most recent call first):
  C:/Dev/nauka praktyczna/Wyciąganie info z .ssc/vcpkg_installed/x64-windows/vcpkg/blds/taglib/x64-windows-rel/CMakeFiles/4.0.0-rc5/CMakeSystem.cmake:6 (include)
  C:/Dev/nauka praktyczna/Wyciąganie info z .ssc/vcpkg_installed/x64-windows/vcpkg/blds/taglib/x64-windows-rel/CMakeFiles/CMakeScratch/TryCompile-snzic1/CMakeLists.txt:8 (project)


-- Check size of wchar_t - done
-- Check size of float
CMake Deprecation Warning at C:/Program Files/Microsoft Visual Studio/2022/Community/VC/vcpkg/scripts/buildsystems/vcpkg.cmake:40 (cmake_policy):
  Compatibility with CMake < 3.10 will be removed from a future version of
  CMake.

  Update the VERSION argument <min> value.  Or, use the <min>...<max> syntax
  to tell CMake that the project requires at least <min> but has been updated
  to work with policies introduced by <max> or earlier.
Call Stack (most recent call first):
  C:/Dev/nauka praktyczna/Wyciąganie info z .ssc/vcpkg_installed/x64-windows/vcpkg/blds/taglib/x64-windows-rel/CMakeFiles/4.0.0-rc5/CMakeSystem.cmake:6 (include)
  C:/Dev/nauka praktyczna/Wyciąganie info z .ssc/vcpkg_installed/x64-windows/vcpkg/blds/taglib/x64-windows-rel/CMakeFiles/CMakeScratch/TryCompile-qefz19/CMakeLists.txt:8 (project)


CMake Deprecation Warning at C:/Program Files/Microsoft Visual Studio/2022/Community/VC/vcpkg/scripts/buildsystems/vcpkg.cmake:878 (cmake_policy):
  Compatibility with CMake < 3.10 will be removed from a future version of
  CMake.

  Update the VERSION argument <min> value.  Or, use the <min>...<max> syntax
  to tell CMake that the project requires at least <min> but has been updated
  to work with policies introduced by <max> or earlier.
Call Stack (most recent call first):
  C:/Dev/nauka praktyczna/Wyciąganie info z .ssc/vcpkg_installed/x64-windows/vcpkg/blds/taglib/x64-windows-rel/CMakeFiles/4.0.0-rc5/CMakeSystem.cmake:6 (include)
  C:/Dev/nauka praktyczna/Wyciąganie info z .ssc/vcpkg_installed/x64-windows/vcpkg/blds/taglib/x64-windows-rel/CMakeFiles/CMakeScratch/TryCompile-qefz19/CMakeLists.txt:8 (project)


-- Check size of float - done
-- Check size of double
CMake Deprecation Warning at C:/Program Files/Microsoft Visual Studio/2022/Community/VC/vcpkg/scripts/buildsystems/vcpkg.cmake:40 (cmake_policy):
  Compatibility with CMake < 3.10 will be removed from a future version of
  CMake.

  Update the VERSION argument <min> value.  Or, use the <min>...<max> syntax
  to tell CMake that the project requires at least <min> but has been updated
  to work with policies introduced by <max> or earlier.
Call Stack (most recent call first):
  C:/Dev/nauka praktyczna/Wyciąganie info z .ssc/vcpkg_installed/x64-windows/vcpkg/blds/taglib/x64-windows-rel/CMakeFiles/4.0.0-rc5/CMakeSystem.cmake:6 (include)
  C:/Dev/nauka praktyczna/Wyciąganie info z .ssc/vcpkg_installed/x64-windows/vcpkg/blds/taglib/x64-windows-rel/CMakeFiles/CMakeScratch/TryCompile-5yim5n/CMakeLists.txt:8 (project)


CMake Deprecation Warning at C:/Program Files/Microsoft Visual Studio/2022/Community/VC/vcpkg/scripts/buildsystems/vcpkg.cmake:878 (cmake_policy):
  Compatibility with CMake < 3.10 will be removed from a future version of
  CMake.

  Update the VERSION argument <min> value.  Or, use the <min>...<max> syntax
  to tell CMake that the project requires at least <min> but has been updated
  to work with policies introduced by <max> or earlier.
Call Stack (most recent call first):
  C:/Dev/nauka praktyczna/Wyciąganie info z .ssc/vcpkg_installed/x64-windows/vcpkg/blds/taglib/x64-windows-rel/CMakeFiles/4.0.0-rc5/CMakeSystem.cmake:6 (include)
  C:/Dev/nauka praktyczna/Wyciąganie info z .ssc/vcpkg_installed/x64-windows/vcpkg/blds/taglib/x64-windows-rel/CMakeFiles/CMakeScratch/TryCompile-5yim5n/CMakeLists.txt:8 (project)


-- Check size of double - done
-- Performing Test HAVE_GCC_BYTESWAP
CMake Deprecation Warning at C:/Program Files/Microsoft Visual Studio/2022/Community/VC/vcpkg/scripts/buildsystems/vcpkg.cmake:40 (cmake_policy):
  Compatibility with CMake < 3.10 will be removed from a future version of
  CMake.

  Update the VERSION argument <min> value.  Or, use the <min>...<max> syntax
  to tell CMake that the project requires at least <min> but has been updated
  to work with policies introduced by <max> or earlier.
Call Stack (most recent call first):
  C:/Dev/nauka praktyczna/Wyciąganie info z .ssc/vcpkg_installed/x64-windows/vcpkg/blds/taglib/x64-windows-rel/CMakeFiles/4.0.0-rc5/CMakeSystem.cmake:6 (include)
  C:/Dev/nauka praktyczna/Wyciąganie info z .ssc/vcpkg_installed/x64-windows/vcpkg/blds/taglib/x64-windows-rel/CMakeFiles/CMakeScratch/TryCompile-w6dw8s/CMakeLists.txt:8 (project)


CMake Deprecation Warning at C:/Program Files/Microsoft Visual Studio/2022/Community/VC/vcpkg/scripts/buildsystems/vcpkg.cmake:878 (cmake_policy):
  Compatibility with CMake < 3.10 will be removed from a future version of
  CMake.

  Update the VERSION argument <min> value.  Or, use the <min>...<max> syntax
  to tell CMake that the project requires at least <min> but has been updated
  to work with policies introduced by <max> or earlier.
Call Stack (most recent call first):
  C:/Dev/nauka praktyczna/Wyciąganie info z .ssc/vcpkg_installed/x64-windows/vcpkg/blds/taglib/x64-windows-rel/CMakeFiles/4.0.0-rc5/CMakeSystem.cmake:6 (include)
  C:/Dev/nauka praktyczna/Wyciąganie info z .ssc/vcpkg_installed/x64-windows/vcpkg/blds/taglib/x64-windows-rel/CMakeFiles/CMakeScratch/TryCompile-w6dw8s/CMakeLists.txt:8 (project)


-- Performing Test HAVE_GCC_BYTESWAP - Failed
-- Performing Test HAVE_GLIBC_BYTESWAP
CMake Deprecation Warning at C:/Program Files/Microsoft Visual Studio/2022/Community/VC/vcpkg/scripts/buildsystems/vcpkg.cmake:40 (cmake_policy):
  Compatibility with CMake < 3.10 will be removed from a future version of
  CMake.

  Update the VERSION argument <min> value.  Or, use the <min>...<max> syntax
  to tell CMake that the project requires at least <min> but has been updated
  to work with policies introduced by <max> or earlier.
Call Stack (most recent call first):
  C:/Dev/nauka praktyczna/Wyciąganie info z .ssc/vcpkg_installed/x64-windows/vcpkg/blds/taglib/x64-windows-rel/CMakeFiles/4.0.0-rc5/CMakeSystem.cmake:6 (include)
  C:/Dev/nauka praktyczna/Wyciąganie info z .ssc/vcpkg_installed/x64-windows/vcpkg/blds/taglib/x64-windows-rel/CMakeFiles/CMakeScratch/TryCompile-8tt56u/CMakeLists.txt:8 (project)


CMake Deprecation Warning at C:/Program Files/Microsoft Visual Studio/2022/Community/VC/vcpkg/scripts/buildsystems/vcpkg.cmake:878 (cmake_policy):
  Compatibility with CMake < 3.10 will be removed from a future version of
  CMake.

  Update the VERSION argument <min> value.  Or, use the <min>...<max> syntax
  to tell CMake that the project requires at least <min> but has been updated
  to work with policies introduced by <max> or earlier.
Call Stack (most recent call first):
  C:/Dev/nauka praktyczna/Wyciąganie info z .ssc/vcpkg_installed/x64-windows/vcpkg/blds/taglib/x64-windows-rel/CMakeFiles/4.0.0-rc5/CMakeSystem.cmake:6 (include)
  C:/Dev/nauka praktyczna/Wyciąganie info z .ssc/vcpkg_installed/x64-windows/vcpkg/blds/taglib/x64-windows-rel/CMakeFiles/CMakeScratch/TryCompile-8tt56u/CMakeLists.txt:8 (project)


-- Performing Test HAVE_GLIBC_BYTESWAP - Failed
-- Performing Test HAVE_MSC_BYTESWAP
CMake Deprecation Warning at C:/Program Files/Microsoft Visual Studio/2022/Community/VC/vcpkg/scripts/buildsystems/vcpkg.cmake:40 (cmake_policy):
  Compatibility with CMake < 3.10 will be removed from a future version of
  CMake.

  Update the VERSION argument <min> value.  Or, use the <min>...<max> syntax
  to tell CMake that the project requires at least <min> but has been updated
  to work with policies introduced by <max> or earlier.
Call Stack (most recent call first):
  C:/Dev/nauka praktyczna/Wyciąganie info z .ssc/vcpkg_installed/x64-windows/vcpkg/blds/taglib/x64-windows-rel/CMakeFiles/4.0.0-rc5/CMakeSystem.cmake:6 (include)
  C:/Dev/nauka praktyczna/Wyciąganie info z .ssc/vcpkg_installed/x64-windows/vcpkg/blds/taglib/x64-windows-rel/CMakeFiles/CMakeScratch/TryCompile-nya4il/CMakeLists.txt:8 (project)


CMake Deprecation Warning at C:/Program Files/Microsoft Visual Studio/2022/Community/VC/vcpkg/scripts/buildsystems/vcpkg.cmake:878 (cmake_policy):
  Compatibility with CMake < 3.10 will be removed from a future version of
  CMake.

  Update the VERSION argument <min> value.  Or, use the <min>...<max> syntax
  to tell CMake that the project requires at least <min> but has been updated
  to work with policies introduced by <max> or earlier.
Call Stack (most recent call first):
  C:/Dev/nauka praktyczna/Wyciąganie info z .ssc/vcpkg_installed/x64-windows/vcpkg/blds/taglib/x64-windows-rel/CMakeFiles/4.0.0-rc5/CMakeSystem.cmake:6 (include)
  C:/Dev/nauka praktyczna/Wyciąganie info z .ssc/vcpkg_installed/x64-windows/vcpkg/blds/taglib/x64-windows-rel/CMakeFiles/CMakeScratch/TryCompile-nya4il/CMakeLists.txt:8 (project)


-- Performing Test HAVE_MSC_BYTESWAP - Success
-- Performing Test HAVE_ISO_STRDUP
CMake Deprecation Warning at C:/Program Files/Microsoft Visual Studio/2022/Community/VC/vcpkg/scripts/buildsystems/vcpkg.cmake:40 (cmake_policy):
  Compatibility with CMake < 3.10 will be removed from a future version of
  CMake.

  Update the VERSION argument <min> value.  Or, use the <min>...<max> syntax
  to tell CMake that the project requires at least <min> but has been updated
  to work with policies introduced by <max> or earlier.
Call Stack (most recent call first):
  C:/Dev/nauka praktyczna/Wyciąganie info z .ssc/vcpkg_installed/x64-windows/vcpkg/blds/taglib/x64-windows-rel/CMakeFiles/4.0.0-rc5/CMakeSystem.cmake:6 (include)
  C:/Dev/nauka praktyczna/Wyciąganie info z .ssc/vcpkg_installed/x64-windows/vcpkg/blds/taglib/x64-windows-rel/CMakeFiles/CMakeScratch/TryCompile-ntrxjb/CMakeLists.txt:8 (project)


CMake Deprecation Warning at C:/Program Files/Microsoft Visual Studio/2022/Community/VC/vcpkg/scripts/buildsystems/vcpkg.cmake:878 (cmake_policy):
  Compatibility with CMake < 3.10 will be removed from a future version of
  CMake.

  Update the VERSION argument <min> value.  Or, use the <min>...<max> syntax
  to tell CMake that the project requires at least <min> but has been updated
  to work with policies introduced by <max> or earlier.
Call Stack (most recent call first):
  C:/Dev/nauka praktyczna/Wyciąganie info z .ssc/vcpkg_installed/x64-windows/vcpkg/blds/taglib/x64-windows-rel/CMakeFiles/4.0.0-rc5/CMakeSystem.cmake:6 (include)
  C:/Dev/nauka praktyczna/Wyciąganie info z .ssc/vcpkg_installed/x64-windows/vcpkg/blds/taglib/x64-windows-rel/CMakeFiles/CMakeScratch/TryCompile-ntrxjb/CMakeLists.txt:8 (project)


-- Performing Test HAVE_ISO_STRDUP - Success
-- Found ZLIB: optimized;C:/Dev/nauka praktyczna/Wyciąganie info z .ssc/vcpkg_installed/x64-windows/x64-windows/lib/zlib.lib;debug;C:/Dev/nauka praktyczna/Wyciąganie info z .ssc/vcpkg_installed/x64-windows/x64-windows/debug/lib/zlibd.lib (found version "1.3.1")
-- Using utfcpp 4.0.4 from C:/Dev/nauka praktyczna/Wyciąganie info z .ssc/vcpkg_installed/x64-windows/x64-windows/share/utf8cpp/utf8cppConfig.cmake
-- Looking for __RTTI___ in Crun
CMake Deprecation Warning at C:/Program Files/Microsoft Visual Studio/2022/Community/VC/vcpkg/scripts/buildsystems/vcpkg.cmake:40 (cmake_policy):
  Compatibility with CMake < 3.10 will be removed from a future version of
  CMake.

  Update the VERSION argument <min> value.  Or, use the <min>...<max> syntax
  to tell CMake that the project requires at least <min> but has been updated
  to work with policies introduced by <max> or earlier.
Call Stack (most recent call first):
  C:/Dev/nauka praktyczna/Wyciąganie info z .ssc/vcpkg_installed/x64-windows/vcpkg/blds/taglib/x64-windows-rel/CMakeFiles/4.0.0-rc5/CMakeSystem.cmake:6 (include)
  C:/Dev/nauka praktyczna/Wyciąganie info z .ssc/vcpkg_installed/x64-windows/vcpkg/blds/taglib/x64-windows-rel/CMakeFiles/CMakeScratch/TryCompile-hg1iax/CMakeLists.txt:8 (project)


CMake Deprecation Warning at C:/Program Files/Microsoft Visual Studio/2022/Community/VC/vcpkg/scripts/buildsystems/vcpkg.cmake:878 (cmake_policy):
  Compatibility with CMake < 3.10 will be removed from a future version of
  CMake.

  Update the VERSION argument <min> value.  Or, use the <min>...<max> syntax
  to tell CMake that the project requires at least <min> but has been updated
  to work with policies introduced by <max> or earlier.
Call Stack (most recent call first):
  C:/Dev/nauka praktyczna/Wyciąganie info z .ssc/vcpkg_installed/x64-windows/vcpkg/blds/taglib/x64-windows-rel/CMakeFiles/4.0.0-rc5/CMakeSystem.cmake:6 (include)
  C:/Dev/nauka praktyczna/Wyciąganie info z .ssc/vcpkg_installed/x64-windows/vcpkg/blds/taglib/x64-windows-rel/CMakeFiles/CMakeScratch/TryCompile-hg1iax/CMakeLists.txt:8 (project)


-- Looking for __RTTI___ in Crun - not found
-- The following OPTIONAL packages have been found:

 * ZLIB

-- Configuring done (10.2s)
-- Generating done (0.3s)
CMake Warning:
  Manually-specified variables were not used by the project:

    FETCHCONTENT_FULLY_DISCONNECTED
    _VCPKG_ROOT_DIR


-- Build files have been written to: C:/Dev/nauka praktyczna/Wyciąganie info z .ssc/vcpkg_installed/x64-windows/vcpkg/blds/taglib/x64-windows-rel
[2/2] "C:/Program Files/CMake/bin/cmake.exe" -E chdir "../../x64-windows-dbg" "C:/Program Files/CMake/bin/cmake.exe" "C:/Dev/nauka praktyczna/Wyciąganie info z .ssc/vcpkg_installed/x64-windows/vcpkg/blds/taglib/src/v2.0-2fb6cacda4.clean" "-G" "Ninja" "-DCMAKE_BUILD_TYPE=Debug" "-DCMAKE_INSTALL_PREFIX=C:/Dev/nauka praktyczna/Wyciąganie info z .ssc/vcpkg_installed/x64-windows/vcpkg/pkgs/taglib_x64-windows/debug" "-DFETCHCONTENT_FULLY_DISCONNECTED=ON" "-DBUILD_TESTING=OFF" "-DBUILD_EXAMPLES=OFF" "-DCMAKE_MAKE_PROGRAM=C:/Program Files/Microsoft Visual Studio/2022/Community/Common7/IDE/CommonExtensions/Microsoft/CMake/Ninja/ninja.exe" "-DBUILD_SHARED_LIBS=ON" "-DVCPKG_CHAINLOAD_TOOLCHAIN_FILE=C:/Program Files/Microsoft Visual Studio/2022/Community/VC/vcpkg/scripts/toolchains/windows.cmake" "-DVCPKG_TARGET_TRIPLET=x64-windows" "-DVCPKG_SET_CHARSET_FLAG=ON" "-DVCPKG_PLATFORM_TOOLSET=v143" "-DCMAKE_EXPORT_NO_PACKAGE_REGISTRY=ON" "-DCMAKE_FIND_PACKAGE_NO_PACKAGE_REGISTRY=ON" "-DCMAKE_FIND_PACKAGE_NO_SYSTEM_PACKAGE_REGISTRY=ON" "-DCMAKE_INSTALL_SYSTEM_RUNTIME_LIBS_SKIP=TRUE" "-DCMAKE_VERBOSE_MAKEFILE=ON" "-DVCPKG_APPLOCAL_DEPS=OFF" "-DCMAKE_TOOLCHAIN_FILE=C:/Program Files/Microsoft Visual Studio/2022/Community/VC/vcpkg/scripts/buildsystems/vcpkg.cmake" "-DCMAKE_ERROR_ON_ABSOLUTE_INSTALL_DESTINATION=ON" "-DVCPKG_CXX_FLAGS=" "-DVCPKG_CXX_FLAGS_RELEASE=" "-DVCPKG_CXX_FLAGS_DEBUG=" "-DVCPKG_C_FLAGS=" "-DVCPKG_C_FLAGS_RELEASE=" "-DVCPKG_C_FLAGS_DEBUG=" "-DVCPKG_CRT_LINKAGE=dynamic" "-DVCPKG_LINKER_FLAGS=" "-DVCPKG_LINKER_FLAGS_RELEASE=" "-DVCPKG_LINKER_FLAGS_DEBUG=" "-DVCPKG_TARGET_ARCHITECTURE=x64" "-DCMAKE_INSTALL_LIBDIR:STRING=lib" "-DCMAKE_INSTALL_BINDIR:STRING=bin" "-D_VCPKG_ROOT_DIR=C:/Program Files/Microsoft Visual Studio/2022/Community/VC/vcpkg/" "-D_VCPKG_INSTALLED_DIR=C:/Dev/nauka praktyczna/Wyciąganie info z .ssc/vcpkg_installed/x64-windows/" "-DVCPKG_MANIFEST_INSTALL=OFF"
CMake Deprecation Warning at CMakeLists.txt:1 (cmake_minimum_required):
  Compatibility with CMake < 3.10 will be removed from a future version of
  CMake.

  Update the VERSION argument <min> value.  Or, use the <min>...<max> syntax
  to tell CMake that the project requires at least <min> but has been updated
  to work with policies introduced by <max> or earlier.


CMake Deprecation Warning at C:/Program Files/Microsoft Visual Studio/2022/Community/VC/vcpkg/scripts/buildsystems/vcpkg.cmake:40 (cmake_policy):
  Compatibility with CMake < 3.10 will be removed from a future version of
  CMake.

  Update the VERSION argument <min> value.  Or, use the <min>...<max> syntax
  to tell CMake that the project requires at least <min> but has been updated
  to work with policies introduced by <max> or earlier.
Call Stack (most recent call first):
  C:/Program Files/CMake/share/cmake-4.0/Modules/CMakeDetermineSystem.cmake:146 (include)
  CMakeLists.txt:3 (project)


CMake Deprecation Warning at C:/Program Files/Microsoft Visual Studio/2022/Community/VC/vcpkg/scripts/buildsystems/vcpkg.cmake:878 (cmake_policy):
  Compatibility with CMake < 3.10 will be removed from a future version of
  CMake.

  Update the VERSION argument <min> value.  Or, use the <min>...<max> syntax
  to tell CMake that the project requires at least <min> but has been updated
  to work with policies introduced by <max> or earlier.
Call Stack (most recent call first):
  C:/Program Files/CMake/share/cmake-4.0/Modules/CMakeDetermineSystem.cmake:146 (include)
  CMakeLists.txt:3 (project)


CMake Deprecation Warning at C:/Program Files/Microsoft Visual Studio/2022/Community/VC/vcpkg/scripts/buildsystems/vcpkg.cmake:40 (cmake_policy):
  Compatibility with CMake < 3.10 will be removed from a future version of
  CMake.

  Update the VERSION argument <min> value.  Or, use the <min>...<max> syntax
  to tell CMake that the project requires at least <min> but has been updated
  to work with policies introduced by <max> or earlier.
Call Stack (most recent call first):
  C:/Dev/nauka praktyczna/Wyciąganie info z .ssc/vcpkg_installed/x64-windows/vcpkg/blds/taglib/x64-windows-dbg/CMakeFiles/4.0.0-rc5/CMakeSystem.cmake:6 (include)
  CMakeLists.txt:3 (project)


-- The C compiler identification is MSVC 19.42.34435.0
-- The CXX compiler identification is MSVC 19.42.34435.0
-- Detecting C compiler ABI info
CMake Deprecation Warning at C:/Program Files/Microsoft Visual Studio/2022/Community/VC/vcpkg/scripts/buildsystems/vcpkg.cmake:40 (cmake_policy):
  Compatibility with CMake < 3.10 will be removed from a future version of
  CMake.

  Update the VERSION argument <min> value.  Or, use the <min>...<max> syntax
  to tell CMake that the project requires at least <min> but has been updated
  to work with policies introduced by <max> or earlier.
Call Stack (most recent call first):
  C:/Dev/nauka praktyczna/Wyciąganie info z .ssc/vcpkg_installed/x64-windows/vcpkg/blds/taglib/x64-windows-dbg/CMakeFiles/4.0.0-rc5/CMakeSystem.cmake:6 (include)
  C:/Dev/nauka praktyczna/Wyciąganie info z .ssc/vcpkg_installed/x64-windows/vcpkg/blds/taglib/x64-windows-dbg/CMakeFiles/CMakeScratch/TryCompile-44c88q/CMakeLists.txt:7 (project)


CMake Deprecation Warning at C:/Program Files/Microsoft Visual Studio/2022/Community/VC/vcpkg/scripts/buildsystems/vcpkg.cmake:878 (cmake_policy):
  Compatibility with CMake < 3.10 will be removed from a future version of
  CMake.

  Update the VERSION argument <min> value.  Or, use the <min>...<max> syntax
  to tell CMake that the project requires at least <min> but has been updated
  to work with policies introduced by <max> or earlier.
Call Stack (most recent call first):
  C:/Dev/nauka praktyczna/Wyciąganie info z .ssc/vcpkg_installed/x64-windows/vcpkg/blds/taglib/x64-windows-dbg/CMakeFiles/4.0.0-rc5/CMakeSystem.cmake:6 (include)
  C:/Dev/nauka praktyczna/Wyciąganie info z .ssc/vcpkg_installed/x64-windows/vcpkg/blds/taglib/x64-windows-dbg/CMakeFiles/CMakeScratch/TryCompile-44c88q/CMakeLists.txt:7 (project)


-- Detecting C compiler ABI info - done
-- Check for working C compiler: C:/Program Files/Microsoft Visual Studio/2022/Community/VC/Tools/MSVC/14.42.34433/bin/Hostx64/x64/cl.exe - skipped
-- Detecting C compile features
-- Detecting C compile features - done
-- Detecting CXX compiler ABI info
CMake Deprecation Warning at C:/Program Files/Microsoft Visual Studio/2022/Community/VC/vcpkg/scripts/buildsystems/vcpkg.cmake:40 (cmake_policy):
  Compatibility with CMake < 3.10 will be removed from a future version of
  CMake.

  Update the VERSION argument <min> value.  Or, use the <min>...<max> syntax
  to tell CMake that the project requires at least <min> but has been updated
  to work with policies introduced by <max> or earlier.
Call Stack (most recent call first):
  C:/Dev/nauka praktyczna/Wyciąganie info z .ssc/vcpkg_installed/x64-windows/vcpkg/blds/taglib/x64-windows-dbg/CMakeFiles/4.0.0-rc5/CMakeSystem.cmake:6 (include)
  C:/Dev/nauka praktyczna/Wyciąganie info z .ssc/vcpkg_installed/x64-windows/vcpkg/blds/taglib/x64-windows-dbg/CMakeFiles/CMakeScratch/TryCompile-7hq20a/CMakeLists.txt:7 (project)


CMake Deprecation Warning at C:/Program Files/Microsoft Visual Studio/2022/Community/VC/vcpkg/scripts/buildsystems/vcpkg.cmake:878 (cmake_policy):
  Compatibility with CMake < 3.10 will be removed from a future version of
  CMake.

  Update the VERSION argument <min> value.  Or, use the <min>...<max> syntax
  to tell CMake that the project requires at least <min> but has been updated
  to work with policies introduced by <max> or earlier.
Call Stack (most recent call first):
  C:/Dev/nauka praktyczna/Wyciąganie info z .ssc/vcpkg_installed/x64-windows/vcpkg/blds/taglib/x64-windows-dbg/CMakeFiles/4.0.0-rc5/CMakeSystem.cmake:6 (include)
  C:/Dev/nauka praktyczna/Wyciąganie info z .ssc/vcpkg_installed/x64-windows/vcpkg/blds/taglib/x64-windows-dbg/CMakeFiles/CMakeScratch/TryCompile-7hq20a/CMakeLists.txt:7 (project)


-- Detecting CXX compiler ABI info - done
-- Check for working CXX compiler: C:/Program Files/Microsoft Visual Studio/2022/Community/VC/Tools/MSVC/14.42.34433/bin/Hostx64/x64/cl.exe - skipped
-- Detecting CXX compile features
-- Detecting CXX compile features - done
-- Looking for sys/types.h
CMake Deprecation Warning at C:/Program Files/Microsoft Visual Studio/2022/Community/VC/vcpkg/scripts/buildsystems/vcpkg.cmake:40 (cmake_policy):
  Compatibility with CMake < 3.10 will be removed from a future version of
  CMake.

  Update the VERSION argument <min> value.  Or, use the <min>...<max> syntax
  to tell CMake that the project requires at least <min> but has been updated
  to work with policies introduced by <max> or earlier.
Call Stack (most recent call first):
  C:/Dev/nauka praktyczna/Wyciąganie info z .ssc/vcpkg_installed/x64-windows/vcpkg/blds/taglib/x64-windows-dbg/CMakeFiles/4.0.0-rc5/CMakeSystem.cmake:6 (include)
  C:/Dev/nauka praktyczna/Wyciąganie info z .ssc/vcpkg_installed/x64-windows/vcpkg/blds/taglib/x64-windows-dbg/CMakeFiles/CMakeScratch/TryCompile-ht1gqb/CMakeLists.txt:8 (project)


CMake Deprecation Warning at C:/Program Files/Microsoft Visual Studio/2022/Community/VC/vcpkg/scripts/buildsystems/vcpkg.cmake:878 (cmake_policy):
  Compatibility with CMake < 3.10 will be removed from a future version of
  CMake.

  Update the VERSION argument <min> value.  Or, use the <min>...<max> syntax
  to tell CMake that the project requires at least <min> but has been updated
  to work with policies introduced by <max> or earlier.
Call Stack (most recent call first):
  C:/Dev/nauka praktyczna/Wyciąganie info z .ssc/vcpkg_installed/x64-windows/vcpkg/blds/taglib/x64-windows-dbg/CMakeFiles/4.0.0-rc5/CMakeSystem.cmake:6 (include)
  C:/Dev/nauka praktyczna/Wyciąganie info z .ssc/vcpkg_installed/x64-windows/vcpkg/blds/taglib/x64-windows-dbg/CMakeFiles/CMakeScratch/TryCompile-ht1gqb/CMakeLists.txt:8 (project)


-- Looking for sys/types.h - found
-- Looking for stdint.h
CMake Deprecation Warning at C:/Program Files/Microsoft Visual Studio/2022/Community/VC/vcpkg/scripts/buildsystems/vcpkg.cmake:40 (cmake_policy):
  Compatibility with CMake < 3.10 will be removed from a future version of
  CMake.

  Update the VERSION argument <min> value.  Or, use the <min>...<max> syntax
  to tell CMake that the project requires at least <min> but has been updated
  to work with policies introduced by <max> or earlier.
Call Stack (most recent call first):
  C:/Dev/nauka praktyczna/Wyciąganie info z .ssc/vcpkg_installed/x64-windows/vcpkg/blds/taglib/x64-windows-dbg/CMakeFiles/4.0.0-rc5/CMakeSystem.cmake:6 (include)
  C:/Dev/nauka praktyczna/Wyciąganie info z .ssc/vcpkg_installed/x64-windows/vcpkg/blds/taglib/x64-windows-dbg/CMakeFiles/CMakeScratch/TryCompile-b4dczl/CMakeLists.txt:8 (project)


CMake Deprecation Warning at C:/Program Files/Microsoft Visual Studio/2022/Community/VC/vcpkg/scripts/buildsystems/vcpkg.cmake:878 (cmake_policy):
  Compatibility with CMake < 3.10 will be removed from a future version of
  CMake.

  Update the VERSION argument <min> value.  Or, use the <min>...<max> syntax
  to tell CMake that the project requires at least <min> but has been updated
  to work with policies introduced by <max> or earlier.
Call Stack (most recent call first):
  C:/Dev/nauka praktyczna/Wyciąganie info z .ssc/vcpkg_installed/x64-windows/vcpkg/blds/taglib/x64-windows-dbg/CMakeFiles/4.0.0-rc5/CMakeSystem.cmake:6 (include)
  C:/Dev/nauka praktyczna/Wyciąganie info z .ssc/vcpkg_installed/x64-windows/vcpkg/blds/taglib/x64-windows-dbg/CMakeFiles/CMakeScratch/TryCompile-b4dczl/CMakeLists.txt:8 (project)


-- Looking for stdint.h - found
-- Looking for stddef.h
CMake Deprecation Warning at C:/Program Files/Microsoft Visual Studio/2022/Community/VC/vcpkg/scripts/buildsystems/vcpkg.cmake:40 (cmake_policy):
  Compatibility with CMake < 3.10 will be removed from a future version of
  CMake.

  Update the VERSION argument <min> value.  Or, use the <min>...<max> syntax
  to tell CMake that the project requires at least <min> but has been updated
  to work with policies introduced by <max> or earlier.
Call Stack (most recent call first):
  C:/Dev/nauka praktyczna/Wyciąganie info z .ssc/vcpkg_installed/x64-windows/vcpkg/blds/taglib/x64-windows-dbg/CMakeFiles/4.0.0-rc5/CMakeSystem.cmake:6 (include)
  C:/Dev/nauka praktyczna/Wyciąganie info z .ssc/vcpkg_installed/x64-windows/vcpkg/blds/taglib/x64-windows-dbg/CMakeFiles/CMakeScratch/TryCompile-a96usy/CMakeLists.txt:8 (project)


CMake Deprecation Warning at C:/Program Files/Microsoft Visual Studio/2022/Community/VC/vcpkg/scripts/buildsystems/vcpkg.cmake:878 (cmake_policy):
  Compatibility with CMake < 3.10 will be removed from a future version of
  CMake.

  Update the VERSION argument <min> value.  Or, use the <min>...<max> syntax
  to tell CMake that the project requires at least <min> but has been updated
  to work with policies introduced by <max> or earlier.
Call Stack (most recent call first):
  C:/Dev/nauka praktyczna/Wyciąganie info z .ssc/vcpkg_installed/x64-windows/vcpkg/blds/taglib/x64-windows-dbg/CMakeFiles/4.0.0-rc5/CMakeSystem.cmake:6 (include)
  C:/Dev/nauka praktyczna/Wyciąganie info z .ssc/vcpkg_installed/x64-windows/vcpkg/blds/taglib/x64-windows-dbg/CMakeFiles/CMakeScratch/TryCompile-a96usy/CMakeLists.txt:8 (project)


-- Looking for stddef.h - found
-- Check size of short
CMake Deprecation Warning at C:/Program Files/Microsoft Visual Studio/2022/Community/VC/vcpkg/scripts/buildsystems/vcpkg.cmake:40 (cmake_policy):
  Compatibility with CMake < 3.10 will be removed from a future version of
  CMake.

  Update the VERSION argument <min> value.  Or, use the <min>...<max> syntax
  to tell CMake that the project requires at least <min> but has been updated
  to work with policies introduced by <max> or earlier.
Call Stack (most recent call first):
  C:/Dev/nauka praktyczna/Wyciąganie info z .ssc/vcpkg_installed/x64-windows/vcpkg/blds/taglib/x64-windows-dbg/CMakeFiles/4.0.0-rc5/CMakeSystem.cmake:6 (include)
  C:/Dev/nauka praktyczna/Wyciąganie info z .ssc/vcpkg_installed/x64-windows/vcpkg/blds/taglib/x64-windows-dbg/CMakeFiles/CMakeScratch/TryCompile-ml1scj/CMakeLists.txt:8 (project)


CMake Deprecation Warning at C:/Program Files/Microsoft Visual Studio/2022/Community/VC/vcpkg/scripts/buildsystems/vcpkg.cmake:878 (cmake_policy):
  Compatibility with CMake < 3.10 will be removed from a future version of
  CMake.

  Update the VERSION argument <min> value.  Or, use the <min>...<max> syntax
  to tell CMake that the project requires at least <min> but has been updated
  to work with policies introduced by <max> or earlier.
Call Stack (most recent call first):
  C:/Dev/nauka praktyczna/Wyciąganie info z .ssc/vcpkg_installed/x64-windows/vcpkg/blds/taglib/x64-windows-dbg/CMakeFiles/4.0.0-rc5/CMakeSystem.cmake:6 (include)
  C:/Dev/nauka praktyczna/Wyciąganie info z .ssc/vcpkg_installed/x64-windows/vcpkg/blds/taglib/x64-windows-dbg/CMakeFiles/CMakeScratch/TryCompile-ml1scj/CMakeLists.txt:8 (project)


-- Check size of short - done
-- Check size of int
CMake Deprecation Warning at C:/Program Files/Microsoft Visual Studio/2022/Community/VC/vcpkg/scripts/buildsystems/vcpkg.cmake:40 (cmake_policy):
  Compatibility with CMake < 3.10 will be removed from a future version of
  CMake.

  Update the VERSION argument <min> value.  Or, use the <min>...<max> syntax
  to tell CMake that the project requires at least <min> but has been updated
  to work with policies introduced by <max> or earlier.
Call Stack (most recent call first):
  C:/Dev/nauka praktyczna/Wyciąganie info z .ssc/vcpkg_installed/x64-windows/vcpkg/blds/taglib/x64-windows-dbg/CMakeFiles/4.0.0-rc5/CMakeSystem.cmake:6 (include)
  C:/Dev/nauka praktyczna/Wyciąganie info z .ssc/vcpkg_installed/x64-windows/vcpkg/blds/taglib/x64-windows-dbg/CMakeFiles/CMakeScratch/TryCompile-ld5v1b/CMakeLists.txt:8 (project)


CMake Deprecation Warning at C:/Program Files/Microsoft Visual Studio/2022/Community/VC/vcpkg/scripts/buildsystems/vcpkg.cmake:878 (cmake_policy):
  Compatibility with CMake < 3.10 will be removed from a future version of
  CMake.

  Update the VERSION argument <min> value.  Or, use the <min>...<max> syntax
  to tell CMake that the project requires at least <min> but has been updated
  to work with policies introduced by <max> or earlier.
Call Stack (most recent call first):
  C:/Dev/nauka praktyczna/Wyciąganie info z .ssc/vcpkg_installed/x64-windows/vcpkg/blds/taglib/x64-windows-dbg/CMakeFiles/4.0.0-rc5/CMakeSystem.cmake:6 (include)
  C:/Dev/nauka praktyczna/Wyciąganie info z .ssc/vcpkg_installed/x64-windows/vcpkg/blds/taglib/x64-windows-dbg/CMakeFiles/CMakeScratch/TryCompile-ld5v1b/CMakeLists.txt:8 (project)


-- Check size of int - done
-- Check size of long long
CMake Deprecation Warning at C:/Program Files/Microsoft Visual Studio/2022/Community/VC/vcpkg/scripts/buildsystems/vcpkg.cmake:40 (cmake_policy):
  Compatibility with CMake < 3.10 will be removed from a future version of
  CMake.

  Update the VERSION argument <min> value.  Or, use the <min>...<max> syntax
  to tell CMake that the project requires at least <min> but has been updated
  to work with policies introduced by <max> or earlier.
Call Stack (most recent call first):
  C:/Dev/nauka praktyczna/Wyciąganie info z .ssc/vcpkg_installed/x64-windows/vcpkg/blds/taglib/x64-windows-dbg/CMakeFiles/4.0.0-rc5/CMakeSystem.cmake:6 (include)
  C:/Dev/nauka praktyczna/Wyciąganie info z .ssc/vcpkg_installed/x64-windows/vcpkg/blds/taglib/x64-windows-dbg/CMakeFiles/CMakeScratch/TryCompile-4uzi34/CMakeLists.txt:8 (project)


CMake Deprecation Warning at C:/Program Files/Microsoft Visual Studio/2022/Community/VC/vcpkg/scripts/buildsystems/vcpkg.cmake:878 (cmake_policy):
  Compatibility with CMake < 3.10 will be removed from a future version of
  CMake.

  Update the VERSION argument <min> value.  Or, use the <min>...<max> syntax
  to tell CMake that the project requires at least <min> but has been updated
  to work with policies introduced by <max> or earlier.
Call Stack (most recent call first):
  C:/Dev/nauka praktyczna/Wyciąganie info z .ssc/vcpkg_installed/x64-windows/vcpkg/blds/taglib/x64-windows-dbg/CMakeFiles/4.0.0-rc5/CMakeSystem.cmake:6 (include)
  C:/Dev/nauka praktyczna/Wyciąganie info z .ssc/vcpkg_installed/x64-windows/vcpkg/blds/taglib/x64-windows-dbg/CMakeFiles/CMakeScratch/TryCompile-4uzi34/CMakeLists.txt:8 (project)


-- Check size of long long - done
-- Check size of wchar_t
CMake Deprecation Warning at C:/Program Files/Microsoft Visual Studio/2022/Community/VC/vcpkg/scripts/buildsystems/vcpkg.cmake:40 (cmake_policy):
  Compatibility with CMake < 3.10 will be removed from a future version of
  CMake.

  Update the VERSION argument <min> value.  Or, use the <min>...<max> syntax
  to tell CMake that the project requires at least <min> but has been updated
  to work with policies introduced by <max> or earlier.
Call Stack (most recent call first):
  C:/Dev/nauka praktyczna/Wyciąganie info z .ssc/vcpkg_installed/x64-windows/vcpkg/blds/taglib/x64-windows-dbg/CMakeFiles/4.0.0-rc5/CMakeSystem.cmake:6 (include)
  C:/Dev/nauka praktyczna/Wyciąganie info z .ssc/vcpkg_installed/x64-windows/vcpkg/blds/taglib/x64-windows-dbg/CMakeFiles/CMakeScratch/TryCompile-z6cav7/CMakeLists.txt:8 (project)


CMake Deprecation Warning at C:/Program Files/Microsoft Visual Studio/2022/Community/VC/vcpkg/scripts/buildsystems/vcpkg.cmake:878 (cmake_policy):
  Compatibility with CMake < 3.10 will be removed from a future version of
  CMake.

  Update the VERSION argument <min> value.  Or, use the <min>...<max> syntax
  to tell CMake that the project requires at least <min> but has been updated
  to work with policies introduced by <max> or earlier.
Call Stack (most recent call first):
  C:/Dev/nauka praktyczna/Wyciąganie info z .ssc/vcpkg_installed/x64-windows/vcpkg/blds/taglib/x64-windows-dbg/CMakeFiles/4.0.0-rc5/CMakeSystem.cmake:6 (include)
  C:/Dev/nauka praktyczna/Wyciąganie info z .ssc/vcpkg_installed/x64-windows/vcpkg/blds/taglib/x64-windows-dbg/CMakeFiles/CMakeScratch/TryCompile-z6cav7/CMakeLists.txt:8 (project)


-- Check size of wchar_t - done
-- Check size of float
CMake Deprecation Warning at C:/Program Files/Microsoft Visual Studio/2022/Community/VC/vcpkg/scripts/buildsystems/vcpkg.cmake:40 (cmake_policy):
  Compatibility with CMake < 3.10 will be removed from a future version of
  CMake.

  Update the VERSION argument <min> value.  Or, use the <min>...<max> syntax
  to tell CMake that the project requires at least <min> but has been updated
  to work with policies introduced by <max> or earlier.
Call Stack (most recent call first):
  C:/Dev/nauka praktyczna/Wyciąganie info z .ssc/vcpkg_installed/x64-windows/vcpkg/blds/taglib/x64-windows-dbg/CMakeFiles/4.0.0-rc5/CMakeSystem.cmake:6 (include)
  C:/Dev/nauka praktyczna/Wyciąganie info z .ssc/vcpkg_installed/x64-windows/vcpkg/blds/taglib/x64-windows-dbg/CMakeFiles/CMakeScratch/TryCompile-hkfvk0/CMakeLists.txt:8 (project)


CMake Deprecation Warning at C:/Program Files/Microsoft Visual Studio/2022/Community/VC/vcpkg/scripts/buildsystems/vcpkg.cmake:878 (cmake_policy):
  Compatibility with CMake < 3.10 will be removed from a future version of
  CMake.

  Update the VERSION argument <min> value.  Or, use the <min>...<max> syntax
  to tell CMake that the project requires at least <min> but has been updated
  to work with policies introduced by <max> or earlier.
Call Stack (most recent call first):
  C:/Dev/nauka praktyczna/Wyciąganie info z .ssc/vcpkg_installed/x64-windows/vcpkg/blds/taglib/x64-windows-dbg/CMakeFiles/4.0.0-rc5/CMakeSystem.cmake:6 (include)
  C:/Dev/nauka praktyczna/Wyciąganie info z .ssc/vcpkg_installed/x64-windows/vcpkg/blds/taglib/x64-windows-dbg/CMakeFiles/CMakeScratch/TryCompile-hkfvk0/CMakeLists.txt:8 (project)


-- Check size of float - done
-- Check size of double
CMake Deprecation Warning at C:/Program Files/Microsoft Visual Studio/2022/Community/VC/vcpkg/scripts/buildsystems/vcpkg.cmake:40 (cmake_policy):
  Compatibility with CMake < 3.10 will be removed from a future version of
  CMake.

  Update the VERSION argument <min> value.  Or, use the <min>...<max> syntax
  to tell CMake that the project requires at least <min> but has been updated
  to work with policies introduced by <max> or earlier.
Call Stack (most recent call first):
  C:/Dev/nauka praktyczna/Wyciąganie info z .ssc/vcpkg_installed/x64-windows/vcpkg/blds/taglib/x64-windows-dbg/CMakeFiles/4.0.0-rc5/CMakeSystem.cmake:6 (include)
  C:/Dev/nauka praktyczna/Wyciąganie info z .ssc/vcpkg_installed/x64-windows/vcpkg/blds/taglib/x64-windows-dbg/CMakeFiles/CMakeScratch/TryCompile-m7o9cm/CMakeLists.txt:8 (project)


CMake Deprecation Warning at C:/Program Files/Microsoft Visual Studio/2022/Community/VC/vcpkg/scripts/buildsystems/vcpkg.cmake:878 (cmake_policy):
  Compatibility with CMake < 3.10 will be removed from a future version of
  CMake.

  Update the VERSION argument <min> value.  Or, use the <min>...<max> syntax
  to tell CMake that the project requires at least <min> but has been updated
  to work with policies introduced by <max> or earlier.
Call Stack (most recent call first):
  C:/Dev/nauka praktyczna/Wyciąganie info z .ssc/vcpkg_installed/x64-windows/vcpkg/blds/taglib/x64-windows-dbg/CMakeFiles/4.0.0-rc5/CMakeSystem.cmake:6 (include)
  C:/Dev/nauka praktyczna/Wyciąganie info z .ssc/vcpkg_installed/x64-windows/vcpkg/blds/taglib/x64-windows-dbg/CMakeFiles/CMakeScratch/TryCompile-m7o9cm/CMakeLists.txt:8 (project)


-- Check size of double - done
-- Performing Test HAVE_GCC_BYTESWAP
CMake Deprecation Warning at C:/Program Files/Microsoft Visual Studio/2022/Community/VC/vcpkg/scripts/buildsystems/vcpkg.cmake:40 (cmake_policy):
  Compatibility with CMake < 3.10 will be removed from a future version of
  CMake.

  Update the VERSION argument <min> value.  Or, use the <min>...<max> syntax
  to tell CMake that the project requires at least <min> but has been updated
  to work with policies introduced by <max> or earlier.
Call Stack (most recent call first):
  C:/Dev/nauka praktyczna/Wyciąganie info z .ssc/vcpkg_installed/x64-windows/vcpkg/blds/taglib/x64-windows-dbg/CMakeFiles/4.0.0-rc5/CMakeSystem.cmake:6 (include)
  C:/Dev/nauka praktyczna/Wyciąganie info z .ssc/vcpkg_installed/x64-windows/vcpkg/blds/taglib/x64-windows-dbg/CMakeFiles/CMakeScratch/TryCompile-2yu498/CMakeLists.txt:8 (project)


CMake Deprecation Warning at C:/Program Files/Microsoft Visual Studio/2022/Community/VC/vcpkg/scripts/buildsystems/vcpkg.cmake:878 (cmake_policy):
  Compatibility with CMake < 3.10 will be removed from a future version of
  CMake.

  Update the VERSION argument <min> value.  Or, use the <min>...<max> syntax
  to tell CMake that the project requires at least <min> but has been updated
  to work with policies introduced by <max> or earlier.
Call Stack (most recent call first):
  C:/Dev/nauka praktyczna/Wyciąganie info z .ssc/vcpkg_installed/x64-windows/vcpkg/blds/taglib/x64-windows-dbg/CMakeFiles/4.0.0-rc5/CMakeSystem.cmake:6 (include)
  C:/Dev/nauka praktyczna/Wyciąganie info z .ssc/vcpkg_installed/x64-windows/vcpkg/blds/taglib/x64-windows-dbg/CMakeFiles/CMakeScratch/TryCompile-2yu498/CMakeLists.txt:8 (project)


-- Performing Test HAVE_GCC_BYTESWAP - Failed
-- Performing Test HAVE_GLIBC_BYTESWAP
CMake Deprecation Warning at C:/Program Files/Microsoft Visual Studio/2022/Community/VC/vcpkg/scripts/buildsystems/vcpkg.cmake:40 (cmake_policy):
  Compatibility with CMake < 3.10 will be removed from a future version of
  CMake.

  Update the VERSION argument <min> value.  Or, use the <min>...<max> syntax
  to tell CMake that the project requires at least <min> but has been updated
  to work with policies introduced by <max> or earlier.
Call Stack (most recent call first):
  C:/Dev/nauka praktyczna/Wyciąganie info z .ssc/vcpkg_installed/x64-windows/vcpkg/blds/taglib/x64-windows-dbg/CMakeFiles/4.0.0-rc5/CMakeSystem.cmake:6 (include)
  C:/Dev/nauka praktyczna/Wyciąganie info z .ssc/vcpkg_installed/x64-windows/vcpkg/blds/taglib/x64-windows-dbg/CMakeFiles/CMakeScratch/TryCompile-m9etw5/CMakeLists.txt:8 (project)


CMake Deprecation Warning at C:/Program Files/Microsoft Visual Studio/2022/Community/VC/vcpkg/scripts/buildsystems/vcpkg.cmake:878 (cmake_policy):
  Compatibility with CMake < 3.10 will be removed from a future version of
  CMake.

  Update the VERSION argument <min> value.  Or, use the <min>...<max> syntax
  to tell CMake that the project requires at least <min> but has been updated
  to work with policies introduced by <max> or earlier.
Call Stack (most recent call first):
  C:/Dev/nauka praktyczna/Wyciąganie info z .ssc/vcpkg_installed/x64-windows/vcpkg/blds/taglib/x64-windows-dbg/CMakeFiles/4.0.0-rc5/CMakeSystem.cmake:6 (include)
  C:/Dev/nauka praktyczna/Wyciąganie info z .ssc/vcpkg_installed/x64-windows/vcpkg/blds/taglib/x64-windows-dbg/CMakeFiles/CMakeScratch/TryCompile-m9etw5/CMakeLists.txt:8 (project)


-- Performing Test HAVE_GLIBC_BYTESWAP - Failed
-- Performing Test HAVE_MSC_BYTESWAP
CMake Deprecation Warning at C:/Program Files/Microsoft Visual Studio/2022/Community/VC/vcpkg/scripts/buildsystems/vcpkg.cmake:40 (cmake_policy):
  Compatibility with CMake < 3.10 will be removed from a future version of
  CMake.

  Update the VERSION argument <min> value.  Or, use the <min>...<max> syntax
  to tell CMake that the project requires at least <min> but has been updated
  to work with policies introduced by <max> or earlier.
Call Stack (most recent call first):
  C:/Dev/nauka praktyczna/Wyciąganie info z .ssc/vcpkg_installed/x64-windows/vcpkg/blds/taglib/x64-windows-dbg/CMakeFiles/4.0.0-rc5/CMakeSystem.cmake:6 (include)
  C:/Dev/nauka praktyczna/Wyciąganie info z .ssc/vcpkg_installed/x64-windows/vcpkg/blds/taglib/x64-windows-dbg/CMakeFiles/CMakeScratch/TryCompile-5kivj2/CMakeLists.txt:8 (project)


CMake Deprecation Warning at C:/Program Files/Microsoft Visual Studio/2022/Community/VC/vcpkg/scripts/buildsystems/vcpkg.cmake:878 (cmake_policy):
  Compatibility with CMake < 3.10 will be removed from a future version of
  CMake.

  Update the VERSION argument <min> value.  Or, use the <min>...<max> syntax
  to tell CMake that the project requires at least <min> but has been updated
  to work with policies introduced by <max> or earlier.
Call Stack (most recent call first):
  C:/Dev/nauka praktyczna/Wyciąganie info z .ssc/vcpkg_installed/x64-windows/vcpkg/blds/taglib/x64-windows-dbg/CMakeFiles/4.0.0-rc5/CMakeSystem.cmake:6 (include)
  C:/Dev/nauka praktyczna/Wyciąganie info z .ssc/vcpkg_installed/x64-windows/vcpkg/blds/taglib/x64-windows-dbg/CMakeFiles/CMakeScratch/TryCompile-5kivj2/CMakeLists.txt:8 (project)


-- Performing Test HAVE_MSC_BYTESWAP - Success
-- Performing Test HAVE_ISO_STRDUP
CMake Deprecation Warning at C:/Program Files/Microsoft Visual Studio/2022/Community/VC/vcpkg/scripts/buildsystems/vcpkg.cmake:40 (cmake_policy):
  Compatibility with CMake < 3.10 will be removed from a future version of
  CMake.

  Update the VERSION argument <min> value.  Or, use the <min>...<max> syntax
  to tell CMake that the project requires at least <min> but has been updated
  to work with policies introduced by <max> or earlier.
Call Stack (most recent call first):
  C:/Dev/nauka praktyczna/Wyciąganie info z .ssc/vcpkg_installed/x64-windows/vcpkg/blds/taglib/x64-windows-dbg/CMakeFiles/4.0.0-rc5/CMakeSystem.cmake:6 (include)
  C:/Dev/nauka praktyczna/Wyciąganie info z .ssc/vcpkg_installed/x64-windows/vcpkg/blds/taglib/x64-windows-dbg/CMakeFiles/CMakeScratch/TryCompile-fsjqjx/CMakeLists.txt:8 (project)


CMake Deprecation Warning at C:/Program Files/Microsoft Visual Studio/2022/Community/VC/vcpkg/scripts/buildsystems/vcpkg.cmake:878 (cmake_policy):
  Compatibility with CMake < 3.10 will be removed from a future version of
  CMake.

  Update the VERSION argument <min> value.  Or, use the <min>...<max> syntax
  to tell CMake that the project requires at least <min> but has been updated
  to work with policies introduced by <max> or earlier.
Call Stack (most recent call first):
  C:/Dev/nauka praktyczna/Wyciąganie info z .ssc/vcpkg_installed/x64-windows/vcpkg/blds/taglib/x64-windows-dbg/CMakeFiles/4.0.0-rc5/CMakeSystem.cmake:6 (include)
  C:/Dev/nauka praktyczna/Wyciąganie info z .ssc/vcpkg_installed/x64-windows/vcpkg/blds/taglib/x64-windows-dbg/CMakeFiles/CMakeScratch/TryCompile-fsjqjx/CMakeLists.txt:8 (project)


-- Performing Test HAVE_ISO_STRDUP - Success
-- Found ZLIB: optimized;C:/Dev/nauka praktyczna/Wyciąganie info z .ssc/vcpkg_installed/x64-windows/x64-windows/lib/zlib.lib;debug;C:/Dev/nauka praktyczna/Wyciąganie info z .ssc/vcpkg_installed/x64-windows/x64-windows/debug/lib/zlibd.lib (found version "1.3.1")
-- Using utfcpp 4.0.4 from C:/Dev/nauka praktyczna/Wyciąganie info z .ssc/vcpkg_installed/x64-windows/x64-windows/share/utf8cpp/utf8cppConfig.cmake
-- Looking for __RTTI___ in Crun
CMake Deprecation Warning at C:/Program Files/Microsoft Visual Studio/2022/Community/VC/vcpkg/scripts/buildsystems/vcpkg.cmake:40 (cmake_policy):
  Compatibility with CMake < 3.10 will be removed from a future version of
  CMake.

  Update the VERSION argument <min> value.  Or, use the <min>...<max> syntax
  to tell CMake that the project requires at least <min> but has been updated
  to work with policies introduced by <max> or earlier.
Call Stack (most recent call first):
  C:/Dev/nauka praktyczna/Wyciąganie info z .ssc/vcpkg_installed/x64-windows/vcpkg/blds/taglib/x64-windows-dbg/CMakeFiles/4.0.0-rc5/CMakeSystem.cmake:6 (include)
  C:/Dev/nauka praktyczna/Wyciąganie info z .ssc/vcpkg_installed/x64-windows/vcpkg/blds/taglib/x64-windows-dbg/CMakeFiles/CMakeScratch/TryCompile-84o01x/CMakeLists.txt:8 (project)


CMake Deprecation Warning at C:/Program Files/Microsoft Visual Studio/2022/Community/VC/vcpkg/scripts/buildsystems/vcpkg.cmake:878 (cmake_policy):
  Compatibility with CMake < 3.10 will be removed from a future version of
  CMake.

  Update the VERSION argument <min> value.  Or, use the <min>...<max> syntax
  to tell CMake that the project requires at least <min> but has been updated
  to work with policies introduced by <max> or earlier.
Call Stack (most recent call first):
  C:/Dev/nauka praktyczna/Wyciąganie info z .ssc/vcpkg_installed/x64-windows/vcpkg/blds/taglib/x64-windows-dbg/CMakeFiles/4.0.0-rc5/CMakeSystem.cmake:6 (include)
  C:/Dev/nauka praktyczna/Wyciąganie info z .ssc/vcpkg_installed/x64-windows/vcpkg/blds/taglib/x64-windows-dbg/CMakeFiles/CMakeScratch/TryCompile-84o01x/CMakeLists.txt:8 (project)


-- Looking for __RTTI___ in Crun - not found
-- The following OPTIONAL packages have been found:

 * ZLIB

-- Configuring done (10.2s)
-- Generating done (0.3s)
CMake Warning:
  Manually-specified variables were not used by the project:

    FETCHCONTENT_FULLY_DISCONNECTED
    _VCPKG_ROOT_DIR


-- Build files have been written to: C:/Dev/nauka praktyczna/Wyciąganie info z .ssc/vcpkg_installed/x64-windows/vcpkg/blds/taglib/x64-windows-dbg
